{"numFailedTestSuites":0,"numFailedTests":0,"numPassedTestSuites":144,"numPassedTests":1019,"numPendingTestSuites":1,"numPendingTests":9,"numRuntimeErrorTestSuites":0,"numTotalTestSuites":145,"numTotalTests":1028,"openHandles":[],"snapshot":{"added":0,"didUpdate":false,"failure":false,"filesAdded":0,"filesRemoved":0,"filesUnmatched":0,"filesUpdated":0,"matched":10,"total":10,"unchecked":0,"uncheckedKeysByFile":[],"unmatched":0,"updated":0},"startTime":1564055577713,"success":true,"testResults":[{"assertionResults":[{"ancestorTitles":["Тесты ModalPage"],"failureMessages":[],"fullName":"Тесты ModalPage CoverSpinner не должен рендериться, если metadata не пуста","location":null,"status":"passed","title":"CoverSpinner не должен рендериться, если metadata не пуста"}],"endTime":1564055584081,"message":"","name":"/home/abelov/IdeaProjects/open/n2o-framework/frontend/n2o/src/components/core/ModalPage.test.js","startTime":1564055579918,"status":"passed","summary":""},{"assertionResults":[{"ancestorTitles":["FormContainer","Проверка прокидвания пропсов withWidgetContainer"],"failureMessages":[],"fullName":"FormContainer Проверка прокидвания пропсов withWidgetContainer Проверка создания","location":null,"status":"passed","title":"Проверка создания"},{"ancestorTitles":["FormContainer","Проверка прокидвания пропсов withWidgetContainer"],"failureMessages":[],"fullName":"FormContainer Проверка прокидвания пропсов withWidgetContainer Проверка прокидывания props","location":null,"status":"passed","title":"Проверка прокидывания props"},{"ancestorTitles":["FormContainer","Проверка withLiveCycleMethods"],"failureMessages":[],"fullName":"FormContainer Проверка withLiveCycleMethods Создание компонента","location":null,"status":"passed","title":"Создание компонента"},{"ancestorTitles":["FormContainer","Проверка withLiveCycleMethods"],"failureMessages":[],"fullName":"FormContainer Проверка withLiveCycleMethods Вызов setDefaultValues с активной моделью","location":null,"status":"passed","title":"Вызов setDefaultValues с активной моделью"},{"ancestorTitles":["FormContainer","Проверка withLiveCycleMethods"],"failureMessages":[],"fullName":"FormContainer Проверка withLiveCycleMethods Вызов setDefaultValues с null при изменении datasource","location":null,"status":"passed","title":"Вызов setDefaultValues с null при изменении datasource"},{"ancestorTitles":["FormContainer","Проверка withPropsOnChangeWidget"],"failureMessages":[],"fullName":"FormContainer Проверка withPropsOnChangeWidget Создание компонента","location":null,"status":"passed","title":"Создание компонента"},{"ancestorTitles":["FormContainer","Проверка withPropsOnChangeWidget"],"failureMessages":[],"fullName":"FormContainer Проверка withPropsOnChangeWidget Прокидывание initialValues при изменении isEnabled","location":null,"status":"passed","title":"Прокидывание initialValues при изменении isEnabled"},{"ancestorTitles":["FormContainer","Проверка withPropsOnChangeWidget"],"failureMessages":[],"fullName":"FormContainer Проверка withPropsOnChangeWidget Прокидывание initialValues при изменении defaultValues и isEnabled=true","location":null,"status":"passed","title":"Прокидывание initialValues при изменении defaultValues и isEnabled=true"},{"ancestorTitles":["FormContainer","Проверка withPropsOnChangeWidget"],"failureMessages":[],"fullName":"FormContainer Проверка withPropsOnChangeWidget Прокидывание initialValues при изменении isEnabled, если нет defaultValues","location":null,"status":"passed","title":"Прокидывание initialValues при изменении isEnabled, если нет defaultValues"},{"ancestorTitles":["FormContainer","Проверка withWidgetHandlers"],"failureMessages":[],"fullName":"FormContainer Проверка withWidgetHandlers проверка onChange метода. Вызов onResolve если пришел initialValues","location":null,"status":"passed","title":"проверка onChange метода. Вызов onResolve если пришел initialValues"},{"ancestorTitles":["FormContainer","Проверка withWidgetHandlers"],"failureMessages":[],"fullName":"FormContainer Проверка withWidgetHandlers onResolve нет values и modelPrefix","location":null,"status":"passed","title":"onResolve нет values и modelPrefix"},{"ancestorTitles":["FormContainer","Проверка withWidgetHandlers"],"failureMessages":[],"fullName":"FormContainer Проверка withWidgetHandlers onSetModel если reduxFormValues и prevValue не совпадают","location":null,"status":"passed","title":"onSetModel если reduxFormValues и prevValue не совпадают"},{"ancestorTitles":["FormContainer"],"failureMessages":[],"fullName":"FormContainer Проверка compose","location":null,"status":"passed","title":"Проверка compose"},{"ancestorTitles":["FormContainer"],"failureMessages":[],"fullName":"FormContainer Проверка prompt","location":null,"status":"passed","title":"Проверка prompt"}],"endTime":1564055585339,"message":"","name":"/home/abelov/IdeaProjects/open/n2o-framework/frontend/n2o/src/components/widgets/Form/FormContainer.test.js","startTime":1564055579954,"status":"passed","summary":""},{"assertionResults":[{"ancestorTitles":["<PanelRegion />"],"failureMessages":[],"fullName":"<PanelRegion /> проверяет создание панели","location":null,"status":"passed","title":"проверяет создание панели"},{"ancestorTitles":["<PanelRegion />"],"failureMessages":[],"fullName":"<PanelRegion /> проверяет стиль панели","location":null,"status":"passed","title":"проверяет стиль панели"},{"ancestorTitles":["<PanelRegion />"],"failureMessages":[],"fullName":"<PanelRegion /> проверяет скрытие футера","location":null,"status":"passed","title":"проверяет скрытие футера"},{"ancestorTitles":["<PanelRegion />"],"failureMessages":[],"fullName":"<PanelRegion /> проверяет возможность скрытия","location":null,"status":"passed","title":"проверяет возможность скрытия"},{"ancestorTitles":["<PanelRegion />"],"failureMessages":[],"fullName":"<PanelRegion /> проверяет раскрытие панели","location":null,"status":"passed","title":"проверяет раскрытие панели"},{"ancestorTitles":["<PanelRegion />"],"failureMessages":[],"fullName":"<PanelRegion /> проверяет создание иконки","location":null,"status":"passed","title":"проверяет создание иконки"},{"ancestorTitles":["<PanelRegion />"],"failureMessages":[],"fullName":"<PanelRegion /> проверяет наличие табов","location":null,"status":"passed","title":"проверяет наличие табов"},{"ancestorTitles":["<PanelRegion />"],"failureMessages":[],"fullName":"<PanelRegion /> проверяет возможность открывать на весь экран","location":null,"status":"passed","title":"проверяет возможность открывать на весь экран"},{"ancestorTitles":["<PanelRegion />"],"failureMessages":[],"fullName":"<PanelRegion /> проверяет работу открытия на весь экран","location":null,"status":"passed","title":"проверяет работу открытия на весь экран"},{"ancestorTitles":["<PanelRegion />"],"failureMessages":[],"fullName":"<PanelRegion /> проверяет работу фабрики через создание таблицы","location":null,"status":"passed","title":"проверяет работу фабрики через создание таблицы"}],"endTime":1564055585363,"message":"","name":"/home/abelov/IdeaProjects/open/n2o-framework/frontend/n2o/src/components/regions/Panel/PanelRegion.test.js","startTime":1564055580054,"status":"passed","summary":""},{"assertionResults":[{"ancestorTitles":["Тесты hasSelect и hasFocus"],"failureMessages":[],"fullName":"Тесты hasSelect и hasFocus проверяет вызов обработчика клика на TableRow","location":null,"status":"passed","title":"проверяет вызов обработчика клика на TableRow"},{"ancestorTitles":["Тесты hasSelect и hasFocus"],"failureMessages":[],"fullName":"Тесты hasSelect и hasFocus проверяет вызывается ли функция установки нового индекса фокуса в state","location":null,"status":"passed","title":"проверяет вызывается ли функция установки нового индекса фокуса в state"},{"ancestorTitles":["Тесты hasSelect и hasFocus"],"failureMessages":[],"fullName":"Тесты hasSelect и hasFocus проверяет правильно ли устанавливается значение инфдекса фокуса в state","location":null,"status":"passed","title":"проверяет правильно ли устанавливается значение инфдекса фокуса в state"},{"ancestorTitles":["Тесты hasSelect и hasFocus"],"failureMessages":[],"fullName":"Тесты hasSelect и hasFocus проверяет вызывается ли функция установки нового индекса селекта в state","location":null,"status":"passed","title":"проверяет вызывается ли функция установки нового индекса селекта в state"},{"ancestorTitles":["Тесты hasSelect и hasFocus"],"failureMessages":[],"fullName":"Тесты hasSelect и hasFocus проверяет правильно ли устанавливается значение инфдекса селекта в state","location":null,"status":"passed","title":"проверяет правильно ли устанавливается значение инфдекса селекта в state"},{"ancestorTitles":["Тесты hasSelect и hasFocus"],"failureMessages":[],"fullName":"Тесты hasSelect и hasFocus проверяет правильно ли устанавливается значение индекса селекта при рендере","location":null,"status":"passed","title":"проверяет правильно ли устанавливается значение индекса селекта при рендере"},{"ancestorTitles":["Тесты hasSelect и hasFocus"],"failureMessages":[],"fullName":"Тесты hasSelect и hasFocus проверяет вызывается ли функция установки новых индексов селекта и фокуса в state","location":null,"status":"passed","title":"проверяет вызывается ли функция установки новых индексов селекта и фокуса в state"},{"ancestorTitles":["Тесты hasSelect и hasFocus"],"failureMessages":[],"fullName":"Тесты hasSelect и hasFocus проверяет правильно ли устанавливается значение инфдексов фокуса и селекта в state","location":null,"status":"passed","title":"проверяет правильно ли устанавливается значение инфдексов фокуса и селекта в state"},{"ancestorTitles":["Тесты hasSelect и hasFocus"],"failureMessages":[],"fullName":"Тесты hasSelect и hasFocus проверяет, что при клике TableRow  находится в фокусе при hasFocus","location":null,"status":"passed","title":"проверяет, что при клике TableRow  находится в фокусе при hasFocus"},{"ancestorTitles":["Тесты hasSelect и hasFocus"],"failureMessages":[],"fullName":"Тесты hasSelect и hasFocus проверяет, что при клике TableRow  находится в фокусе при hasFocus == false","location":null,"status":"passed","title":"проверяет, что при клике TableRow  находится в фокусе при hasFocus == false"},{"ancestorTitles":["Тесты цветов"],"failureMessages":[],"fullName":"Тесты цветов Проверка цветов колонок","location":null,"status":"passed","title":"Проверка цветов колонок"}],"endTime":1564055586414,"message":"","name":"/home/abelov/IdeaProjects/open/n2o-framework/frontend/n2o/src/components/widgets/Table/Table.test.js","startTime":1564055585546,"status":"passed","summary":""},{"assertionResults":[{"ancestorTitles":["<DateTimeControl />"],"failureMessages":[],"fullName":"<DateTimeControl /> видимость календаря определяется isCalendarVisible","location":null,"status":"passed","title":"видимость календаря определяется isCalendarVisible"},{"ancestorTitles":["<DateTimeControl />"],"failureMessages":[],"fullName":"<DateTimeControl /> устанавливает value для календаря","location":null,"status":"passed","title":"устанавливает value для календаря"},{"ancestorTitles":["<DateTimeControl />"],"failureMessages":[],"fullName":"<DateTimeControl /> устанавливает disabled","location":null,"status":"passed","title":"устанавливает disabled"},{"ancestorTitles":["<DateTimeControl />"],"failureMessages":[],"fullName":"<DateTimeControl /> устанавливает placeholder","location":null,"status":"passed","title":"устанавливает placeholder"},{"ancestorTitles":["<DateTimeControl />"],"failureMessages":[],"fullName":"<DateTimeControl /> вызывает onChange, если значение инпута поменялось на корректную дату","location":null,"status":"passed","title":"вызывает onChange, если значение инпута поменялось на корректную дату"},{"ancestorTitles":["<DateTimeControl />"],"failureMessages":[],"fullName":"<DateTimeControl /> проверка onFocus своиства контролла","location":null,"status":"passed","title":"проверка onFocus своиства контролла"},{"ancestorTitles":["<DateTimeControl />"],"failureMessages":[],"fullName":"<DateTimeControl /> корректно устанавливает формат даты (dateFormat)","location":null,"status":"passed","title":"корректно устанавливает формат даты (dateFormat)"},{"ancestorTitles":["<DateTimeControl />"],"failureMessages":[],"fullName":"<DateTimeControl /> делает неактивными кнопки до min","location":null,"status":"passed","title":"делает неактивными кнопки до min"},{"ancestorTitles":["<DateTimeControl />"],"failureMessages":[],"fullName":"<DateTimeControl /> делает неактивными кнопки после max","location":null,"status":"passed","title":"делает неактивными кнопки после max"},{"ancestorTitles":["<DateTimeControl />"],"failureMessages":[],"fullName":"<DateTimeControl /> проверяет, что дефолтное время 00:00","location":null,"status":"passed","title":"проверяет, что дефолтное время 00:00"},{"ancestorTitles":["<DateTimeControl />"],"failureMessages":[],"fullName":"<DateTimeControl /> устанавливает время","location":null,"status":"passed","title":"устанавливает время"},{"ancestorTitles":["<DateTimeControl />"],"failureMessages":[],"fullName":"<DateTimeControl /> устанавливает value","location":null,"status":"passed","title":"устанавливает value"},{"ancestorTitles":["<DateTimeControl />"],"failureMessages":[],"fullName":"<DateTimeControl /> в календарь приходит та же дата, что и в ДейтТаймКонтрол","location":null,"status":"passed","title":"в календарь приходит та же дата, что и в ДейтТаймКонтрол"},{"ancestorTitles":["<Calendar />"],"failureMessages":[],"fullName":"<Calendar /> в displayesMonth хранится начало месяца из пропертис","location":null,"status":"passed","title":"в displayesMonth хранится начало месяца из пропертис"},{"ancestorTitles":["<Calendar />"],"failureMessages":[],"fullName":"<Calendar /> при клике на стрелку вправо отображается следующий месяц","location":null,"status":"passed","title":"при клике на стрелку вправо отображается следующий месяц"},{"ancestorTitles":["<Calendar />"],"failureMessages":[],"fullName":"<Calendar /> при клике на стрелку влево отображается следующий месяц","location":null,"status":"passed","title":"при клике на стрелку влево отображается следующий месяц"},{"ancestorTitles":["<Calendar />"],"failureMessages":[],"fullName":"<Calendar /> при клике на стрелку влево отображается предыддущий год (если, отображаются месяцы)","location":null,"status":"passed","title":"при клике на стрелку влево отображается предыддущий год (если, отображаются месяцы)"},{"ancestorTitles":["<Calendar />"],"failureMessages":[],"fullName":"<Calendar /> при клике на стрелку вправо отображается следующий год (если, отображаются месяцы)","location":null,"status":"passed","title":"при клике на стрелку вправо отображается следующий год (если, отображаются месяцы)"},{"ancestorTitles":["<Calendar />"],"failureMessages":[],"fullName":"<Calendar /> при клике на стрелку влево отображается предыддущее десятилетие (если, отображаются годы)","location":null,"status":"passed","title":"при клике на стрелку влево отображается предыддущее десятилетие (если, отображаются годы)"},{"ancestorTitles":["<Calendar />"],"failureMessages":[],"fullName":"<Calendar /> при клике на стрелку вправо отображается следующее десятилетие (если, отображаются годы)","location":null,"status":"passed","title":"при клике на стрелку вправо отображается следующее десятилетие (если, отображаются годы)"},{"ancestorTitles":["<Calendar />"],"failureMessages":[],"fullName":"<Calendar /> при нажатии на название месяца вид календаря - по месяцам","location":null,"status":"passed","title":"при нажатии на название месяца вид календаря - по месяцам"},{"ancestorTitles":["<Calendar />"],"failureMessages":[],"fullName":"<Calendar /> при нажатии на год вид календаря - по годам","location":null,"status":"passed","title":"при нажатии на год вид календаря - по годам"},{"ancestorTitles":["<Calendar />"],"failureMessages":[],"fullName":"<Calendar /> при нажатии на название месяца календаря отображаются месяцы","location":null,"status":"passed","title":"при нажатии на название месяца календаря отображаются месяцы"},{"ancestorTitles":["<Calendar />"],"failureMessages":[],"fullName":"<Calendar /> при нажатии на название месяца календаря отображаются месяцы при value null","location":null,"status":"passed","title":"при нажатии на название месяца календаря отображаются месяцы при value null"},{"ancestorTitles":["<Calendar />"],"failureMessages":[],"fullName":"<Calendar /> при нажатии на год отображаются годы","location":null,"status":"passed","title":"при нажатии на год отображаются годы"},{"ancestorTitles":["<Calendar />"],"failureMessages":[],"fullName":"<Calendar /> при клике на месяц из списка отображается кликнутый месяц","location":null,"status":"passed","title":"при клике на месяц из списка отображается кликнутый месяц"},{"ancestorTitles":["<Calendar />"],"failureMessages":[],"fullName":"<Calendar /> при клике на год из списка отображается кликнутый год","location":null,"status":"passed","title":"при клике на год из списка отображается кликнутый год"},{"ancestorTitles":["<Calendar />"],"failureMessages":[],"fullName":"<Calendar /> нет timeFormat - нет таймпикера","location":null,"status":"passed","title":"нет timeFormat - нет таймпикера"},{"ancestorTitles":["<Calendar />"],"failureMessages":[],"fullName":"<Calendar /> есть timeFormat - есть таймпикер","location":null,"status":"passed","title":"есть timeFormat - есть таймпикер"},{"ancestorTitles":["<Calendar />"],"failureMessages":[],"fullName":"<Calendar /> нет дефолтного времени - надпись \"Выберите время\"","location":null,"status":"passed","title":"нет дефолтного времени - надпись \"Выберите время\""},{"ancestorTitles":["<Calendar />"],"failureMessages":[],"fullName":"<Calendar /> есть дефолтное время - отображается дефолтное время\"","location":null,"status":"passed","title":"есть дефолтное время - отображается дефолтное время\""}],"endTime":1564055586949,"message":"","name":"/home/abelov/IdeaProjects/open/n2o-framework/frontend/n2o/src/components/controls/DatePicker/DateTimeControl.test.js","startTime":1564055585514,"status":"passed","summary":""},{"assertionResults":[{"ancestorTitles":["Проверка factoryResolver"],"failureMessages":[],"fullName":"Проверка factoryResolver должен вернуть component","location":null,"status":"passed","title":"должен вернуть component"},{"ancestorTitles":["Проверка factoryResolver"],"failureMessages":[],"fullName":"Проверка factoryResolver если props не объект и не строка то вернет props","location":null,"status":"passed","title":"если props не объект и не строка то вернет props"},{"ancestorTitles":["Проверка factoryResolver"],"failureMessages":[],"fullName":"Проверка factoryResolver если src не найден, то вернет NotFoundFactory","location":null,"status":"passed","title":"если src не найден, то вернет NotFoundFactory"}],"endTime":1564055587184,"message":"","name":"/home/abelov/IdeaProjects/open/n2o-framework/frontend/n2o/src/utils/factoryResolver.test.js","startTime":1564055586631,"status":"passed","summary":""},{"assertionResults":[{"ancestorTitles":["fetchData HOC test"],"failureMessages":[],"fullName":"fetchData HOC test проверяет создание элемента","location":null,"status":"passed","title":"проверяет создание элемента"},{"ancestorTitles":["fetchData HOC test"],"failureMessages":[],"fullName":"fetchData HOC test Проброс данных (data) в контейнер","location":null,"status":"passed","title":"Проброс данных (data) в контейнер"},{"ancestorTitles":["fetchData HOC test"],"failureMessages":[],"fullName":"fetchData HOC test Получение данных через dataProvider при вызове fetchData","location":null,"status":"passed","title":"Получение данных через dataProvider при вызове fetchData"},{"ancestorTitles":["fetchData HOC test"],"failureMessages":[],"fullName":"fetchData HOC test Вызов fetchData с параметрами","location":null,"status":"passed","title":"Вызов fetchData с параметрами"},{"ancestorTitles":["fetchData HOC test"],"failureMessages":[],"fullName":"fetchData HOC test Мердж данных при fetchData merge=true","location":null,"status":"passed","title":"Мердж данных при fetchData merge=true"},{"ancestorTitles":["fetchData HOC test"],"failureMessages":[],"fullName":"fetchData HOC test Обработка серверной ошибки","location":null,"status":"passed","title":"Обработка серверной ошибки"},{"ancestorTitles":["fetchData HOC test"],"failureMessages":[],"fullName":"fetchData HOC test Проверка caching при fetchData","location":null,"status":"passed","title":"Проверка caching при fetchData"},{"ancestorTitles":["fetchData HOC test"],"failureMessages":[],"fullName":"fetchData HOC test Обработка серверной ошибки1111","location":null,"status":"passed","title":"Обработка серверной ошибки1111"}],"endTime":1564055587814,"message":"","name":"/home/abelov/IdeaProjects/open/n2o-framework/frontend/n2o/src/components/controls/withFetchData.test.js","startTime":1564055584309,"status":"passed","summary":""},{"assertionResults":[{"ancestorTitles":["<CheckboxGroupControl />"],"failureMessages":[],"fullName":"<CheckboxGroupControl /> creates checkboxes ","location":null,"status":"passed","title":"creates checkboxes "},{"ancestorTitles":["<CheckboxGroupControl />"],"failureMessages":[],"fullName":"<CheckboxGroupControl /> Проверка вызова _fetchData ","location":null,"status":"passed","title":"Проверка вызова _fetchData "},{"ancestorTitles":["<CheckboxGroupControl />"],"failureMessages":[],"fullName":"<CheckboxGroupControl /> проверка лодера ","location":null,"status":"passed","title":"проверка лодера "},{"ancestorTitles":["Работа с reduxForm"],"failureMessages":[],"fullName":"Работа с reduxForm onFocus && onBlur","location":null,"status":"passed","title":"onFocus && onBlur"},{"ancestorTitles":["Работа с reduxForm"],"failureMessages":[],"fullName":"Работа с reduxForm Эмуляция onChange","location":null,"status":"passed","title":"Эмуляция onChange"}],"endTime":1564055588387,"message":"","name":"/home/abelov/IdeaProjects/open/n2o-framework/frontend/n2o/src/components/controls/CheckboxGroup/CheckboxGroupControl.test.js","startTime":1564055587459,"status":"passed","summary":""},{"assertionResults":[{"ancestorTitles":["<InputSelect />"],"failureMessages":[],"fullName":"<InputSelect /> проверяет создание элемента","location":null,"status":"passed","title":"проверяет создание элемента"},{"ancestorTitles":["<InputSelect />"],"failureMessages":[],"fullName":"<InputSelect /> проверяет параметров loading","location":null,"status":"passed","title":"проверяет параметров loading"},{"ancestorTitles":["<InputSelect />"],"failureMessages":[],"fullName":"<InputSelect /> проверяет параметр value","location":null,"status":"passed","title":"проверяет параметр value"},{"ancestorTitles":["<InputSelect />"],"failureMessages":[],"fullName":"<InputSelect /> проверяет параметр placeholder","location":null,"status":"passed","title":"проверяет параметр placeholder"},{"ancestorTitles":["<InputSelect />"],"failureMessages":[],"fullName":"<InputSelect /> проверяет параметр labelFieldId","location":null,"status":"passed","title":"проверяет параметр labelFieldId"},{"ancestorTitles":["<InputSelect />"],"failureMessages":[],"fullName":"<InputSelect /> проверяет параметр valueFieldId","location":null,"status":"passed","title":"проверяет параметр valueFieldId"},{"ancestorTitles":["<InputSelect />"],"failureMessages":[],"fullName":"<InputSelect /> проверяет параметр disabledValues","location":null,"status":"passed","title":"проверяет параметр disabledValues"},{"ancestorTitles":["<InputSelect />"],"failureMessages":[],"fullName":"<InputSelect /> проверяет параметр onChange","location":null,"status":"passed","title":"проверяет параметр onChange"},{"ancestorTitles":["<InputSelect />"],"failureMessages":[],"fullName":"<InputSelect /> проверяет параметр onSelect","location":null,"status":"passed","title":"проверяет параметр onSelect"},{"ancestorTitles":["<InputSelect />"],"failureMessages":[],"fullName":"<InputSelect /> проверяет параметр filter","location":null,"status":"passed","title":"проверяет параметр filter"},{"ancestorTitles":["<InputSelect />"],"failureMessages":[],"fullName":"<InputSelect /> проверяет параметр onScroll","location":null,"status":"passed","title":"проверяет параметр onScroll"},{"ancestorTitles":["<InputSelect />"],"failureMessages":[],"fullName":"<InputSelect /> проверяет параметр format","location":null,"status":"passed","title":"проверяет параметр format"},{"ancestorTitles":["<InputSelect />"],"failureMessages":[],"fullName":"<InputSelect /> проверяет чекбоксы","location":null,"status":"passed","title":"проверяет чекбоксы"},{"ancestorTitles":["<InputSelect />"],"failureMessages":[],"fullName":"<InputSelect /> проверяет иконки","location":null,"status":"passed","title":"проверяет иконки"},{"ancestorTitles":["<InputSelect />"],"failureMessages":[],"fullName":"<InputSelect /> проверяет группировку","location":null,"status":"passed","title":"проверяет группировку"},{"ancestorTitles":["<InputSelect />"],"failureMessages":[],"fullName":"<InputSelect /> проверяет мульти выбор","location":null,"status":"passed","title":"проверяет мульти выбор"},{"ancestorTitles":["<InputSelect />"],"failureMessages":[],"fullName":"<InputSelect /> проверяет картинку","location":null,"status":"passed","title":"проверяет картинку"},{"ancestorTitles":["<InputSelect />"],"failureMessages":[],"fullName":"<InputSelect /> проверяет расчет длины выпадающего списка","location":null,"status":"passed","title":"проверяет расчет длины выпадающего списка"},{"ancestorTitles":["<InputSelect />"],"failureMessages":[],"fullName":"<InputSelect /> проверяет расчет длины выпадающего списка в мулти режиме","location":null,"status":"passed","title":"проверяет расчет длины выпадающего списка в мулти режиме"}],"endTime":1564055588950,"message":"","name":"/home/abelov/IdeaProjects/open/n2o-framework/frontend/n2o/src/components/controls/InputSelect/InputSelect.test.js","startTime":1564055587951,"status":"passed","summary":""},{"assertionResults":[{"ancestorTitles":["Провера Factory"],"failureMessages":[],"fullName":"Провера Factory Создает нужный компонент","location":null,"status":"passed","title":"Создает нужный компонент"},{"ancestorTitles":["Провера Factory"],"failureMessages":[],"fullName":"Провера Factory Вернет null, если компонент не найден","location":null,"status":"passed","title":"Вернет null, если компонент не найден"}],"endTime":1564055589273,"message":"","name":"/home/abelov/IdeaProjects/open/n2o-framework/frontend/n2o/src/core/factory/Factory.test.js","startTime":1564055588526,"status":"passed","summary":""},{"assertionResults":[{"ancestorTitles":["<WidgetFilters />"],"failureMessages":[],"fullName":"<WidgetFilters /> проверяет создание элемента","location":null,"status":"passed","title":"проверяет создание элемента"},{"ancestorTitles":["<WidgetFilters />"],"failureMessages":[],"fullName":"<WidgetFilters /> searchOnChange","location":null,"status":"passed","title":"searchOnChange"}],"endTime":1564055589477,"message":"","name":"/home/abelov/IdeaProjects/open/n2o-framework/frontend/n2o/src/components/widgets/WidgetFilters.test.js","startTime":1564055587100,"status":"passed","summary":""},{"assertionResults":[{"ancestorTitles":["FileUploader Тесты","Тесты ButtonUploader"],"failureMessages":[],"fullName":"FileUploader Тесты Тесты ButtonUploader Меняет состояние при update props value","location":null,"status":"passed","title":"Меняет состояние при update props value"},{"ancestorTitles":["FileUploader Тесты","Тесты ButtonUploader"],"failureMessages":[],"fullName":"FileUploader Тесты Тесты ButtonUploader Отрисовывается","location":null,"status":"passed","title":"Отрисовывается"},{"ancestorTitles":["FileUploader Тесты","Тесты ButtonUploader"],"failureMessages":[],"fullName":"FileUploader Тесты Тесты ButtonUploader Происходит маппинг","location":null,"status":"passed","title":"Происходит маппинг"},{"ancestorTitles":["FileUploader Тесты","Тесты ButtonUploader"],"failureMessages":[],"fullName":"FileUploader Тесты Тесты ButtonUploader Отрисовался item файла","location":null,"status":"passed","title":"Отрисовался item файла"},{"ancestorTitles":["FileUploader Тесты","Тесты ButtonUploader","Проверка режимов"],"failureMessages":[],"fullName":"FileUploader Тесты Тесты ButtonUploader Проверка режимов disabled","location":null,"status":"passed","title":"disabled"},{"ancestorTitles":["FileUploader Тесты","Тесты ButtonUploader","Проверка режимов"],"failureMessages":[],"fullName":"FileUploader Тесты Тесты ButtonUploader Проверка режимов Single","location":null,"status":"passed","title":"Single"},{"ancestorTitles":["FileUploader Тесты","Тесты ButtonUploader","Проверка режимов"],"failureMessages":[],"fullName":"FileUploader Тесты Тесты ButtonUploader Проверка режимов Multi","location":null,"status":"passed","title":"Multi"},{"ancestorTitles":["FileUploader Тесты","Тесты DropZone"],"failureMessages":[],"fullName":"FileUploader Тесты Тесты DropZone Отрисовывается","location":null,"status":"passed","title":"Отрисовывается"},{"ancestorTitles":["FileUploader Тесты","Тесты DropZone"],"failureMessages":[],"fullName":"FileUploader Тесты Тесты DropZone Происходит маппинг","location":null,"status":"passed","title":"Происходит маппинг"},{"ancestorTitles":["FileUploader Тесты","Тесты DropZone"],"failureMessages":[],"fullName":"FileUploader Тесты Тесты DropZone Отрисовался item файла","location":null,"status":"passed","title":"Отрисовался item файла"},{"ancestorTitles":["FileUploader Тесты","Тесты DropZone","Проверка режимов"],"failureMessages":[],"fullName":"FileUploader Тесты Тесты DropZone Проверка режимов disabled","location":null,"status":"passed","title":"disabled"},{"ancestorTitles":["FileUploader Тесты","Тесты DropZone","Проверка режимов"],"failureMessages":[],"fullName":"FileUploader Тесты Тесты DropZone Проверка режимов Single","location":null,"status":"passed","title":"Single"},{"ancestorTitles":["FileUploader Тесты","Тесты DropZone","Проверка режимов"],"failureMessages":[],"fullName":"FileUploader Тесты Тесты DropZone Проверка режимов Multi","location":null,"status":"passed","title":"Multi"},{"ancestorTitles":["FileUploader Тесты","Тесты DropZone","Проверка режимов"],"failureMessages":[],"fullName":"FileUploader Тесты Тесты DropZone Проверка режимов AutoUpload","location":null,"status":"passed","title":"AutoUpload"},{"ancestorTitles":["FileUploader Тесты"],"failureMessages":[],"fullName":"FileUploader Тесты Проверка отправки запросов","location":null,"status":"passed","title":"Проверка отправки запросов"},{"ancestorTitles":["FileUploader Тесты"],"failureMessages":[],"fullName":"FileUploader Тесты Проверка обработки ответа от сервера","location":null,"status":"passed","title":"Проверка обработки ответа от сервера"},{"ancestorTitles":["FileUploader Тесты"],"failureMessages":[],"fullName":"FileUploader Тесты Проверка удаления файла","location":null,"status":"passed","title":"Проверка удаления файла"},{"ancestorTitles":["FileUploader Тесты"],"failureMessages":[],"fullName":"FileUploader Тесты Проверка onChange","location":null,"status":"passed","title":"Проверка onChange"},{"ancestorTitles":["FileUploader Тесты"],"failureMessages":[],"fullName":"FileUploader Тесты Проверка url placeholder","location":null,"status":"passed","title":"Проверка url placeholder"}],"endTime":1564055590283,"message":"","name":"/home/abelov/IdeaProjects/open/n2o-framework/frontend/n2o/src/components/controls/FileUploader/FileUploader.test.js","startTime":1564055589691,"status":"passed","summary":""},{"assertionResults":[{"ancestorTitles":["Проверка FactoryProvider"],"failureMessages":[],"fullName":"Проверка FactoryProvider проверка функции getComponent","location":null,"status":"passed","title":"проверка функции getComponent"},{"ancestorTitles":["Проверка FactoryProvider"],"failureMessages":[],"fullName":"Проверка FactoryProvider проверка функции resolveProps","location":null,"status":"passed","title":"проверка функции resolveProps"}],"endTime":1564055590458,"message":"","name":"/home/abelov/IdeaProjects/open/n2o-framework/frontend/n2o/src/core/factory/FactoryProvider.test.js","startTime":1564055589406,"status":"passed","summary":""},{"assertionResults":[{"ancestorTitles":["<Rating />"],"failureMessages":[],"fullName":"<Rating /> Создание компонента ","location":null,"status":"passed","title":"Создание компонента "},{"ancestorTitles":["<Rating />"],"failureMessages":[],"fullName":"<Rating /> проверка max","location":null,"status":"passed","title":"проверка max"},{"ancestorTitles":["<Rating />"],"failureMessages":[],"fullName":"<Rating /> проверка rating","location":null,"status":"passed","title":"проверка rating"},{"ancestorTitles":["<Rating />"],"failureMessages":[],"fullName":"<Rating /> проверка half","location":null,"status":"passed","title":"проверка half"}],"endTime":1564055590965,"message":"","name":"/home/abelov/IdeaProjects/open/n2o-framework/frontend/n2o/src/components/controls/Rating/Raiting.test.js","startTime":1564055590664,"status":"passed","summary":""},{"assertionResults":[{"ancestorTitles":["Проверка ListContainer"],"failureMessages":[],"fullName":"Проверка ListContainer Маппит данные в компоненты","location":null,"status":"passed","title":"Маппит данные в компоненты"}],"endTime":1564055591190,"message":"","name":"/home/abelov/IdeaProjects/open/n2o-framework/frontend/n2o/src/components/widgets/List/ListContainer.test.js","startTime":1564055589085,"status":"passed","summary":""},{"assertionResults":[{"ancestorTitles":["withListContainer HOC test"],"failureMessages":[],"fullName":"withListContainer HOC test проверяет создание элемента","location":null,"status":"passed","title":"проверяет создание элемента"},{"ancestorTitles":["withListContainer HOC test"],"failureMessages":[],"fullName":"withListContainer HOC test handleScrollEnd с идеальными параметрами","location":null,"status":"passed","title":"handleScrollEnd с идеальными параметрами"},{"ancestorTitles":["withListContainer HOC test"],"failureMessages":[],"fullName":"withListContainer HOC test handleScrollEnd без page","location":null,"status":"passed","title":"handleScrollEnd без page"},{"ancestorTitles":["withListContainer HOC test"],"failureMessages":[],"fullName":"withListContainer HOC test handleScrollEnd без size","location":null,"status":"passed","title":"handleScrollEnd без size"},{"ancestorTitles":["withListContainer HOC test"],"failureMessages":[],"fullName":"withListContainer HOC test handleScrollEnd без count","location":null,"status":"passed","title":"handleScrollEnd без count"},{"ancestorTitles":["withListContainer HOC test"],"failureMessages":[],"fullName":"withListContainer HOC test handleOpen","location":null,"status":"passed","title":"handleOpen"},{"ancestorTitles":["withListContainer HOC test"],"failureMessages":[],"fullName":"withListContainer HOC test handleSearch","location":null,"status":"passed","title":"handleSearch"},{"ancestorTitles":["withListContainer HOC test"],"failureMessages":[],"fullName":"withListContainer HOC test handleSearch проверка таймера вврода","location":null,"status":"passed","title":"handleSearch проверка таймера вврода"},{"ancestorTitles":["withListContainer HOC test"],"failureMessages":[],"fullName":"withListContainer HOC test handleItemOpen","location":null,"status":"passed","title":"handleItemOpen"}],"endTime":1564055591568,"message":"","name":"/home/abelov/IdeaProjects/open/n2o-framework/frontend/n2o/src/components/controls/withListContainer.test.js","startTime":1564055590501,"status":"passed","summary":""},{"assertionResults":[{"ancestorTitles":["Проверка саги actionsImpl"],"failureMessages":[],"fullName":"Проверка саги actionsImpl Проверка генератора handleFetchInvoke","location":null,"status":"passed","title":"Проверка генератора handleFetchInvoke"},{"ancestorTitles":["Проверка саги actionsImpl"],"failureMessages":[],"fullName":"Проверка саги actionsImpl Проверка генератора validate","location":null,"status":"passed","title":"Проверка генератора validate"},{"ancestorTitles":["Проверка саги actionsImpl"],"failureMessages":[],"fullName":"Проверка саги actionsImpl Проверка генератора fetchInvoke","location":null,"status":"passed","title":"Проверка генератора fetchInvoke"},{"ancestorTitles":["Проверка саги actionsImpl"],"failureMessages":[],"fullName":"Проверка саги actionsImpl Проверка генератора resolveMapping","location":null,"status":"passed","title":"Проверка генератора resolveMapping"}],"endTime":1564055591616,"message":"","name":"/home/abelov/IdeaProjects/open/n2o-framework/frontend/n2o/src/sagas/actionsImpl.test.js","startTime":1564055591124,"status":"passed","summary":""},{"assertionResults":[{"ancestorTitles":["TableContainer","Проверка прокидвания пропсов withWidgetContainer"],"failureMessages":[],"fullName":"TableContainer Проверка прокидвания пропсов withWidgetContainer Проверка создания элемента","location":null,"status":"passed","title":"Проверка создания элемента"},{"ancestorTitles":["TableContainer","Проверка прокидвания пропсов withWidgetContainer"],"failureMessages":[],"fullName":"TableContainer Проверка прокидвания пропсов withWidgetContainer Проверка прокидывания props","location":null,"status":"passed","title":"Проверка прокидывания props"},{"ancestorTitles":["TableContainer","Проверка withContainerLiveCycle"],"failureMessages":[],"fullName":"TableContainer Проверка withContainerLiveCycle Создание компонента","location":null,"status":"passed","title":"Создание компонента"},{"ancestorTitles":["TableContainer","Проверка withContainerLiveCycle"],"failureMessages":[],"fullName":"TableContainer Проверка withContainerLiveCycle Вызов onResolve если есть hasSelected, поменялись данные и нет выбранной записи","location":null,"status":"passed","title":"Вызов onResolve если есть hasSelected, поменялись данные и нет выбранной записи"},{"ancestorTitles":["TableContainer"],"failureMessages":[],"fullName":"TableContainer Вызов onResolve если есть hasSelected, поменялись данные и поменялась выбранная запись","location":null,"status":"passed","title":"Вызов onResolve если есть hasSelected, поменялись данные и поменялась выбранная запись"},{"ancestorTitles":["TableContainer"],"failureMessages":[],"fullName":"TableContainer Вызов onResolve если есть hasSelected, поменялись данные и выбранная запись указывает на разные значения предыдущих и новых данных","location":null,"status":"passed","title":"Вызов onResolve если есть hasSelected, поменялись данные и выбранная запись указывает на разные значения предыдущих и новых данных"},{"ancestorTitles":["TableContainer"],"failureMessages":[],"fullName":"TableContainer Проверка compose","location":null,"status":"passed","title":"Проверка compose"},{"ancestorTitles":["TableContainer"],"failureMessages":[],"fullName":"TableContainer Проверка withWidgetHandlers","location":null,"status":"passed","title":"Проверка withWidgetHandlers"}],"endTime":1564055591886,"message":"","name":"/home/abelov/IdeaProjects/open/n2o-framework/frontend/n2o/src/components/widgets/Table/TableContainer.test.js","startTime":1564055591473,"status":"passed","summary":""},{"assertionResults":[{"ancestorTitles":["<Base />"],"failureMessages":[],"fullName":"<Base /> проверяет рендер по умолчанию","location":null,"status":"passed","title":"проверяет рендер по умолчанию"},{"ancestorTitles":["<Base />","transform"],"failureMessages":[],"fullName":"<Base /> transform code","location":null,"status":"passed","title":"code"},{"ancestorTitles":["<Base />","transform"],"failureMessages":[],"fullName":"<Base /> transform del","location":null,"status":"passed","title":"del"},{"ancestorTitles":["<Base />","transform"],"failureMessages":[],"fullName":"<Base /> transform mark","location":null,"status":"passed","title":"mark"},{"ancestorTitles":["<Base />","transform"],"failureMessages":[],"fullName":"<Base /> transform strong","location":null,"status":"passed","title":"strong"},{"ancestorTitles":["<Base />","transform"],"failureMessages":[],"fullName":"<Base /> transform underline","location":null,"status":"passed","title":"underline"},{"ancestorTitles":["<Base />","transform"],"failureMessages":[],"fullName":"<Base /> transform small","location":null,"status":"passed","title":"small"},{"ancestorTitles":["<Base />","color"],"failureMessages":[],"fullName":"<Base /> color primary","location":null,"status":"passed","title":"primary"},{"ancestorTitles":["<Base />","color"],"failureMessages":[],"fullName":"<Base /> color secondary","location":null,"status":"passed","title":"secondary"},{"ancestorTitles":["<Base />","functional"],"failureMessages":[],"fullName":"<Base /> functional editable","location":null,"status":"passed","title":"editable"},{"ancestorTitles":["<Base />","functional"],"failureMessages":[],"fullName":"<Base /> functional copyable","location":null,"status":"passed","title":"copyable"}],"endTime":1564055592257,"message":"","name":"/home/abelov/IdeaProjects/open/n2o-framework/frontend/n2o/src/components/snippets/Typography/Base.test.js","startTime":1564055591978,"status":"passed","summary":""},{"assertionResults":[{"ancestorTitles":["Проверка List"],"failureMessages":[],"fullName":"Проверка List Компонент отрисовывается","location":null,"status":"passed","title":"Компонент отрисовывается"},{"ancestorTitles":["Проверка List"],"failureMessages":[],"fullName":"Проверка List renderRow отрисовывает строки","location":null,"status":"passed","title":"renderRow отрисовывает строки"}],"endTime":1564055592348,"message":"","name":"/home/abelov/IdeaProjects/open/n2o-framework/frontend/n2o/src/components/widgets/List/List.test.js","startTime":1564055591775,"status":"passed","summary":""},{"assertionResults":[{"ancestorTitles":["<CheckboxGroup />"],"failureMessages":[],"fullName":"<CheckboxGroup /> creates checkboxes ","location":null,"status":"passed","title":"creates checkboxes "},{"ancestorTitles":["<CheckboxGroup />"],"failureMessages":[],"fullName":"<CheckboxGroup /> sets properties properly","location":null,"status":"passed","title":"sets properties properly"},{"ancestorTitles":["<CheckboxGroup />"],"failureMessages":[],"fullName":"<CheckboxGroup /> sets properties to input properly","location":null,"status":"passed","title":"sets properties to input properly"},{"ancestorTitles":["<CheckboxGroup />"],"failureMessages":[],"fullName":"<CheckboxGroup /> calls onChange","location":null,"status":"passed","title":"calls onChange"},{"ancestorTitles":["<CheckboxGroup />"],"failureMessages":[],"fullName":"<CheckboxGroup /> проверяет inline","location":null,"status":"passed","title":"проверяет inline"},{"ancestorTitles":["<CheckboxGroup />"],"failureMessages":[],"fullName":"<CheckboxGroup /> проверяет изменение value","location":null,"status":"passed","title":"проверяет изменение value"},{"ancestorTitles":["<CheckboxGroup />"],"failureMessages":[],"fullName":"<CheckboxGroup /> проверяем onFocus","location":null,"status":"passed","title":"проверяем onFocus"},{"ancestorTitles":["<CheckboxGroup />"],"failureMessages":[],"fullName":"<CheckboxGroup /> проверяем onBlur","location":null,"status":"passed","title":"проверяем onBlur"}],"endTime":1564055592435,"message":"","name":"/home/abelov/IdeaProjects/open/n2o-framework/frontend/n2o/src/components/controls/CheckboxGroup/CheckboxGroup.test.js","startTime":1564055592103,"status":"passed","summary":""},{"assertionResults":[{"ancestorTitles":["<InputMask />"],"failureMessages":[],"fullName":"<InputMask /> has input","location":null,"status":"passed","title":"has input"},{"ancestorTitles":["<InputMask />"],"failureMessages":[],"fullName":"<InputMask /> binds value","location":null,"status":"passed","title":"binds value"}],"endTime":1564055592607,"message":"","name":"/home/abelov/IdeaProjects/open/n2o-framework/frontend/n2o/src/components/controls/InputMask/InputMask.test.js","startTime":1564055592446,"status":"passed","summary":""},{"assertionResults":[{"ancestorTitles":["Проверка AuthLogin"],"failureMessages":[],"fullName":"Проверка AuthLogin компонент отрисовывается","location":null,"status":"passed","title":"компонент отрисовывается"},{"ancestorTitles":["Проверка AuthLogin"],"failureMessages":[],"fullName":"Проверка AuthLogin handleChange срабатывает","location":null,"status":"passed","title":"handleChange срабатывает"}],"endTime":1564055592843,"message":"","name":"/home/abelov/IdeaProjects/open/n2o-framework/frontend/n2o/src/core/auth/AuthLogin.test.js","startTime":1564055592541,"status":"passed","summary":""},{"assertionResults":[{"ancestorTitles":["Проверка api провайдера"],"failureMessages":[],"fullName":"Проверка api провайдера без параметров","location":null,"status":"passed","title":"без параметров"},{"ancestorTitles":["Проверка api провайдера"],"failureMessages":[],"fullName":"Проверка api провайдера не существующий тип","location":null,"status":"passed","title":"не существующий тип"},{"ancestorTitles":["Проверка api провайдера"],"failureMessages":[],"fullName":"Проверка api провайдера проверка запроса за конфигом","location":null,"status":"passed","title":"проверка запроса за конфигом"},{"ancestorTitles":["Проверка api провайдера"],"failureMessages":[],"fullName":"Проверка api провайдера проверка запроса за метаданными","location":null,"status":"passed","title":"проверка запроса за метаданными"},{"ancestorTitles":["Проверка api провайдера"],"failureMessages":[],"fullName":"Проверка api провайдера проверка запроса за данными","location":null,"status":"passed","title":"проверка запроса за данными"},{"ancestorTitles":["Проверка api провайдера"],"failureMessages":[],"fullName":"Проверка api провайдера проверка запроса экшена (invoke)","location":null,"status":"passed","title":"проверка запроса экшена (invoke)"},{"ancestorTitles":["Проверка api провайдера"],"failureMessages":[],"fullName":"Проверка api провайдера проверка запроса за валидацией","location":null,"status":"passed","title":"проверка запроса за валидацией"}],"endTime":1564055592863,"message":"","name":"/home/abelov/IdeaProjects/open/n2o-framework/frontend/n2o/src/core/api.test.js","startTime":1564055592655,"status":"passed","summary":""},{"assertionResults":[{"ancestorTitles":["Тесты экшенов toolbar","Проверка экшена callActionAmpl"],"failureMessages":[],"fullName":"Тесты экшенов toolbar Проверка экшена callActionAmpl Генирирует правильное событие","location":null,"status":"passed","title":"Генирирует правильное событие"},{"ancestorTitles":["Тесты экшенов toolbar","Проверка экшена callActionAmpl"],"failureMessages":[],"fullName":"Тесты экшенов toolbar Проверка экшена callActionAmpl Возвращает правильный payload","location":null,"status":"passed","title":"Возвращает правильный payload"},{"ancestorTitles":["Тесты экшенов toolbar","Проверка экшена changeButtonVisible"],"failureMessages":[],"fullName":"Тесты экшенов toolbar Проверка экшена changeButtonVisible Генирирует правильное событие","location":null,"status":"passed","title":"Генирирует правильное событие"},{"ancestorTitles":["Тесты экшенов toolbar","Проверка экшена changeButtonVisible"],"failureMessages":[],"fullName":"Тесты экшенов toolbar Проверка экшена changeButtonVisible Возвращает правильный payload","location":null,"status":"passed","title":"Возвращает правильный payload"},{"ancestorTitles":["Тесты экшенов toolbar","Проверка экшена setButtonVisible"],"failureMessages":[],"fullName":"Тесты экшенов toolbar Проверка экшена setButtonVisible Генирирует правильное событие","location":null,"status":"passed","title":"Генирирует правильное событие"},{"ancestorTitles":["Тесты экшенов toolbar","Проверка экшена setButtonVisible"],"failureMessages":[],"fullName":"Тесты экшенов toolbar Проверка экшена setButtonVisible Возвращает правильный payload","location":null,"status":"passed","title":"Возвращает правильный payload"},{"ancestorTitles":["Тесты экшенов toolbar","Проверка экшена setButtonHidden"],"failureMessages":[],"fullName":"Тесты экшенов toolbar Проверка экшена setButtonHidden Генирирует правильное событие","location":null,"status":"passed","title":"Генирирует правильное событие"},{"ancestorTitles":["Тесты экшенов toolbar","Проверка экшена setButtonHidden"],"failureMessages":[],"fullName":"Тесты экшенов toolbar Проверка экшена setButtonHidden Возвращает правильный payload","location":null,"status":"passed","title":"Возвращает правильный payload"},{"ancestorTitles":["Тесты экшенов toolbar","Проверка экшена toggleButtonVisibility"],"failureMessages":[],"fullName":"Тесты экшенов toolbar Проверка экшена toggleButtonVisibility Генирирует правильное событие","location":null,"status":"passed","title":"Генирирует правильное событие"},{"ancestorTitles":["Тесты экшенов toolbar","Проверка экшена toggleButtonVisibility"],"failureMessages":[],"fullName":"Тесты экшенов toolbar Проверка экшена toggleButtonVisibility Возвращает правильный payload","location":null,"status":"passed","title":"Возвращает правильный payload"},{"ancestorTitles":["Тесты экшенов toolbar","Проверка экшена changeButtonDisabled"],"failureMessages":[],"fullName":"Тесты экшенов toolbar Проверка экшена changeButtonDisabled Генирирует правильное событие","location":null,"status":"passed","title":"Генирирует правильное событие"},{"ancestorTitles":["Тесты экшенов toolbar","Проверка экшена changeButtonDisabled"],"failureMessages":[],"fullName":"Тесты экшенов toolbar Проверка экшена changeButtonDisabled Возвращает правильный payload","location":null,"status":"passed","title":"Возвращает правильный payload"},{"ancestorTitles":["Тесты экшенов toolbar","Проверка экшена setButtonDisabled"],"failureMessages":[],"fullName":"Тесты экшенов toolbar Проверка экшена setButtonDisabled Генирирует правильное событие","location":null,"status":"passed","title":"Генирирует правильное событие"},{"ancestorTitles":["Тесты экшенов toolbar","Проверка экшена setButtonDisabled"],"failureMessages":[],"fullName":"Тесты экшенов toolbar Проверка экшена setButtonDisabled Возвращает правильный payload","location":null,"status":"passed","title":"Возвращает правильный payload"},{"ancestorTitles":["Тесты экшенов toolbar","Проверка экшена setButtonEnabled"],"failureMessages":[],"fullName":"Тесты экшенов toolbar Проверка экшена setButtonEnabled Генирирует правильное событие","location":null,"status":"passed","title":"Генирирует правильное событие"},{"ancestorTitles":["Тесты экшенов toolbar","Проверка экшена setButtonEnabled"],"failureMessages":[],"fullName":"Тесты экшенов toolbar Проверка экшена setButtonEnabled Возвращает правильный payload","location":null,"status":"passed","title":"Возвращает правильный payload"},{"ancestorTitles":["Тесты экшенов toolbar","Проверка экшена toggleButtonDisabled"],"failureMessages":[],"fullName":"Тесты экшенов toolbar Проверка экшена toggleButtonDisabled Генирирует правильное событие","location":null,"status":"passed","title":"Генирирует правильное событие"},{"ancestorTitles":["Тесты экшенов toolbar","Проверка экшена toggleButtonDisabled"],"failureMessages":[],"fullName":"Тесты экшенов toolbar Проверка экшена toggleButtonDisabled Возвращает правильный payload","location":null,"status":"passed","title":"Возвращает правильный payload"},{"ancestorTitles":["Тесты экшенов toolbar","Проверка экшена changeButtonTitle"],"failureMessages":[],"fullName":"Тесты экшенов toolbar Проверка экшена changeButtonTitle Генирирует правильное событие","location":null,"status":"passed","title":"Генирирует правильное событие"},{"ancestorTitles":["Тесты экшенов toolbar","Проверка экшена changeButtonTitle"],"failureMessages":[],"fullName":"Тесты экшенов toolbar Проверка экшена changeButtonTitle Возвращает правильный payload","location":null,"status":"passed","title":"Возвращает правильный payload"},{"ancestorTitles":["Тесты экшенов toolbar","Проверка экшена changeButtonSize"],"failureMessages":[],"fullName":"Тесты экшенов toolbar Проверка экшена changeButtonSize Генирирует правильное событие","location":null,"status":"passed","title":"Генирирует правильное событие"},{"ancestorTitles":["Тесты экшенов toolbar","Проверка экшена changeButtonSize"],"failureMessages":[],"fullName":"Тесты экшенов toolbar Проверка экшена changeButtonSize Возвращает правильный payload","location":null,"status":"passed","title":"Возвращает правильный payload"},{"ancestorTitles":["Тесты экшенов toolbar","Проверка экшена changeButtonColor"],"failureMessages":[],"fullName":"Тесты экшенов toolbar Проверка экшена changeButtonColor Генирирует правильное событие","location":null,"status":"passed","title":"Генирирует правильное событие"},{"ancestorTitles":["Тесты экшенов toolbar","Проверка экшена changeButtonColor"],"failureMessages":[],"fullName":"Тесты экшенов toolbar Проверка экшена changeButtonColor Возвращает правильный payload","location":null,"status":"passed","title":"Возвращает правильный payload"},{"ancestorTitles":["Тесты экшенов toolbar","Проверка экшена changeButtonCount"],"failureMessages":[],"fullName":"Тесты экшенов toolbar Проверка экшена changeButtonCount Генирирует правильное событие","location":null,"status":"passed","title":"Генирирует правильное событие"},{"ancestorTitles":["Тесты экшенов toolbar","Проверка экшена changeButtonCount"],"failureMessages":[],"fullName":"Тесты экшенов toolbar Проверка экшена changeButtonCount Возвращает правильный payload","location":null,"status":"passed","title":"Возвращает правильный payload"},{"ancestorTitles":["Тесты экшенов toolbar","Проверка экшена changeButtonHint"],"failureMessages":[],"fullName":"Тесты экшенов toolbar Проверка экшена changeButtonHint Генирирует правильное событие","location":null,"status":"passed","title":"Генирирует правильное событие"},{"ancestorTitles":["Тесты экшенов toolbar","Проверка экшена changeButtonHint"],"failureMessages":[],"fullName":"Тесты экшенов toolbar Проверка экшена changeButtonHint Возвращает правильный payload","location":null,"status":"passed","title":"Возвращает правильный payload"},{"ancestorTitles":["Тесты экшенов toolbar","Проверка экшена changeButtonIcon"],"failureMessages":[],"fullName":"Тесты экшенов toolbar Проверка экшена changeButtonIcon Генирирует правильное событие","location":null,"status":"passed","title":"Генирирует правильное событие"},{"ancestorTitles":["Тесты экшенов toolbar","Проверка экшена changeButtonIcon"],"failureMessages":[],"fullName":"Тесты экшенов toolbar Проверка экшена changeButtonIcon Возвращает правильный payload","location":null,"status":"passed","title":"Возвращает правильный payload"},{"ancestorTitles":["Тесты экшенов toolbar","Проверка экшена changeButtonStyle"],"failureMessages":[],"fullName":"Тесты экшенов toolbar Проверка экшена changeButtonStyle Генирирует правильное событие","location":null,"status":"passed","title":"Генирирует правильное событие"},{"ancestorTitles":["Тесты экшенов toolbar","Проверка экшена changeButtonStyle"],"failureMessages":[],"fullName":"Тесты экшенов toolbar Проверка экшена changeButtonStyle Возвращает правильный payload","location":null,"status":"passed","title":"Возвращает правильный payload"},{"ancestorTitles":["Тесты экшенов toolbar","Проверка экшена changeButtonClass"],"failureMessages":[],"fullName":"Тесты экшенов toolbar Проверка экшена changeButtonClass Генирирует правильное событие","location":null,"status":"passed","title":"Генирирует правильное событие"},{"ancestorTitles":["Тесты экшенов toolbar","Проверка экшена changeButtonClass"],"failureMessages":[],"fullName":"Тесты экшенов toolbar Проверка экшена changeButtonClass Возвращает правильный payload","location":null,"status":"passed","title":"Возвращает правильный payload"},{"ancestorTitles":["Тесты экшенов toolbar","Проверка экшена"],"failureMessages":[],"fullName":"Тесты экшенов toolbar Проверка экшена Генирирует правильное событие","location":null,"status":"passed","title":"Генирирует правильное событие"},{"ancestorTitles":["Тесты экшенов toolbar","Проверка экшена"],"failureMessages":[],"fullName":"Тесты экшенов toolbar Проверка экшена Возвращает правильный payload","location":null,"status":"passed","title":"Возвращает правильный payload"}],"endTime":1564055592960,"message":"","name":"/home/abelov/IdeaProjects/open/n2o-framework/frontend/n2o/src/actions/toolbar.test.js","startTime":1564055592762,"status":"passed","summary":""},{"assertionResults":[{"ancestorTitles":["<Html />"],"failureMessages":[],"fullName":"<Html /> tests component existence","location":null,"status":"passed","title":"tests component existence"},{"ancestorTitles":["<Html />"],"failureMessages":[],"fullName":"<Html /> contains html","location":null,"status":"passed","title":"contains html"},{"ancestorTitles":["<Html />"],"failureMessages":[],"fullName":"<Html /> calls componentDidMount","location":null,"status":"passed","title":"calls componentDidMount"},{"ancestorTitles":["<Html />"],"failureMessages":[],"fullName":"<Html /> sends alert when didnt find page","location":null,"status":"passed","title":"sends alert when didnt find page"}],"endTime":1564055593357,"message":"","name":"/home/abelov/IdeaProjects/open/n2o-framework/frontend/n2o/src/components/widgets/Html/Html.test.js","startTime":1564055593088,"status":"passed","summary":""},{"assertionResults":[{"ancestorTitles":["Проверка компонента TextEditor"],"failureMessages":[],"fullName":"Проверка компонента TextEditor Компонент создается и отрисовывается","location":null,"status":"passed","title":"Компонент создается и отрисовывается"},{"ancestorTitles":["Проверка компонента TextEditor"],"failureMessages":[],"fullName":"Проверка компонента TextEditor Значение прокидывается и проставляется","location":null,"status":"passed","title":"Значение прокидывается и проставляется"},{"ancestorTitles":["Проверка компонента TextEditor"],"failureMessages":[],"fullName":"Проверка компонента TextEditor onBlur/onFocus вызываются","location":null,"status":"passed","title":"onBlur/onFocus вызываются"},{"ancestorTitles":["Проверка компонента TextEditor"],"failureMessages":[],"fullName":"Проверка компонента TextEditor Не отрисовывается по visible = false","location":null,"status":"passed","title":"Не отрисовывается по visible = false"}],"endTime":1564055593550,"message":"","name":"/home/abelov/IdeaProjects/open/n2o-framework/frontend/n2o/src/components/controls/TextEditor/TextEditor.test.js","startTime":1564055593009,"status":"passed","summary":""},{"assertionResults":[{"ancestorTitles":["Тесты LinkCell"],"failureMessages":[],"fullName":"Тесты LinkCell Отрисовывается","location":null,"status":"passed","title":"Отрисовывается"},{"ancestorTitles":["Тесты LinkCell"],"failureMessages":[],"fullName":"Тесты LinkCell Отрисовывается icon","location":null,"status":"passed","title":"Отрисовывается icon"},{"ancestorTitles":["Тесты LinkCell"],"failureMessages":[],"fullName":"Тесты LinkCell Проверка onClick","location":null,"status":"passed","title":"Проверка onClick"},{"ancestorTitles":["Тесты LinkCell"],"failureMessages":[],"fullName":"Тесты LinkCell Отрисовыается ссылка по таргету \"application\"","location":null,"status":"passed","title":"Отрисовыается ссылка по таргету \"application\""},{"ancestorTitles":["Тесты LinkCell"],"failureMessages":[],"fullName":"Тесты LinkCell Отрисовывается ссылка по таргету \"self\"","location":null,"status":"passed","title":"Отрисовывается ссылка по таргету \"self\""},{"ancestorTitles":["Тесты LinkCell"],"failureMessages":[],"fullName":"Тесты LinkCell Отрисовывается ссылка по таргету \"newWindow\"","location":null,"status":"passed","title":"Отрисовывается ссылка по таргету \"newWindow\""}],"endTime":1564055593574,"message":"","name":"/home/abelov/IdeaProjects/open/n2o-framework/frontend/n2o/src/components/widgets/Table/cells/LinkCell/LinkCell.test.js","startTime":1564055593170,"status":"passed","summary":""},{"assertionResults":[{"ancestorTitles":["<HintDropDown />"],"failureMessages":[],"fullName":"<HintDropDown /> проверяет создание элемента","location":null,"status":"passed","title":"проверяет создание элемента"},{"ancestorTitles":["<HintDropDown />"],"failureMessages":[],"fullName":"<HintDropDown /> Свойство title","location":null,"status":"passed","title":"Свойство title"},{"ancestorTitles":["<HintDropDown />"],"failureMessages":[],"fullName":"<HintDropDown /> Свойство icon","location":null,"status":"passed","title":"Свойство icon"},{"ancestorTitles":["<HintDropDown />"],"failureMessages":[],"fullName":"<HintDropDown /> Свойство visible","location":null,"status":"passed","title":"Свойство visible"},{"ancestorTitles":["<HintDropDown />"],"failureMessages":[],"fullName":"<HintDropDown /> Свойство disabled","location":null,"status":"passed","title":"Свойство disabled"},{"ancestorTitles":["<HintDropDown />"],"failureMessages":[],"fullName":"<HintDropDown /> Свойство size","location":null,"status":"passed","title":"Свойство size"},{"ancestorTitles":["<HintDropDown />"],"failureMessages":[],"fullName":"<HintDropDown /> Свойство color","location":null,"status":"passed","title":"Свойство color"},{"ancestorTitles":["<HintDropDown />"],"failureMessages":[],"fullName":"<HintDropDown /> Создание элементов dropdown","location":null,"status":"passed","title":"Создание элементов dropdown"},{"ancestorTitles":["<HintDropDown />"],"failureMessages":[],"fullName":"<HintDropDown /> Проверка onClick по элементам dropdown если есть action","location":null,"status":"passed","title":"Проверка onClick по элементам dropdown если есть action"}],"endTime":1564055593893,"message":"","name":"/home/abelov/IdeaProjects/open/n2o-framework/frontend/n2o/src/components/widgets/Table/cells/ButtonsCell/tests/HintDropDown.test.js","startTime":1564055593512,"status":"passed","summary":""},{"assertionResults":[{"ancestorTitles":["Тест для createActionHelper"],"failureMessages":[],"fullName":"Тест для createActionHelper Генирирует правильные события","location":null,"status":"passed","title":"Генирирует правильные события"},{"ancestorTitles":["Тест для createActionHelper"],"failureMessages":[],"fullName":"Тест для createActionHelper Возвращает правильный payload","location":null,"status":"passed","title":"Возвращает правильный payload"},{"ancestorTitles":["Тест для createActionHelper"],"failureMessages":[],"fullName":"Тест для createActionHelper Возвращает правильную meta","location":null,"status":"passed","title":"Возвращает правильную meta"}],"endTime":1564055593939,"message":"","name":"/home/abelov/IdeaProjects/open/n2o-framework/frontend/n2o/src/actions/createActionHelper.test.js","startTime":1564055593773,"status":"passed","summary":""},{"assertionResults":[{"ancestorTitles":["<InputSelectTree />"],"failureMessages":[],"fullName":"<InputSelectTree /> проверяет создание элемента","location":null,"status":"passed","title":"проверяет создание элемента"}],"endTime":1564055594208,"message":"","name":"/home/abelov/IdeaProjects/open/n2o-framework/frontend/n2o/src/components/controls/InputSelectTree/InputSelectTreeContainer.test.js","startTime":1564055593759,"status":"passed","summary":""},{"assertionResults":[{"ancestorTitles":["propsResolver"],"failureMessages":[],"fullName":"propsResolver проверяет статичный резолв","location":null,"status":"passed","title":"проверяет статичный резолв"},{"ancestorTitles":["propsResolver"],"failureMessages":[],"fullName":"propsResolver проверяет проверяет ссылку в модели","location":null,"status":"passed","title":"проверяет проверяет ссылку в модели"},{"ancestorTitles":["propsResolver"],"failureMessages":[],"fullName":"propsResolver проверяет js выражение","location":null,"status":"passed","title":"проверяет js выражение"},{"ancestorTitles":["propsResolver"],"failureMessages":[],"fullName":"propsResolver проверяет комбинацию js и статики","location":null,"status":"passed","title":"проверяет комбинацию js и статики"},{"ancestorTitles":["propsResolver"],"failureMessages":[],"fullName":"propsResolver проверяет комбинацию js, статики и выражения","location":null,"status":"passed","title":"проверяет комбинацию js, статики и выражения"},{"ancestorTitles":["propsResolver"],"failureMessages":[],"fullName":"propsResolver проверяет глубокую итерацию","location":null,"status":"passed","title":"проверяет глубокую итерацию"},{"ancestorTitles":["propsResolver"],"failureMessages":[],"fullName":"propsResolver проверяет работоспособность внешних функций","location":null,"status":"passed","title":"проверяет работоспособность внешних функций"}],"endTime":1564055594356,"message":"","name":"/home/abelov/IdeaProjects/open/n2o-framework/frontend/n2o/src/utils/propsResolver.test.js","startTime":1564055594165,"status":"passed","summary":""},{"assertionResults":[{"ancestorTitles":["Проверка саги widgets"],"failureMessages":[],"fullName":"Проверка саги widgets handleFetch должен выпасть с ошибкой","location":null,"status":"passed","title":"handleFetch должен выпасть с ошибкой"},{"ancestorTitles":["Проверка саги widgets"],"failureMessages":[],"fullName":"Проверка саги widgets Проверка генератора setWidgetDataSuccess","location":null,"status":"passed","title":"Проверка генератора setWidgetDataSuccess"},{"ancestorTitles":["Проверка саги widgets"],"failureMessages":[],"fullName":"Проверка саги widgets Должен произойти clearOnDisable","location":null,"status":"passed","title":"Должен произойти clearOnDisable"},{"ancestorTitles":["Проверка саги widgets"],"failureMessages":[],"fullName":"Проверка саги widgets Должен произойти runResolve","location":null,"status":"passed","title":"Должен произойти runResolve"},{"ancestorTitles":["Проверка саги widgets"],"failureMessages":[],"fullName":"Проверка саги widgets resolveUrl должен вернуть базовый путь и параметры","location":null,"status":"passed","title":"resolveUrl должен вернуть базовый путь и параметры"},{"ancestorTitles":["Проверка саги widgets"],"failureMessages":[],"fullName":"Проверка саги widgets prepareFetch должен вернуть подготовленные даные","location":null,"status":"passed","title":"prepareFetch должен вернуть подготовленные даные"}],"endTime":1564055594389,"message":"","name":"/home/abelov/IdeaProjects/open/n2o-framework/frontend/n2o/src/sagas/widgets.test.js","startTime":1564055594062,"status":"passed","summary":""},{"assertionResults":[{"ancestorTitles":["<InputSelectContainer />"],"failureMessages":[],"fullName":"<InputSelectContainer /> проверяет создание элемента","location":null,"status":"passed","title":"проверяет создание элемента"}],"endTime":1564055594646,"message":"","name":"/home/abelov/IdeaProjects/open/n2o-framework/frontend/n2o/src/components/controls/InputSelect/InputSelectContainer.test.js","startTime":1564055594371,"status":"passed","summary":""},{"assertionResults":[{"ancestorTitles":["Проверка parseFormatter"],"failureMessages":[],"fullName":"Проверка parseFormatter преобразует дату","location":null,"status":"passed","title":"преобразует дату"},{"ancestorTitles":["Проверка parseFormatter"],"failureMessages":[],"fullName":"Проверка parseFormatter преобразует пароль","location":null,"status":"passed","title":"преобразует пароль"},{"ancestorTitles":["Проверка parseFormatter"],"failureMessages":[],"fullName":"Проверка parseFormatter преобразует число","location":null,"status":"passed","title":"преобразует число"},{"ancestorTitles":["Проверка parseFormatter"],"failureMessages":[],"fullName":"Проверка parseFormatter преобразует дату текущего момента","location":null,"status":"passed","title":"преобразует дату текущего момента"},{"ancestorTitles":["Проверка parseFormatter"],"failureMessages":[],"fullName":"Проверка parseFormatter вернет data при невалидном значении data или typeAndFormat","location":null,"status":"passed","title":"вернет data при невалидном значении data или typeAndFormat"}],"endTime":1564055594701,"message":"","name":"/home/abelov/IdeaProjects/open/n2o-framework/frontend/n2o/src/utils/parseFormatter.test.js","startTime":1564055594530,"status":"passed","summary":""},{"assertionResults":[{"ancestorTitles":["Проверка observeStore"],"failureMessages":[],"fullName":"Проверка observeStore Подписывается на изменение","location":null,"status":"passed","title":"Подписывается на изменение"}],"endTime":1564055594883,"message":"","name":"/home/abelov/IdeaProjects/open/n2o-framework/frontend/n2o/src/utils/observeStore.test.js","startTime":1564055594569,"status":"passed","summary":""},{"assertionResults":[{"ancestorTitles":["withFieldContainer"],"failureMessages":[],"fullName":"withFieldContainer Проверка регистрации свойств компонента","location":null,"status":"passed","title":"Проверка регистрации свойств компонента"}],"endTime":1564055595173,"message":"","name":"/home/abelov/IdeaProjects/open/n2o-framework/frontend/n2o/src/components/widgets/Form/fields/withFieldContainer.test.js","startTime":1564055594822,"status":"passed","summary":""},{"assertionResults":[{"ancestorTitles":["<N2OSelect />"],"failureMessages":[],"fullName":"<N2OSelect /> проверяет создание элемента","location":null,"status":"passed","title":"проверяет создание элемента"},{"ancestorTitles":["<N2OSelect />"],"failureMessages":[],"fullName":"<N2OSelect /> проверяет параметр value","location":null,"status":"passed","title":"проверяет параметр value"},{"ancestorTitles":["<N2OSelect />"],"failureMessages":[],"fullName":"<N2OSelect /> проверяет параметр placeholder","location":null,"status":"passed","title":"проверяет параметр placeholder"},{"ancestorTitles":["<N2OSelect />"],"failureMessages":[],"fullName":"<N2OSelect /> проверяет параметр onSelect","location":null,"status":"passed","title":"проверяет параметр onSelect"},{"ancestorTitles":["<N2OSelect />"],"failureMessages":[],"fullName":"<N2OSelect /> проверяет reset в N2OSelect","location":null,"status":"passed","title":"проверяет reset в N2OSelect"},{"ancestorTitles":["<N2OSelect />"],"failureMessages":[],"fullName":"<N2OSelect /> проверяет cleanable в N2OSelect","location":null,"status":"passed","title":"проверяет cleanable в N2OSelect"}],"endTime":1564055595312,"message":"","name":"/home/abelov/IdeaProjects/open/n2o-framework/frontend/n2o/src/components/controls/N2OSelect/N2OSelect.test.js","startTime":1564055594920,"status":"passed","summary":""},{"assertionResults":[{"ancestorTitles":["Тестирование саги"],"failureMessages":[],"fullName":"Тестирование саги Тестирование вызова функции экшена на саге","location":null,"status":"passed","title":"Тестирование вызова функции экшена на саге"},{"ancestorTitles":["Тестирование саги"],"failureMessages":[],"fullName":"Тестирование саги Экшен не вызывается при регистрации зависимости, если applyOnInit == false","location":null,"status":"passed","title":"Экшен не вызывается при регистрации зависимости, если applyOnInit == false"},{"ancestorTitles":["Тестирование саги"],"failureMessages":[],"fullName":"Тестирование саги Экшен вызывается при изменении значения формы","location":null,"status":"passed","title":"Экшен вызывается при изменении значения формы"},{"ancestorTitles":["Тестирование саги"],"failureMessages":[],"fullName":"Тестирование саги Проверка модификатора зависимостей","location":null,"status":"passed","title":"Проверка модификатора зависимостей"},{"ancestorTitles":["Тестирование саги"],"failureMessages":[],"fullName":"Тестирование саги Проверка модификатора enabled зависимости","location":null,"status":"passed","title":"Проверка модификатора enabled зависимости"},{"ancestorTitles":["Тестирование саги"],"failureMessages":[],"fullName":"Тестирование саги Проверка модификатора setValue зависимости","location":null,"status":"passed","title":"Проверка модификатора setValue зависимости"},{"ancestorTitles":["Тестирование саги"],"failureMessages":[],"fullName":"Тестирование саги Проверка модификатора reset зависимости","location":null,"status":"passed","title":"Проверка модификатора reset зависимости"},{"ancestorTitles":["Тестирование редюсера"],"failureMessages":[],"fullName":"Тестирование редюсера Тестирование регистрации зависимости","location":null,"status":"passed","title":"Тестирование регистрации зависимости"},{"ancestorTitles":["Тестирование редюсера"],"failureMessages":[],"fullName":"Тестирование редюсера Тестирование экшенов блокировки","location":null,"status":"passed","title":"Тестирование экшенов блокировки"},{"ancestorTitles":["Тестирование редюсера"],"failureMessages":[],"fullName":"Тестирование редюсера Тестирование экшенов блокировки","location":null,"status":"passed","title":"Тестирование экшенов блокировки"},{"ancestorTitles":["Тестирование HOC"],"failureMessages":[],"fullName":"Тестирование HOC Зависимость регистрируется","location":null,"status":"passed","title":"Зависимость регистрируется"}],"endTime":1564055595344,"message":"","name":"/home/abelov/IdeaProjects/open/n2o-framework/frontend/n2o/src/core/dependencies/Dependency.test.js","startTime":1564055595030,"status":"passed","summary":""},{"assertionResults":[{"ancestorTitles":["Проверка until js","setWatchDependency"],"failureMessages":[],"fullName":"Проверка until js setWatchDependency Вызов с параметрами","location":null,"status":"passed","title":"Вызов с параметрами"},{"ancestorTitles":["Проверка until js","setWatchDependency"],"failureMessages":[],"fullName":"Проверка until js setWatchDependency dependency через точку","location":null,"status":"passed","title":"dependency через точку"},{"ancestorTitles":["Проверка until js","setWatchDependency"],"failureMessages":[],"fullName":"Проверка until js setWatchDependency несколько одинаковых dependency","location":null,"status":"passed","title":"несколько одинаковых dependency"}],"endTime":1564055595548,"message":"","name":"/home/abelov/IdeaProjects/open/n2o-framework/frontend/n2o/src/components/widgets/Form/untils.test.js","startTime":1564055595374,"status":"passed","summary":""},{"assertionResults":[{"ancestorTitles":["<RadioButton />"],"failureMessages":[],"fullName":"<RadioButton /> создание радио","location":null,"status":"passed","title":"создание радио"},{"ancestorTitles":["<RadioButton />"],"failureMessages":[],"fullName":"<RadioButton /> классы чекбокса","location":null,"status":"passed","title":"классы чекбокса"}],"endTime":1564055595676,"message":"","name":"/home/abelov/IdeaProjects/open/n2o-framework/frontend/n2o/src/components/controls/Radio/RadioButton.test.js","startTime":1564055595489,"status":"passed","summary":""},{"assertionResults":[{"ancestorTitles":["Тесты TitleFieldset"],"failureMessages":[],"fullName":"Тесты TitleFieldset Отрисовывается","location":null,"status":"passed","title":"Отрисовывается"},{"ancestorTitles":["Тесты TitleFieldset"],"failureMessages":[],"fullName":"Тесты TitleFieldset Отрисовываются все тексты","location":null,"status":"passed","title":"Отрисовываются все тексты"},{"ancestorTitles":["Тесты TitleFieldset"],"failureMessages":[],"fullName":"Тесты TitleFieldset Отрисовывается линия","location":null,"status":"passed","title":"Отрисовывается линия"}],"endTime":1564055595746,"message":"","name":"/home/abelov/IdeaProjects/open/n2o-framework/frontend/n2o/src/components/widgets/Form/fieldsets/TitleFieldset/TitleFieldset.test.js","startTime":1564055595515,"status":"passed","summary":""},{"assertionResults":[{"ancestorTitles":["<HintButton />"],"failureMessages":[],"fullName":"<HintButton /> проверяет создание элемента","location":null,"status":"passed","title":"проверяет создание элемента"},{"ancestorTitles":["<HintButton />"],"failureMessages":[],"fullName":"<HintButton /> Свойство title","location":null,"status":"passed","title":"Свойство title"},{"ancestorTitles":["<HintButton />"],"failureMessages":[],"fullName":"<HintButton /> Свойство icon","location":null,"status":"passed","title":"Свойство icon"},{"ancestorTitles":["<HintButton />"],"failureMessages":[],"fullName":"<HintButton /> Свойство visible","location":null,"status":"passed","title":"Свойство visible"},{"ancestorTitles":["<HintButton />"],"failureMessages":[],"fullName":"<HintButton /> Свойство disabled","location":null,"status":"passed","title":"Свойство disabled"},{"ancestorTitles":["<HintButton />"],"failureMessages":[],"fullName":"<HintButton /> Свойство size","location":null,"status":"passed","title":"Свойство size"},{"ancestorTitles":["<HintButton />"],"failureMessages":[],"fullName":"<HintButton /> Свойство color","location":null,"status":"passed","title":"Свойство color"},{"ancestorTitles":["<HintButton />"],"failureMessages":[],"fullName":"<HintButton /> Проверка события onClick если есть action","location":null,"status":"passed","title":"Проверка события onClick если есть action"}],"endTime":1564055596102,"message":"","name":"/home/abelov/IdeaProjects/open/n2o-framework/frontend/n2o/src/components/widgets/Table/cells/ButtonsCell/tests/HintButtonl.test.js","startTime":1564055595726,"status":"passed","summary":""},{"assertionResults":[{"ancestorTitles":["<InputNumber />"],"failureMessages":[],"fullName":"<InputNumber /> можно вводить значение null","location":null,"status":"passed","title":"можно вводить значение null"},{"ancestorTitles":["<InputNumber />"],"failureMessages":[],"fullName":"<InputNumber /> можно вводить строку, которую можно привести к числу","location":null,"status":"passed","title":"можно вводить строку, которую можно привести к числу"},{"ancestorTitles":["<InputNumber />"],"failureMessages":[],"fullName":"<InputNumber /> можно вводить строку, не приводимую к числу, значение которой будет проигнорировано","location":null,"status":"passed","title":"можно вводить строку, не приводимую к числу, значение которой будет проигнорировано"},{"ancestorTitles":["<InputNumber />"],"failureMessages":[],"fullName":"<InputNumber /> можно вводить как целые, так и с точкой","location":null,"status":"passed","title":"можно вводить как целые, так и с точкой"},{"ancestorTitles":["<InputNumber />"],"failureMessages":[],"fullName":"<InputNumber /> увеличивает/уменьшает значение при нажатии на кнопку","location":null,"status":"passed","title":"увеличивает/уменьшает значение при нажатии на кнопку"},{"ancestorTitles":["<InputNumber />"],"failureMessages":[],"fullName":"<InputNumber /> увеличивает/уменьшает значение при  работе с клавиатурой","location":null,"status":"passed","title":"увеличивает/уменьшает значение при  работе с клавиатурой"},{"ancestorTitles":["<InputNumber />"],"failureMessages":[],"fullName":"<InputNumber /> округляет до количества знаков после запятой в step","location":null,"status":"passed","title":"округляет до количества знаков после запятой в step"},{"ancestorTitles":["<InputNumber />"],"failureMessages":[],"fullName":"<InputNumber /> добавляет нули после точки","location":null,"status":"passed","title":"добавляет нули после точки"},{"ancestorTitles":["<InputNumber />"],"failureMessages":[],"fullName":"<InputNumber /> видимый/невидимый по visible ","location":null,"status":"passed","title":"видимый/невидимый по visible "},{"ancestorTitles":["<InputNumber />"],"failureMessages":[],"fullName":"<InputNumber />  доступен для изменения по disable ","location":null,"status":"passed","title":" доступен для изменения по disable "},{"ancestorTitles":["<InputNumber />"],"failureMessages":[],"fullName":"<InputNumber /> значения больше max невалидны","location":null,"status":"passed","title":"значения больше max невалидны"},{"ancestorTitles":["<InputNumber />"],"failureMessages":[],"fullName":"<InputNumber /> значения меньше min невалидны","location":null,"status":"passed","title":"значения меньше min невалидны"},{"ancestorTitles":["<InputNumber />"],"failureMessages":[],"fullName":"<InputNumber /> показывает/скрывает кнопки по showButtons","location":null,"status":"passed","title":"показывает/скрывает кнопки по showButtons"},{"ancestorTitles":["<InputNumber />"],"failureMessages":[],"fullName":"<InputNumber /> вызывает onChange при изменении","location":null,"status":"passed","title":"вызывает onChange при изменении"},{"ancestorTitles":["<InputNumber />"],"failureMessages":[],"fullName":"<InputNumber /> оботражает 0 после обновления","location":null,"status":"passed","title":"оботражает 0 после обновления"},{"ancestorTitles":["<InputNumber />"],"failureMessages":[],"fullName":"<InputNumber /> отображает целое число при вводе","location":null,"status":"passed","title":"отображает целое число при вводе"}],"endTime":1564055596181,"message":"","name":"/home/abelov/IdeaProjects/open/n2o-framework/frontend/n2o/src/components/controls/InputNumber/InputNumber.t
[...]
должен вернуть visible по id","location":null,"status":"passed","title":"makeWidgetVisibleSelector должен вернуть visible по id"},{"ancestorTitles":["Проверка селекторов widgets"],"failureMessages":[],"fullName":"Проверка селекторов widgets makeWidgetEnabledSelector должен вернуть enabled по id","location":null,"status":"passed","title":"makeWidgetEnabledSelector должен вернуть enabled по id"},{"ancestorTitles":["Проверка селекторов widgets"],"failureMessages":[],"fullName":"Проверка селекторов widgets makeWidgetLoadingSelector должен вернуть loading по id","location":null,"status":"passed","title":"makeWidgetLoadingSelector должен вернуть loading по id"},{"ancestorTitles":["Проверка селекторов widgets"],"failureMessages":[],"fullName":"Проверка селекторов widgets makeWidgetSizeSelector должен вернуть size по id","location":null,"status":"passed","title":"makeWidgetSizeSelector должен вернуть size по id"},{"ancestorTitles":["Проверка селекторов widgets"],"failureMessages":[],"fullName":"Проверка селекторов widgets makeWidgetCountSelector должен вернуть count по id","location":null,"status":"passed","title":"makeWidgetCountSelector должен вернуть count по id"},{"ancestorTitles":["Проверка селекторов widgets"],"failureMessages":[],"fullName":"Проверка селекторов widgets makeWidgetSortingSelector должен вернуть count по id","location":null,"status":"passed","title":"makeWidgetSortingSelector должен вернуть count по id"},{"ancestorTitles":["Проверка селекторов widgets"],"failureMessages":[],"fullName":"Проверка селекторов widgets makeWidgetFilterVisibilitySelector должен вернуть isFilterVisible по id","location":null,"status":"passed","title":"makeWidgetFilterVisibilitySelector должен вернуть isFilterVisible по id"},{"ancestorTitles":["Проверка селекторов widgets"],"failureMessages":[],"fullName":"Проверка селекторов widgets makeWidgetValidationSelector должен вернуть validation по id","location":null,"status":"passed","title":"makeWidgetValidationSelector должен вернуть validation по id"},{"ancestorTitles":["Проверка селекторов widgets"],"failureMessages":[],"fullName":"Проверка селекторов widgets makeSelectedIdSelector должен вернуть selectedId по id","location":null,"status":"passed","title":"makeSelectedIdSelector должен вернуть selectedId по id"},{"ancestorTitles":["Проверка селекторов widgets"],"failureMessages":[],"fullName":"Проверка селекторов widgets makeIsActiveSelector должен вернуть isActive по id","location":null,"status":"passed","title":"makeIsActiveSelector должен вернуть isActive по id"},{"ancestorTitles":["Проверка селекторов widgets"],"failureMessages":[],"fullName":"Проверка селекторов widgets makeWidgetPageSelector должен вернуть page по id","location":null,"status":"passed","title":"makeWidgetPageSelector должен вернуть page по id"},{"ancestorTitles":["Проверка селекторов widgets"],"failureMessages":[],"fullName":"Проверка селекторов widgets makeWidgetPageIdSelector должен вернуть pageId по id","location":null,"status":"passed","title":"makeWidgetPageIdSelector должен вернуть pageId по id"},{"ancestorTitles":["Проверка селекторов widgets"],"failureMessages":[],"fullName":"Проверка селекторов widgets makeTypeSelector должен вернуть type по id","location":null,"status":"passed","title":"makeTypeSelector должен вернуть type по id"},{"ancestorTitles":["Проверка селекторов widgets"],"failureMessages":[],"fullName":"Проверка селекторов widgets makeWidgetDataProviderSelector должен вернуть type по id","location":null,"status":"passed","title":"makeWidgetDataProviderSelector должен вернуть type по id"},{"ancestorTitles":["Проверка селекторов widgets"],"failureMessages":[],"fullName":"Проверка селекторов widgets isAnyTableFocusedSelector должен вернуть true","location":null,"status":"passed","title":"isAnyTableFocusedSelector должен вернуть true"}],"endTime":1564055609703,"message":"","name":"/home/abelov/IdeaProjects/open/n2o-framework/frontend/n2o/src/selectors/widgets.test.js","startTime":1564055609577,"status":"passed","summary":""},{"assertionResults":[{"ancestorTitles":["Тесты экшенов global","Проверка экшена changeLocale"],"failureMessages":[],"fullName":"Тесты экшенов global Проверка экшена changeLocale Генирирует правильное событие","location":null,"status":"passed","title":"Генирирует правильное событие"},{"ancestorTitles":["Тесты экшенов global","Проверка экшена changeLocale"],"failureMessages":[],"fullName":"Тесты экшенов global Проверка экшена changeLocale Возвращает правильный payload","location":null,"status":"passed","title":"Возвращает правильный payload"},{"ancestorTitles":["Тесты экшенов global","Проверка экшена requestConfig"],"failureMessages":[],"fullName":"Тесты экшенов global Проверка экшена requestConfig Генирирует правильное событие","location":null,"status":"passed","title":"Генирирует правильное событие"},{"ancestorTitles":["Тесты экшенов global","Проверка экшена requestConfig"],"failureMessages":[],"fullName":"Тесты экшенов global Проверка экшена requestConfig Возвращает правильный payload","location":null,"status":"passed","title":"Возвращает правильный payload"},{"ancestorTitles":["Тесты экшенов global","Проверка экшена requestConfigSuccess"],"failureMessages":[],"fullName":"Тесты экшенов global Проверка экшена requestConfigSuccess Генирирует правильное событие","location":null,"status":"passed","title":"Генирирует правильное событие"},{"ancestorTitles":["Тесты экшенов global","Проверка экшена requestConfigSuccess"],"failureMessages":[],"fullName":"Тесты экшенов global Проверка экшена requestConfigSuccess Возвращает правильный payload","location":null,"status":"passed","title":"Возвращает правильный payload"},{"ancestorTitles":["Тесты экшенов global","Проверка экшена requestConfigFail"],"failureMessages":[],"fullName":"Тесты экшенов global Проверка экшена requestConfigFail Генирирует правильное событие","location":null,"status":"passed","title":"Генирирует правильное событие"},{"ancestorTitles":["Тесты экшенов global","Проверка экшена requestConfigFail"],"failureMessages":[],"fullName":"Тесты экшенов global Проверка экшена requestConfigFail Возвращает правильный payload","location":null,"status":"passed","title":"Возвращает правильный payload"},{"ancestorTitles":["Тесты экшенов global","Проверка экшена changeRootPage"],"failureMessages":[],"fullName":"Тесты экшенов global Проверка экшена changeRootPage Генирирует правильное событие","location":null,"status":"passed","title":"Генирирует правильное событие"},{"ancestorTitles":["Тесты экшенов global","Проверка экшена changeRootPage"],"failureMessages":[],"fullName":"Тесты экшенов global Проверка экшена changeRootPage Возвращает правильный payload","location":null,"status":"passed","title":"Возвращает правильный payload"}],"endTime":1564055609797,"message":"","name":"/home/abelov/IdeaProjects/open/n2o-framework/frontend/n2o/src/actions/global.test.js","startTime":1564055609623,"status":"passed","summary":""},{"assertionResults":[{"ancestorTitles":["Тесты для экшенов alerts","Экшен addAlert"],"failureMessages":[],"fullName":"Тесты для экшенов alerts Экшен addAlert Генирирует правильное событие","location":null,"status":"passed","title":"Генирирует правильное событие"},{"ancestorTitles":["Тесты для экшенов alerts","Экшен addAlert"],"failureMessages":[],"fullName":"Тесты для экшенов alerts Экшен addAlert Проверяет правильность возвращаемых данных","location":null,"status":"passed","title":"Проверяет правильность возвращаемых данных"},{"ancestorTitles":["Тесты для экшенов alerts","Экшен addAlerts"],"failureMessages":[],"fullName":"Тесты для экшенов alerts Экшен addAlerts Генирирует правильное событие","location":null,"status":"passed","title":"Генирирует правильное событие"},{"ancestorTitles":["Тесты для экшенов alerts","Экшен addAlerts"],"failureMessages":[],"fullName":"Тесты для экшенов alerts Экшен addAlerts Проверяет правильность возвращаемых данных","location":null,"status":"passed","title":"Проверяет правильность возвращаемых данных"},{"ancestorTitles":["Тесты для экшенов alerts","Экшен removeAlert"],"failureMessages":[],"fullName":"Тесты для экшенов alerts Экшен removeAlert Генирирует правильное событие","location":null,"status":"passed","title":"Генирирует правильное событие"},{"ancestorTitles":["Тесты для экшенов alerts","Экшен removeAlert"],"failureMessages":[],"fullName":"Тесты для экшенов alerts Экшен removeAlert Проверяет правильность возвращаемых данных","location":null,"status":"passed","title":"Проверяет правильность возвращаемых данных"},{"ancestorTitles":["Тесты для экшенов alerts","Экшен removeAlerts"],"failureMessages":[],"fullName":"Тесты для экшенов alerts Экшен removeAlerts Генирирует правильное событие","location":null,"status":"passed","title":"Генирирует правильное событие"},{"ancestorTitles":["Тесты для экшенов alerts","Экшен removeAlerts"],"failureMessages":[],"fullName":"Тесты для экшенов alerts Экшен removeAlerts Проверяет правильность возвращаемых данных","location":null,"status":"passed","title":"Проверяет правильность возвращаемых данных"}],"endTime":1564055609858,"message":"","name":"/home/abelov/IdeaProjects/open/n2o-framework/frontend/n2o/src/actions/alerts.test.js","startTime":1564055609710,"status":"passed","summary":""},{"assertionResults":[{"ancestorTitles":["Проверка request"],"failureMessages":[],"fullName":"Проверка request вернет ответ","location":null,"status":"passed","title":"вернет ответ"}],"endTime":1564055610036,"message":"","name":"/home/abelov/IdeaProjects/open/n2o-framework/frontend/n2o/src/utils/request.test.js","startTime":1564055609854,"status":"passed","summary":""},{"assertionResults":[{"ancestorTitles":["Проверка селекторов auth"],"failureMessages":[],"fullName":"Проверка селекторов auth authSelector должен вернуть пользователя","location":null,"status":"passed","title":"authSelector должен вернуть пользователя"},{"ancestorTitles":["Проверка селекторов auth"],"failureMessages":[],"fullName":"Проверка селекторов auth isloggedInSelector должен вернуть isLoggedIn","location":null,"status":"passed","title":"isloggedInSelector должен вернуть isLoggedIn"},{"ancestorTitles":["Проверка селекторов auth"],"failureMessages":[],"fullName":"Проверка селекторов auth userSelector должен вернуть user без isLoggedIn","location":null,"status":"passed","title":"userSelector должен вернуть user без isLoggedIn"}],"endTime":1564055610091,"message":"","name":"/home/abelov/IdeaProjects/open/n2o-framework/frontend/n2o/src/selectors/auth.test.js","startTime":1564055609990,"status":"passed","summary":""},{"assertionResults":[{"ancestorTitles":["Проверка селекторов alerts","Проверка alertsSelector"],"failureMessages":[],"fullName":"Проверка селекторов alerts Проверка alertsSelector должен вернуть state","location":null,"status":"passed","title":"должен вернуть state"},{"ancestorTitles":["Проверка селекторов alerts","Проверка alertsSelector"],"failureMessages":[],"fullName":"Проверка селекторов alerts Проверка alertsSelector должен вернуть пустой объект","location":null,"status":"passed","title":"должен вернуть пустой объект"},{"ancestorTitles":["Проверка селекторов alerts","Проверка makeAlertsByKeySelector"],"failureMessages":[],"fullName":"Проверка селекторов alerts Проверка makeAlertsByKeySelector должен вернуть алерт по ключу","location":null,"status":"passed","title":"должен вернуть алерт по ключу"}],"endTime":1564055610393,"message":"","name":"/home/abelov/IdeaProjects/open/n2o-framework/frontend/n2o/src/selectors/alerts.test.js","startTime":1564055610252,"status":"passed","summary":""},{"assertionResults":[{"ancestorTitles":["Проверка селекторов global"],"failureMessages":[],"fullName":"Проверка селекторов global globalSelector должен вернуть global","location":null,"status":"passed","title":"globalSelector должен вернуть global"},{"ancestorTitles":["Проверка селекторов global"],"failureMessages":[],"fullName":"Проверка селекторов global localeSelector должен вернуть locale","location":null,"status":"passed","title":"localeSelector должен вернуть locale"},{"ancestorTitles":["Проверка селекторов global"],"failureMessages":[],"fullName":"Проверка селекторов global appLoadingSelector должен вернуть loading","location":null,"status":"passed","title":"appLoadingSelector должен вернуть loading"},{"ancestorTitles":["Проверка селекторов global"],"failureMessages":[],"fullName":"Проверка селекторов global localizationSelector должен вернуть messages","location":null,"status":"passed","title":"localizationSelector должен вернуть messages"},{"ancestorTitles":["Проверка селекторов global"],"failureMessages":[],"fullName":"Проверка селекторов global menuSelector должен вернуть menu","location":null,"status":"passed","title":"menuSelector должен вернуть menu"},{"ancestorTitles":["Проверка селекторов global"],"failureMessages":[],"fullName":"Проверка селекторов global errorSelector должен вернуть error","location":null,"status":"passed","title":"errorSelector должен вернуть error"},{"ancestorTitles":["Проверка селекторов global"],"failureMessages":[],"fullName":"Проверка селекторов global rootPageSelector должен вернуть rootPageId","location":null,"status":"passed","title":"rootPageSelector должен вернуть rootPageId"},{"ancestorTitles":["Проверка селекторов global"],"failureMessages":[],"fullName":"Проверка селекторов global routerSelector должен вернуть router","location":null,"status":"passed","title":"routerSelector должен вернуть router"},{"ancestorTitles":["Проверка селекторов global"],"failureMessages":[],"fullName":"Проверка селекторов global getLocation должен вернуть location","location":null,"status":"passed","title":"getLocation должен вернуть location"}],"endTime":1564055610626,"message":"","name":"/home/abelov/IdeaProjects/open/n2o-framework/frontend/n2o/src/selectors/global.test.js","startTime":1564055610521,"status":"passed","summary":""},{"assertionResults":[{"ancestorTitles":["Проверка селекторов toolbar"],"failureMessages":[],"fullName":"Проверка селекторов toolbar toolbarSelector должен вернуть state toolbar","location":null,"status":"passed","title":"toolbarSelector должен вернуть state toolbar"},{"ancestorTitles":["Проверка селекторов toolbar"],"failureMessages":[],"fullName":"Проверка селекторов toolbar isVisibleSelector должен вернуть visible кнопки","location":null,"status":"passed","title":"isVisibleSelector должен вернуть visible кнопки"},{"ancestorTitles":["Проверка селекторов toolbar"],"failureMessages":[],"fullName":"Проверка селекторов toolbar sizeSelector должен вернуть size кнопки","location":null,"status":"passed","title":"sizeSelector должен вернуть size кнопки"},{"ancestorTitles":["Проверка селекторов toolbar"],"failureMessages":[],"fullName":"Проверка селекторов toolbar colorSelector должен вернуть color кнопки","location":null,"status":"passed","title":"colorSelector должен вернуть color кнопки"},{"ancestorTitles":["Проверка селекторов toolbar"],"failureMessages":[],"fullName":"Проверка селекторов toolbar isDisabledSelector должен вернуть disabled кнопки","location":null,"status":"passed","title":"isDisabledSelector должен вернуть disabled кнопки"},{"ancestorTitles":["Проверка селекторов toolbar"],"failureMessages":[],"fullName":"Проверка селекторов toolbar titleSelector должен вернуть title кнопки","location":null,"status":"passed","title":"titleSelector должен вернуть title кнопки"},{"ancestorTitles":["Проверка селекторов toolbar"],"failureMessages":[],"fullName":"Проверка селекторов toolbar countSelector должен вернуть count кнопки","location":null,"status":"passed","title":"countSelector должен вернуть count кнопки"},{"ancestorTitles":["Проверка селекторов toolbar"],"failureMessages":[],"fullName":"Проверка селекторов toolbar hintSelector должен вернуть hint кнопки","location":null,"status":"passed","title":"hintSelector должен вернуть hint кнопки"},{"ancestorTitles":["Проверка селекторов toolbar"],"failureMessages":[],"fullName":"Проверка селекторов toolbar iconSelector должен вернуть icon кнопки","location":null,"status":"passed","title":"iconSelector должен вернуть icon кнопки"},{"ancestorTitles":["Проверка селекторов toolbar"],"failureMessages":[],"fullName":"Проверка селекторов toolbar classSelector должен вернуть class кнопки","location":null,"status":"passed","title":"classSelector должен вернуть class кнопки"},{"ancestorTitles":["Проверка селекторов toolbar"],"failureMessages":[],"fullName":"Проверка селекторов toolbar styleSelector должен вернуть style кнопки","location":null,"status":"passed","title":"styleSelector должен вернуть style кнопки"},{"ancestorTitles":["Проверка селекторов toolbar"],"failureMessages":[],"fullName":"Проверка селекторов toolbar isInitSelector должен вернуть isInit кнопки","location":null,"status":"passed","title":"isInitSelector должен вернуть isInit кнопки"},{"ancestorTitles":["Проверка селекторов toolbar"],"failureMessages":[],"fullName":"Проверка селекторов toolbar isLoading должен вернуть loading кнопки","location":null,"status":"passed","title":"isLoading должен вернуть loading кнопки"},{"ancestorTitles":["Проверка селекторов toolbar"],"failureMessages":[],"fullName":"Проверка селекторов toolbar errorSelector должен вернуть error кнопки","location":null,"status":"passed","title":"errorSelector должен вернуть error кнопки"},{"ancestorTitles":["Проверка селекторов toolbar"],"failureMessages":[],"fullName":"Проверка селекторов toolbar getContainerButtons должен вернуть кнопки","location":null,"status":"passed","title":"getContainerButtons должен вернуть кнопки"}],"endTime":1564055610674,"message":"","name":"/home/abelov/IdeaProjects/open/n2o-framework/frontend/n2o/src/selectors/toolbar.test.js","startTime":1564055610514,"status":"passed","summary":""},{"assertionResults":[{"ancestorTitles":["Тесты Page"],"failureMessages":[],"fullName":"Тесты Page Установка Page","location":null,"status":"pending","title":"Установка Page"},{"ancestorTitles":["Тесты Page"],"failureMessages":[],"fullName":"Тесты Page Отрисовка Page","location":null,"status":"pending","title":"Отрисовка Page"},{"ancestorTitles":["Тесты Page"],"failureMessages":[],"fullName":"Тесты Page Проверка вызова getMetadata при установке компонента","location":null,"status":"pending","title":"Проверка вызова getMetadata при установке компонента"},{"ancestorTitles":["Тесты Page"],"failureMessages":[],"fullName":"Тесты Page Проверка вызова reset и getMetadate если метадата поменялась","location":null,"status":"pending","title":"Проверка вызова reset и getMetadate если метадата поменялась"},{"ancestorTitles":["Тесты Page"],"failureMessages":[],"fullName":"Тесты Page Проверка вызова routeMap если pageUrl поменялся и getMetadata если есть error","location":null,"status":"pending","title":"Проверка вызова routeMap если pageUrl поменялся и getMetadata если есть error"},{"ancestorTitles":["Тесты Page"],"failureMessages":[],"fullName":"Тесты Page shouldGetPageMetadata возвращает true при смене route если route есть в метаданных","location":null,"status":"pending","title":"shouldGetPageMetadata возвращает true при смене route если route есть в метаданных"},{"ancestorTitles":["Тесты Page"],"failureMessages":[],"fullName":"Тесты Page shouldGetPageMetadata возвращает false если silent = true","location":null,"status":"pending","title":"shouldGetPageMetadata возвращает false если silent = true"},{"ancestorTitles":["Тесты Page"],"failureMessages":[],"fullName":"Тесты Page shouldGetPageMetadata возвращает true если route есть в метаданных но нет isOtherPage","location":null,"status":"pending","title":"shouldGetPageMetadata возвращает true если route есть в метаданных но нет isOtherPage"},{"ancestorTitles":["Тесты Page"],"failureMessages":[],"fullName":"Тесты Page Вызов reset при unmount компонента","location":null,"status":"pending","title":"Вызов reset при unmount компонента"}],"endTime":1564055610842,"message":"","name":"/home/abelov/IdeaProjects/open/n2o-framework/frontend/n2o/src/components/core/Page.test.js","startTime":1564055610036,"status":"passed","summary":""}],"wasInterrupted":false}