{"numFailedTestSuites":0,"numFailedTests":0,"numPassedTestSuites":102,"numPassedTests":768,"numPendingTestSuites":0,"numPendingTests":0,"numRuntimeErrorTestSuites":0,"numTotalTestSuites":102,"numTotalTests":768,"snapshot":{"added":0,"didUpdate":false,"failure":false,"filesAdded":0,"filesRemoved":0,"filesUnmatched":0,"filesUpdated":0,"matched":10,"total":10,"unchecked":0,"unmatched":0,"updated":0},"startTime":1548937377731,"success":true,"testResults":[{"assertionResults":[{"failureMessages":[],"status":"passed","title":"isVisibleSelector должен вернуть visible кнопки"},{"failureMessages":[],"status":"passed","title":"sizeSelector должен вернуть size кнопки"},{"failureMessages":[],"status":"passed","title":"colorSelector должен вернуть color кнопки"},{"failureMessages":[],"status":"passed","title":"isDisabledSelector должен вернуть disabled кнопки"},{"failureMessages":[],"status":"passed","title":"titleSelector должен вернуть title кнопки"},{"failureMessages":[],"status":"passed","title":"countSelector должен вернуть count кнопки"},{"failureMessages":[],"status":"passed","title":"hintSelector должен вернуть hint кнопки"},{"failureMessages":[],"status":"passed","title":"iconSelector должен вернуть icon кнопки"},{"failureMessages":[],"status":"passed","title":"classSelector должен вернуть class кнопки"},{"failureMessages":[],"status":"passed","title":"styleSelector должен вернуть style кнопки"},{"failureMessages":[],"status":"passed","title":"isInitSelector должен вернуть isInit кнопки"},{"failureMessages":[],"status":"passed","title":"isLoading должен вернуть loading кнопки"},{"failureMessages":[],"status":"passed","title":"errorSelector должен вернуть error кнопки"},{"failureMessages":[],"status":"passed","title":"getContainerButtons должен вернуть кнопки"}],"endTime":1548937385887,"message":"","name":"C:\\Users\\dmusin\\WebstormProjects\\n2o-framework\\frontend\\n2o\\src\\selectors\\toolbar.test.js","startTime":1548937383215,"status":"passed","summary":""},{"assertionResults":[{"failureMessages":[],"status":"passed","title":"Отрисовывается"},{"failureMessages":[],"status":"passed","title":"Отрисовывается icon"},{"failureMessages":[],"status":"passed","title":"Проверка onClick"},{"failureMessages":[],"status":"passed","title":"Отрисовыается ссылка по таргету \"application\""},{"failureMessages":[],"status":"passed","title":"Отрисовывается ссылка по таргету \"self\""},{"failureMessages":[],"status":"passed","title":"Отрисовывается ссылка по таргету \"newWindow\""}],"endTime":1548937386102,"message":"","name":"C:\\Users\\dmusin\\WebstormProjects\\n2o-framework\\frontend\\n2o\\src\\components\\widgets\\Table\\cells\\LinkCell\\LinkCell.test.js","startTime":1548937383214,"status":"passed","summary":""},{"assertionResults":[{"failureMessages":[],"status":"passed","title":"проверяет создание тайтла"},{"failureMessages":[],"status":"passed","title":"проверяет путь до картинки"},{"failureMessages":[],"status":"passed","title":"проверяет форму изображения"},{"failureMessages":[],"status":"passed","title":"проверяет задание класса"},{"failureMessages":[],"status":"passed","title":"проверяет стили для элемента"}],"endTime":1548937387168,"message":"","name":"C:\\Users\\dmusin\\WebstormProjects\\n2o-framework\\frontend\\n2o\\src\\components\\widgets\\Table\\cells\\ImageCell\\ImageCell.test.js","startTime":1548937386116,"status":"passed","summary":""},{"assertionResults":[{"failureMessages":[],"status":"passed","title":"проверяет создание элемента"}],"endTime":1548937387607,"message":"","name":"C:\\Users\\dmusin\\WebstormProjects\\n2o-framework\\frontend\\n2o\\src\\components\\controls\\InputSelectTree\\InputSelectTreeContainer.test.js","startTime":1548937383212,"status":"passed","summary":""},{"assertionResults":[{"failureMessages":[],"status":"passed","title":"Отрисовывается по visible = true"},{"failureMessages":[],"status":"passed","title":"Не отрисовывается по visible = false"},{"failureMessages":[],"status":"passed","title":"отрисовывает без disabled"},{"failureMessages":[],"status":"passed","title":"отрисовывает с disabled"},{"failureMessages":[],"status":"passed","title":"Отрисовывается dropDown при visible = true"},{"failureMessages":[],"status":"passed","title":"Отрисовывается dropDown при visible = false"},{"failureMessages":[],"status":"passed","title":"отрисовывает dropdown без disabled"}],"endTime":1548937388034,"message":"","name":"C:\\Users\\dmusin\\WebstormProjects\\n2o-framework\\frontend\\n2o\\src\\components\\actions\\tests\\ButtonContainer.test.js","startTime":1548937387479,"status":"passed","summary":""},{"assertionResults":[{"failureMessages":[],"status":"passed","title":"проверяет создание элемента"},{"failureMessages":[],"status":"passed","title":"Проброс данных (data) в контейнер"},{"failureMessages":[],"status":"passed","title":"Получение данных через dataProvider при вызове fetchData"},{"failureMessages":[],"status":"passed","title":"Вызов fetchData с параметрами"},{"failureMessages":[],"status":"passed","title":"Мердж данных при fetchData merge=true"},{"failureMessages":[],"status":"passed","title":"Обработка серверной ошибки"},{"failureMessages":[],"status":"passed","title":"Проверка caching при fetchData"}],"endTime":1548937388057,"message":"","name":"C:\\Users\\dmusin\\WebstormProjects\\n2o-framework\\frontend\\n2o\\src\\components\\controls\\withFetchData.test.js","startTime":1548937383236,"status":"passed","summary":""},{"assertionResults":[{"failureMessages":[],"status":"passed","title":"проверяет вызов обработчика клика на TableRow"},{"failureMessages":[],"status":"passed","title":"проверяет вызывается ли функция установки нового индекса фокуса в state"},{"failureMessages":[],"status":"passed","title":"проверяет правильно ли устанавливается значение инфдекса фокуса в state"},{"failureMessages":[],"status":"passed","title":"проверяет вызывается ли функция установки нового индекса селекта в state"},{"failureMessages":[],"status":"passed","title":"проверяет правильно ли устанавливается значение инфдекса селекта в state"},{"failureMessages":[],"status":"passed","title":"проверяет вызывается ли функция установки новых индексов селекта и фокуса в state"},{"failureMessages":[],"status":"passed","title":"проверяет правильно ли устанавливается значение инфдексов фокуса и селекта в state"},{"failureMessages":[],"status":"passed","title":"проверяет, что при клике TableRow  находится в фокусе при hasFocus"},{"failureMessages":[],"status":"passed","title":"проверяет, что при клике TableRow  находится в фокусе при hasFocus == false"},{"failureMessages":[],"status":"passed","title":"Проверка цветов колонок"}],"endTime":1548937388145,"message":"","name":"C:\\Users\\dmusin\\WebstormProjects\\n2o-framework\\frontend\\n2o\\src\\components\\widgets\\Table\\Table.test.js","startTime":1548937386304,"status":"passed","summary":""},{"assertionResults":[{"failureMessages":[],"status":"passed","title":"Тестирование вызова  экшена на саге"},{"failureMessages":[],"status":"passed","title":"Тестирование resolveConditions"},{"failureMessages":[],"status":"passed","title":"Тестирование resolveConditions на null condition"}],"endTime":1548937388544,"message":"","name":"C:\\Users\\dmusin\\WebstormProjects\\n2o-framework\\frontend\\n2o\\src\\sagas\\model.test.js","startTime":1548937388265,"status":"passed","summary":""},{"assertionResults":[{"failureMessages":[],"status":"passed","title":"проверяет создание элемента"},{"failureMessages":[],"status":"passed","title":"handleScrollEnd с идеальными параметрами"},{"failureMessages":[],"status":"passed","title":"handleScrollEnd без page"},{"failureMessages":[],"status":"passed","title":"handleScrollEnd без size"},{"failureMessages":[],"status":"passed","title":"handleScrollEnd без count"},{"failureMessages":[],"status":"passed","title":"handleOpen"},{"failureMessages":[],"status":"passed","title":"handleSearch"},{"failureMessages":[],"status":"passed","title":"handleSearch проверка таймера вврода"},{"failureMessages":[],"status":"passed","title":"handleItemOpen"}],"endTime":1548937389625,"message":"","name":"C:\\Users\\dmusin\\WebstormProjects\\n2o-framework\\frontend\\n2o\\src\\components\\controls\\withListContainer.test.js","startTime":1548937388438,"status":"passed","summary":""},{"assertionResults":[{"failureMessages":[],"status":"passed","title":"Меняет состояние при update props value"},{"failureMessages":[],"status":"passed","title":"Отрисовывается"},{"failureMessages":[],"status":"passed","title":"Происходит маппинг"},{"failureMessages":[],"status":"passed","title":"Отрисовался item файла"},{"failureMessages":[],"status":"passed","title":"disabled"},{"failureMessages":[],"status":"passed","title":"Single"},{"failureMessages":[],"status":"passed","title":"Multi"},{"failureMessages":[],"status":"passed","title":"Отрисовывается"},{"failureMessages":[],"status":"passed","title":"Происходит маппинг"},{"failureMessages":[],"status":"passed","title":"Отрисовался item файла"},{"failureMessages":[],"status":"passed","title":"disabled"},{"failureMessages":[],"status":"passed","title":"Single"},{"failureMessages":[],"status":"passed","title":"Multi"},{"failureMessages":[],"status":"passed","title":"AutoUpload"},{"failureMessages":[],"status":"passed","title":"Проверка отправки запросов"},{"failureMessages":[],"status":"passed","title":"Проверка обработки ответа от сервера"},{"failureMessages":[],"status":"passed","title":"Проверка удаления файла"},{"failureMessages":[],"status":"passed","title":"Проверка onChange"},{"failureMessages":[],"status":"passed","title":"Проверка url placeholder"}],"endTime":1548937389810,"message":"","name":"C:\\Users\\dmusin\\WebstormProjects\\n2o-framework\\frontend\\n2o\\src\\components\\controls\\FileUploader\\FileUploader.test.js","startTime":1548937388382,"status":"passed","summary":""},{"assertionResults":[{"failureMessages":[],"status":"passed","title":"globalSelector должен вернуть global"},{"failureMessages":[],"status":"passed","title":"localeSelector должен вернуть locale"},{"failureMessages":[],"status":"passed","title":"appLoadingSelector должен вернуть loading"},{"failureMessages":[],"status":"passed","title":"localizationSelector должен вернуть messages"},{"failureMessages":[],"status":"passed","title":"menuSelector должен вернуть menu"},{"failureMessages":[],"status":"passed","title":"errorSelector должен вернуть error"},{"failureMessages":[],"status":"passed","title":"rootPageSelector должен вернуть rootPageId"},{"failureMessages":[],"status":"passed","title":"routerSelector должен вернуть router"},{"failureMessages":[],"status":"passed","title":"getLocation должен вернуть location"}],"endTime":1548937389912,"message":"","name":"C:\\Users\\dmusin\\WebstormProjects\\n2o-framework\\frontend\\n2o\\src\\selectors\\global.test.js","startTime":1548937389808,"status":"passed","summary":""},{"assertionResults":[{"failureMessages":[],"status":"passed","title":"видимость календаря определяется isCalendarVisible"},{"failureMessages":[],"status":"passed","title":"устанавливает value"},{"failureMessages":[],"status":"passed","title":"устанавливает disabled"},{"failureMessages":[],"status":"passed","title":"устанавливает placeholder"},{"failureMessages":[],"status":"passed","title":"вызывает onChange, если значение инпута поменялось на корректную дату"},{"failureMessages":[],"status":"passed","title":"корректно устанавливает формат даты (dateFormat)"},{"failureMessages":[],"status":"passed","title":"делает неактивными кнопки до min"},{"failureMessages":[],"status":"passed","title":"делает неактивными кнопки после max"},{"failureMessages":[],"status":"passed","title":"проверяет, что дефолтное время 00:00"},{"failureMessages":[],"status":"passed","title":"устанавливает время"},{"failureMessages":[],"status":"passed","title":"устанавливает value"},{"failureMessages":[],"status":"passed","title":"в календарь приходит та же дата, что и в ДейтТаймКонтрол"},{"failureMessages":[],"status":"passed","title":"в displayesMonth хранится начало месяца из пропертис"},{"failureMessages":[],"status":"passed","title":"при клике на стрелку вправо отображается следующий месяц"},{"failureMessages":[],"status":"passed","title":"при клике на стрелку влево отображается следующий месяц"},{"failureMessages":[],"status":"passed","title":"при клике на стрелку влево отображается предыддущий год (если, отображаются месяцы)"},{"failureMessages":[],"status":"passed","title":"при клике на стрелку вправо отображается следующий год (если, отображаются месяцы)"},{"failureMessages":[],"status":"passed","title":"при клике на стрелку влево отображается предыддущее десятилетие (если, отображаются годы)"},{"failureMessages":[],"status":"passed","title":"при клике на стрелку вправо отображается следующее десятилетие (если, отображаются годы)"},{"failureMessages":[],"status":"passed","title":"при нажатии на название месяца вид календаря - по месяцам"},{"failureMessages":[],"status":"passed","title":"при нажатии на год вид календаря - по годам"},{"failureMessages":[],"status":"passed","title":"при нажатии на название месяца календаря отображаются месяцы"},{"failureMessages":[],"status":"passed","title":"при нажатии на название месяца календаря отображаются месяцы при value null"},{"failureMessages":[],"status":"passed","title":"при нажатии на год отображаются годы"},{"failureMessages":[],"status":"passed","title":"при клике на месяц из списка отображается кликнутый месяц"},{"failureMessages":[],"status":"passed","title":"при клике на год из списка отображается кликнутый год"},{"failureMessages":[],"status":"passed","title":"нет timeFormat - нет таймпикера"},{"failureMessages":[],"status":"passed","title":"есть timeFormat - есть таймпикер"},{"failureMessages":[],"status":"passed","title":"нет дефолтного времени - надпись \"Выберите время\""},{"failureMessages":[],"status":"passed","title":"есть дефолтное время - отображается дефолтное время\""}],"endTime":1548937389889,"message":"","name":"C:\\Users\\dmusin\\WebstormProjects\\n2o-framework\\frontend\\n2o\\src\\components\\controls\\DatePicker\\DateTimeControl.test.js","startTime":1548937387848,"status":"passed","summary":""},{"assertionResults":[{"failureMessages":[],"status":"passed","title":"Проверяет создание Кнопки"},{"failureMessages":[],"status":"passed","title":"Проверяет создание Dropdown"},{"failureMessages":[],"status":"passed","title":"Проверяет отправку экшена"}],"endTime":1548937390560,"message":"","name":"C:\\Users\\dmusin\\WebstormProjects\\n2o-framework\\frontend\\n2o\\src\\components\\widgets\\Table\\cells\\ButtonsCell\\tests\\ButtonsCell.test.js","startTime":1548937390104,"status":"passed","summary":""},{"assertionResults":[{"failureMessages":[],"status":"passed","title":"проверяет создание элемента"},{"failureMessages":[],"status":"passed","title":"Свойство title"},{"failureMessages":[],"status":"passed","title":"Свойство icon"},{"failureMessages":[],"status":"passed","title":"Свойство visible"},{"failureMessages":[],"status":"passed","title":"Свойство disabled"},{"failureMessages":[],"status":"passed","title":"Свойство size"},{"failureMessages":[],"status":"passed","title":"Свойство color"},{"failureMessages":[],"status":"passed","title":"Создание элементов dropdown"},{"failureMessages":[],"status":"passed","title":"Проверка onClick по элементам dropdown если есть action"}],"endTime":1548937390862,"message":"","name":"C:\\Users\\dmusin\\WebstormProjects\\n2o-framework\\frontend\\n2o\\src\\components\\widgets\\Table\\cells\\ButtonsCell\\tests\\HintDropDown.test.js","startTime":1548937390157,"status":"passed","summary":""},{"assertionResults":[{"failureMessages":[],"status":"passed","title":"проверяет создание элемента"},{"failureMessages":[],"status":"passed","title":"проверяет параметров loading"},{"failureMessages":[],"status":"passed","title":"проверяет параметр value"},{"failureMessages":[],"status":"passed","title":"проверяет параметр placeholder"},{"failureMessages":[],"status":"passed","title":"проверяет параметр labelFieldId"},{"failureMessages":[],"status":"passed","title":"проверяет параметр valueFieldId"},{"failureMessages":[],"status":"passed","title":"проверяет параметр disabledValues"},{"failureMessages":[],"status":"passed","title":"проверяет параметр onChange"},{"failureMessages":[],"status":"passed","title":"проверяет параметр onSelect"},{"failureMessages":[],"status":"passed","title":"проверяет параметр filter"},{"failureMessages":[],"status":"passed","title":"проверяет параметр onScroll"},{"failureMessages":[],"status":"passed","title":"проверяет параметр format"},{"failureMessages":[],"status":"passed","title":"проверяет чекбоксы"},{"failureMessages":[],"status":"passed","title":"проверяет иконки"},{"failureMessages":[],"status":"passed","title":"проверяет группировку"},{"failureMessages":[],"status":"passed","title":"проверяет мульти выбор"},{"failureMessages":[],"status":"passed","title":"проверяет картинку"}],"endTime":1548937391170,"message":"","name":"C:\\Users\\dmusin\\WebstormProjects\\n2o-framework\\frontend\\n2o\\src\\components\\controls\\InputSelect\\InputSelect.test.js","startTime":1548937388853,"status":"passed","summary":""},{"assertionResults":[{"failureMessages":[],"status":"passed","title":"проверяет создание элемента"}],"endTime":1548937391499,"message":"","name":"C:\\Users\\dmusin\\WebstormProjects\\n2o-framework\\frontend\\n2o\\src\\components\\controls\\InputSelect\\InputSelectContainer.test.js","startTime":1548937390720,"status":"passed","summary":""},{"assertionResults":[{"failureMessages":[],"status":"passed","title":"проверяет создание элемента"},{"failureMessages":[],"status":"passed","title":"Проверяем изменение видимости элемента"},{"failureMessages":[],"status":"passed","title":"Проверяем изменение enable элемента"}],"endTime":1548937391700,"message":"","name":"C:\\Users\\dmusin\\WebstormProjects\\n2o-framework\\frontend\\n2o\\src\\components\\widgets\\Form\\tests\\Fieldset.test.js","startTime":1548937390081,"status":"passed","summary":""},{"assertionResults":[{"failureMessages":[],"status":"passed","title":"тестирует снэпшот контейнера брэдкрамба"}],"endTime":1548937391996,"message":"","name":"C:\\Users\\dmusin\\WebstormProjects\\n2o-framework\\frontend\\n2o\\src\\components\\core\\Breadcrumb\\BreadCrumb.test.js","startTime":1548937391657,"status":"passed","summary":""},{"assertionResults":[{"failureMessages":[],"status":"passed","title":"handleFetch должен выпасть с ошибкой"},{"failureMessages":[],"status":"passed","title":"Проверка генератора setWidgetDataSuccess"},{"failureMessages":[],"status":"passed","title":"Должен произойти clearOnDisable"},{"failureMessages":[],"status":"passed","title":"Должен произойти runResolve"},{"failureMessages":[],"status":"passed","title":"resolveUrl должен вернуть базовый путь и параметры"},{"failureMessages":[],"status":"passed","title":"prepareFetch должен вернуть подготовленные даные"}],"endTime":1548937392004,"message":"","name":"C:\\Users\\dmusin\\WebstormProjects\\n2o-framework\\frontend\\n2o\\src\\sagas\\widgets.test.js","startTime":1548937391063,"status":"passed","summary":""},{"assertionResults":[{"failureMessages":[],"status":"passed","title":"виден по visible"},{"failureMessages":[],"status":"passed","title":"доступен по disabled"}],"endTime":1548937392105,"message":"","name":"C:\\Users\\dmusin\\WebstormProjects\\n2o-framework\\frontend\\n2o\\src\\components\\controls\\CodeEditor\\CodeEditor.test.jsx","startTime":1548937391595,"status":"passed","summary":""},{"assertionResults":[{"failureMessages":[],"status":"passed","title":"Проверяет диспатч экшена создания Alert"},{"failureMessages":[],"status":"passed","title":"Проверяет payload саги alertEffect"},{"failureMessages":[],"status":"passed","title":"Проверяет диспатч экшена обновления данных"},{"failureMessages":[],"status":"passed","title":"Проверяет payload саги refreshEffect"},{"failureMessages":[],"status":"passed","title":"Проверка диспатча саги messagesFormEffect"},{"failureMessages":[],"status":"passed","title":"Проверка payload саги messageFormEffect"},{"failureMessages":[],"status":"passed","title":"Проверяет диспатч закрытия модального окна"}],"endTime":1548937392385,"message":"","name":"C:\\Users\\dmusin\\WebstormProjects\\n2o-framework\\frontend\\n2o\\src\\sagas\\meta.test.js","startTime":1548937392169,"status":"passed","summary":""},{"assertionResults":[{"failureMessages":[],"status":"passed","title":"проверяет создание элемента Collapse"},{"failureMessages":[],"status":"passed","title":"проверяет параметр type"}],"endTime":1548937392505,"message":"","name":"C:\\Users\\dmusin\\WebstormProjects\\n2o-framework\\frontend\\n2o\\src\\components\\snippets\\Collapse\\Collapse.test.js","startTime":1548937391955,"status":"passed","summary":""},{"assertionResults":[{"failureMessages":[],"status":"passed","title":"Проверка генератора handleFetchInvoke"},{"failureMessages":[],"status":"passed","title":"Проверка генератора validate"},{"failureMessages":[],"status":"passed","title":"Проверка генератора fetchInvoke"},{"failureMessages":[],"status":"passed","title":"Проверка генератора resolveMapping"}],"endTime":1548937392622,"message":"","name":"C:\\Users\\dmusin\\WebstormProjects\\n2o-framework\\frontend\\n2o\\src\\sagas\\actionsImpl.test.js","startTime":1548937383210,"status":"passed","summary":""},{"assertionResults":[{"failureMessages":[],"status":"passed","title":"Отрисовывается TitleFieldset"},{"failureMessages":[],"status":"passed","title":"Отрисовывается CollapseFieldset"}],"endTime":1548937392677,"message":"","name":"C:\\Users\\dmusin\\WebstormProjects\\n2o-framework\\frontend\\n2o\\src\\components\\widgets\\Form\\fieldsets\\LineFieldset\\LineFieldset.test.js","startTime":1548937392150,"status":"passed","summary":""},{"assertionResults":[{"failureMessages":[],"status":"passed","title":"валидное значение"},{"failureMessages":[],"status":"passed","title":"не валидное значение"},{"failureMessages":[],"status":"passed","title":"не валидное значение (ошибка в email)"},{"failureMessages":[],"status":"passed","title":"валидное значение"},{"failureMessages":[],"status":"passed","title":"не валидное значение"},{"failureMessages":[],"status":"passed","title":"Проверка dot нотации в пути во вложенных обьектах"},{"failureMessages":[],"status":"passed","title":"валидное значение"},{"failureMessages":[],"status":"passed","title":"не валидное значение"},{"failureMessages":[],"status":"passed","title":"валидное - expression в виде функции"},{"failureMessages":[],"status":"passed","title":"ответ с сообщениями"},{"failureMessages":[],"status":"passed","title":"валидное значение"},{"failureMessages":[],"status":"passed","title":"не валидное значение"},{"failureMessages":[],"status":"passed","title":"валидное значение"},{"failureMessages":[],"status":"passed","title":"не валидное значение"},{"failureMessages":[],"status":"passed","title":"валидное значение"},{"failureMessages":[],"status":"passed","title":"не валидное значение"},{"failureMessages":[],"status":"passed","title":"валидное значение"},{"failureMessages":[],"status":"passed","title":"не валидное значение"},{"failureMessages":[],"status":"passed","title":"есть ошибки"},{"failureMessages":[],"status":"passed","title":"есть ошибки, когда форма пустая"}],"endTime":1548937392680,"message":"","name":"C:\\Users\\dmusin\\WebstormProjects\\n2o-framework\\frontend\\n2o\\src\\core\\validation\\validation.test.js","startTime":1548937392280,"status":"passed","summary":""},{"assertionResults":[{"failureMessages":[],"status":"passed","title":"проверяет создание элемента"},{"failureMessages":[],"status":"passed","title":"Свойство title"},{"failureMessages":[],"status":"passed","title":"Свойство icon"},{"failureMessages":[],"status":"passed","title":"Свойство visible"},{"failureMessages":[],"status":"passed","title":"Свойство disabled"},{"failureMessages":[],"status":"passed","title":"Свойство size"},{"failureMessages":[],"status":"passed","title":"Свойство color"},{"failureMessages":[],"status":"passed","title":"Проверка события onClick если есть action"}],"endTime":1548937392747,"message":"","name":"C:\\Users\\dmusin\\WebstormProjects\\n2o-framework\\frontend\\n2o\\src\\components\\widgets\\Table\\cells\\ButtonsCell\\tests\\HintButtonl.test.js","startTime":1548937392520,"status":"passed","summary":""},{"assertionResults":[{"failureMessages":[],"status":"passed","title":"Сообщение должно удалиться"},{"failureMessages":[],"status":"passed","title":"Сообщение не должно удалиться"},{"failureMessages":[],"status":"passed","title":"Проверка вызова touch при добавлении сообщения"}],"endTime":1548937393162,"message":"","name":"C:\\Users\\dmusin\\WebstormProjects\\n2o-framework\\frontend\\n2o\\src\\sagas\\formPlugin.test.js","startTime":1548937392815,"status":"passed","summary":""},{"assertionResults":[{"failureMessages":[],"status":"passed","title":"StandardField рендерится корректно"}],"endTime":1548937393242,"message":"","name":"C:\\Users\\dmusin\\WebstormProjects\\n2o-framework\\frontend\\n2o\\src\\components\\widgets\\Form\\fields\\StandardField\\tests\\StandardField.test.js","startTime":1548937392920,"status":"passed","summary":""},{"assertionResults":[{"failureMessages":[],"status":"passed","title":"можно вводить значение null"},{"failureMessages":[],"status":"passed","title":"можно вводить строку, которую можно привести к числу"},{"failureMessages":[],"status":"passed","title":"можно вводить строку, не приводимую к числу, значение которой будет проигнорировано"},{"failureMessages":[],"status":"passed","title":"можно вводить как целые, так и с точкой"},{"failureMessages":[],"status":"passed","title":"увеличивает/уменьшает значение при нажатии на кнопку"},{"failureMessages":[],"status":"passed","title":"увеличивает/уменьшает значение при  работе с клавиатурой"},{"failureMessages":[],"status":"passed","title":"округляет до количества знаков после запятой в step"},{"failureMessages":[],"status":"passed","title":"добавляет нули после точки"},{"failureMessages":[],"status":"passed","title":"видимый/невидимый по visible "},{"failureMessages":[],"status":"passed","title":" доступен для изменения по disable "},{"failureMessages":[],"status":"passed","title":"значения больше max невалидны"},{"failureMessages":[],"status":"passed","title":"значения меньше min невалидны"},{"failureMessages":[],"status":"passed","title":"показывает/скрывает кнопки по showButtons"},{"failureMessages":[],"status":"passed","title":"вызывает onChange при изменении"}],"endTime":1548937393316,"message":"","name":"C:\\Users\\dmusin\\WebstormProjects\\n2o-framework\\frontend\\n2o\\src\\components\\controls\\InputNumber\\InputNumber.test.js","startTime":1548937392907,"status":"passed","summary":""},{"assertionResults":[{"failureMessages":[],"status":"passed","title":"проверяет создание элемента"},{"failureMessages":[],"status":"passed","title":"проверяет параметр value"},{"failureMessages":[],"status":"passed","title":"проверяет параметр placeholder"},{"failureMessages":[],"status":"passed","title":"проверяет параметр onSelect"},{"failureMessages":[],"status":"passed","title":"проверяет reset в N2OSelect"}],"endTime":1548937393749,"message":"","name":"C:\\Users\\dmusin\\WebstormProjects\\n2o-framework\\frontend\\n2o\\src\\components\\controls\\N2OSelect\\N2OSelect.test.js","startTime":1548937392865,"status":"passed","summary":""},{"assertionResults":[{"failureMessages":[],"status":"passed","title":"проверяет рендер с дефолтными настройками"},{"failureMessages":[],"status":"passed","title":"проверяет рендер с полным функционалом"},{"failureMessages":[],"status":"passed","title":"проверяет рендер с классическими настрйоками n2o"},{"failureMessages":[],"status":"passed","title":"проверяет работы вызова callback при смене страницы"},{"failureMessages":[],"status":"passed","title":"проверяет установку класса active для номера страницы"}],"endTime":1548937393796,"message":"","name":"C:\\Users\\dmusin\\WebstormProjects\\n2o-framework\\frontend\\n2o\\src\\components\\snippets\\Pagination\\Pagination.test.js","startTime":1548937393468,"status":"passed","summary":""},{"assertionResults":[{"failureMessages":[],"status":"passed","title":"Тестирование вызова функции экшена на саге"},{"failureMessages":[],"status":"passed","title":"Экшен не вызывается при регистрации зависимости, если applyOnInit == false"},{"failureMessages":[],"status":"passed","title":"Экшен вызывается при изменении значения формы"},{"failureMessages":[],"status":"passed","title":"Проверка модификатора зависимостей"},{"failureMessages":[],"status":"passed","title":"Проверка модификатора enabled зависимости"},{"failureMessages":[],"status":"passed","title":"Проверка модификатора setValue зависимости"},{"failureMessages":[],"status":"passed","title":"Проверка модификатора reset зависимости"},{"failureMessages":[],"status":"passed","title":"Тестирование регистрации зависимости"},{"failureMessages":[],"status":"passed","title":"Тестирование экшенов блокировки"},{"failureMessages":[],"status":"passed","title":"Тестирование экшенов блокировки"},{"failureMessages":[],"status":"passed","title":"Зависимость регистрируется"}],"endTime":1548937393808,"message":"","name":"C:\\Users\\dmusin\\WebstormProjects\\n2o-framework\\frontend\\n2o\\src\\core\\dependencies\\Dependency.test.js","startTime":1548937393068,"status":"passed","summary":""},{"assertionResults":[{"failureMessages":[],"status":"passed","title":"проверяет создание панели"},{"failureMessages":[],"status":"passed","title":"проверяет стиль панели"},{"failureMessages":[],"status":"passed","title":"проверяет скрытие футера"},{"failureMessages":[],"status":"passed","title":"проверяет возможность скрытия"},{"failureMessages":[],"status":"passed","title":"проверяет раскрытие панели"},{"failureMessages":[],"status":"passed","title":"проверяет создание иконки"},{"failureMessages":[],"status":"passed","title":"проверяет наличие табов"},{"failureMessages":[],"status":"passed","title":"проверяет возможность открывать на весь экран"},{"failureMessages":[],"status":"passed","title":"проверяет работу открытия на весь экран"}],"endTime":1548937393889,"message":"","name":"C:\\Users\\dmusin\\WebstormProjects\\n2o-framework\\frontend\\n2o\\src\\components\\snippets\\Panel\\PanelShortHand.test.js","startTime":1548937393414,"status":"passed","summary":""},{"assertionResults":[{"failureMessages":[],"status":"passed","title":"тестирует резолв в DocumentTitle"}],"endTime":1548937394015,"message":"","name":"C:\\Users\\dmusin\\WebstormProjects\\n2o-framework\\frontend\\n2o\\src\\components\\core\\DocumentTitle.test.js","startTime":1548937393680,"status":"passed","summary":""},{"assertionResults":[{"failureMessages":[],"status":"passed","title":"creates radios "},{"failureMessages":[],"status":"passed","title":"sets properties properly"},{"failureMessages":[],"status":"passed","title":"sets properties to input properly"},{"failureMessages":[],"status":"passed","title":"calls onChange"},{"failureMessages":[],"status":"passed","title":"проверяет inline"}],"endTime":1548937394187,"message":"","name":"C:\\Users\\dmusin\\WebstormProjects\\n2o-framework\\frontend\\n2o\\src\\components\\controls\\RadioGroup\\RadioGroup.test.js","startTime":1548937393931,"status":"passed","summary":""},{"assertionResults":[{"failureMessages":[],"status":"passed","title":"создание радио"},{"failureMessages":[],"status":"passed","title":"классы чекбокса"}],"endTime":1548937394356,"message":"","name":"C:\\Users\\dmusin\\WebstormProjects\\n2o-framework\\frontend\\n2o\\src\\components\\controls\\Radio\\RadioButton.test.js","startTime":1548937394207,"status":"passed","summary":""},{"assertionResults":[{"failureMessages":[],"status":"passed","title":"creates checkboxes "},{"failureMessages":[],"status":"passed","title":"sets properties properly"},{"failureMessages":[],"status":"passed","title":"sets properties to input properly"},{"failureMessages":[],"status":"passed","title":"calls onChange"},{"failureMessages":[],"status":"passed","title":"проверяет inline"}],"endTime":1548937394373,"message":"","name":"C:\\Users\\dmusin\\WebstormProjects\\n2o-framework\\frontend\\n2o\\src\\components\\controls\\CheckboxGroup\\CheckboxGroup.test.js","startTime":1548937394052,"status":"passed","summary":""},{"assertionResults":[{"failureMessages":[],"status":"passed","title":"tests component existence"}],"endTime":1548937394431,"message":"","name":"C:\\Users\\dmusin\\WebstormProjects\\n2o-framework\\frontend\\n2o\\src\\components\\core\\Application.test.js","startTime":1548937393969,"status":"passed","summary":""},{"assertionResults":[{"failureMessages":[],"status":"passed","title":"без параметров"},{"failureMessages":[],"status":"passed","title":"не существующий тип"},{"failureMessages":[],"status":"passed","title":"проверка запроса за конфигом"},{"failureMessages":[],"status":"passed","title":"проверка запроса за метаданными"},{"failureMessages":[],"status":"passed","title":"проверка запроса за данными"},{"failureMessages":[],"status":"passed","title":"проверка запроса экшена (invoke)"},{"failureMessages":[],"status":"passed","title":"проверка запроса за валидацией"}],"endTime":1548937394686,"message":"","name":"C:\\Users\\dmusin\\WebstormProjects\\n2o-framework\\frontend\\n2o\\src\\core\\api.test.js","startTime":1548937394432,"status":"passed","summary":""},{"assertionResults":[{"failureMessages":[],"status":"passed","title":"Проверяем watcher дефолтных моделей"},{"failureMessages":[],"status":"passed","title":"Проверяем flowDefaultModels - выход без конфига"},{"failureMessages":[],"status":"passed","title":"Проверяем flowDefaultModels - только init значение, без подписи"},{"failureMessages":[],"status":"passed","title":"Проверяем flowDefaultModels - observe без link"},{"failureMessages":[],"status":"passed","title":"Проверяем flowDefaultModels - observe"},{"failureMessages":[],"status":"passed","title":"Проверка compareAndResolve если модели в стейте пустые"},{"failureMessages":[],"status":"passed","title":"Проверка compareAndResolve если пришел только link и модель в стейте пустая"},{"failureMessages":[],"status":"passed","title":"Проверка compareAndResolve если пришел только link и есть что зарезолвить"},{"failureMessages":[],"status":"passed","title":"Проверка compareAndResolve если пришел пришед link и value и есть что зарезолвить"}],"endTime":1548937394797,"message":"","name":"C:\\Users\\dmusin\\WebstormProjects\\n2o-framework\\frontend\\n2o\\src\\sagas\\pages.test.js","startTime":1548937394135,"status":"passed","summary":""},{"assertionResults":[{"failureMessages":[],"status":"passed","title":"Проверка отправки запросов"}],"endTime":1548937394815,"message":"","name":"C:\\Users\\dmusin\\WebstormProjects\\n2o-framework\\frontend\\n2o\\src\\sagas\\fetch.test.js","startTime":1548937394609,"status":"passed","summary":""},{"assertionResults":[{"failureMessages":[],"status":"passed","title":"создание свича"},{"failureMessages":[],"status":"passed","title":"проверка переключения"}],"endTime":1548937394875,"message":"","name":"C:\\Users\\dmusin\\WebstormProjects\\n2o-framework\\frontend\\n2o\\src\\components\\controls\\Switch\\Switch.test.js","startTime":1548937394500,"status":"passed","summary":""},{"assertionResults":[{"failureMessages":[],"status":"passed","title":"проверяет создание панели"},{"failureMessages":[],"status":"passed","title":"проверяет стиль панели"},{"failureMessages":[],"status":"passed","title":"проверяет скрытие футера"},{"failureMessages":[],"status":"passed","title":"проверяет возможность скрытия"},{"failureMessages":[],"status":"passed","title":"проверяет раскрытие панели"},{"failureMessages":[],"status":"passed","title":"проверяет создание иконки"},{"failureMessages":[],"status":"passed","title":"проверяет наличие табов"},{"failureMessages":[],"status":"passed","title":"проверяет возможность открывать на весь экран"},{"failureMessages":[],"status":"passed","title":"проверяет работу открытия на весь экран"},{"failureMessages":[],"status":"passed","title":"проверяет работу фабрики через создание таблицы"}],"endTime":1548937394908,"message":"","name":"C:\\Users\\dmusin\\WebstormProjects\\n2o-framework\\frontend\\n2o\\src\\components\\regions\\Panel\\PanelRegion.test.js","startTime":1548937383209,"status":"passed","summary":""},{"assertionResults":[{"failureMessages":[],"status":"passed","title":"resolveAuth должен залогиниться"},{"failureMessages":[],"status":"passed","title":"resolveAuth должен разлогинить пользователя"},{"failureMessages":[],"status":"passed","title":"resolveAuth должен поймать ошибку запроса"},{"failureMessages":[],"status":"passed","title":"resolveAuth должен выпасть в исключение"}],"endTime":1548937394963,"message":"","name":"C:\\Users\\dmusin\\WebstormProjects\\n2o-framework\\frontend\\n2o\\src\\sagas\\auth.test.js","startTime":1548937394581,"status":"passed","summary":""},{"assertionResults":[{"failureMessages":[],"status":"passed","title":"tests component existence"},{"failureMessages":[],"status":"passed","title":"contains html"},{"failureMessages":[],"status":"passed","title":"calls componentDidMount"},{"failureMessages":[],"status":"passed","title":"sends alert when didnt find page"}],"endTime":1548937395256,"message":"","name":"C:\\Users\\dmusin\\WebstormProjects\\n2o-framework\\frontend\\n2o\\src\\components\\widgets\\Html\\Html.test.js","startTime":1548937394970,"status":"passed","summary":""},{"assertionResults":[{"failureMessages":[],"status":"passed","title":"Отрисовывается"},{"failureMessages":[],"status":"passed","title":"Отрисовываются все тексты"},{"failureMessages":[],"status":"passed","title":"Отрисовывается линия"}],"endTime":1548937395279,"message":"","name":"C:\\Users\\dmusin\\WebstormProjects\\n2o-framework\\frontend\\n2o\\src\\components\\widgets\\Form\\fieldsets\\TitleFieldset\\TitleFieldset.test.js","startTime":1548937395144,"status":"passed","summary":""},{"assertionResults":[{"failureMessages":[],"status":"passed","title":"flatFields возвращает массив из филдов"},{"failureMessages":[],"status":"passed","title":"getAutoFocusId возвращает id поля, которое будет в фокусе при автофокусе"},{"failureMessages":[],"status":"passed","title":"fetchIfChangeDependencyValue запрашивает даные при измененеии зависимости"}],"endTime":1548937395319,"message":"","name":"C:\\Users\\dmusin\\WebstormProjects\\n2o-framework\\frontend\\n2o\\src\\components\\widgets\\Form\\tests\\utils.test.js","startTime":1548937395107,"status":"passed","summary":""},{"assertionResults":[{"failureMessages":[],"status":"passed","title":"Проверка REGISTER_BUTTON"},{"failureMessages":[],"status":"passed","title":"Проверка CHANGE_BUTTON_VISIBILITY"},{"failureMessages":[],"status":"passed","title":"Проверка CHANGE_BUTTON_TITLE"},{"failureMessages":[],"status":"passed","title":"Проверка CHANGE_BUTTON_COUNT"},{"failureMessages":[],"status":"passed","title":"Проверка CHANGE_BUTTON_SIZE"},{"failureMessages":[],"status":"passed","title":"Проверка CHANGE_BUTTON_COLOR"},{"failureMessages":[],"status":"passed","title":"Проверка CHANGE_BUTTON_DISABLED"},{"failureMessages":[],"status":"passed","title":"Проверка TOGGLE_BUTTON_DISABLED"},{"failureMessages":[],"status":"passed","title":"Проверка TOGGLE_BUTTON_VISIBILITY"},{"failureMessages":[],"status":"passed","title":"Проверка CHANGE_BUTTON_HINT"},{"failureMessages":[],"status":"passed","title":"Проверка CHANGE_BUTTON_STYLE"},{"failureMessages":[],"status":"passed","title":"Проверка CHANGE_BUTTON_ICON"},{"failureMessages":[],"status":"passed","title":"Проверка CHANGE_BUTTON_CLASS"},{"failureMessages":[],"status":"passed","title":"Проверка RESET_STATE"}],"endTime":1548937395498,"message":"","name":"C:\\Users\\dmusin\\WebstormProjects\\n2o-framework\\frontend\\n2o\\src\\reducers\\toolbar.test.js","startTime":1548937395284,"status":"passed","summary":""},{"assertionResults":[{"failureMessages":[],"status":"passed","title":"Должен получить конфиг"},{"failureMessages":[],"status":"passed","title":"Должна выпасть ошибка"}],"endTime":1548937395554,"message":"","name":"C:\\Users\\dmusin\\WebstormProjects\\n2o-framework\\frontend\\n2o\\src\\sagas\\global.test.js","startTime":1548937395080,"status":"passed","summary":""},{"assertionResults":[{"failureMessages":[],"status":"passed","title":"проверяет создание элемента"},{"failureMessages":[],"status":"passed","title":"проверяет заполнение прогресс бара"},{"failureMessages":[],"status":"passed","title":"проверяет анимированность"},{"failureMessages":[],"status":"passed","title":"проверяет параметр stripped"},{"failureMessages":[],"status":"passed","title":"проверяет цвет"},{"failureMessages":[],"status":"passed","title":"проверяет размер"}],"endTime":1548937395596,"message":"","name":"C:\\Users\\dmusin\\WebstormProjects\\n2o-framework\\frontend\\n2o\\src\\components\\widgets\\Table\\cells\\ProgressBarCell\\ProgressBarCell.test.js","startTime":1548937395476,"status":"passed","summary":""},{"assertionResults":[{"failureMessages":[],"status":"passed","title":"has input"},{"failureMessages":[],"status":"passed","title":"binds value"}],"endTime":1548937395666,"message":"","name":"C:\\Users\\dmusin\\WebstormProjects\\n2o-framework\\frontend\\n2o\\src\\components\\controls\\InputMask\\InputMask.test.js","startTime":1548937395466,"status":"passed","summary":""},{"assertionResults":[{"failureMessages":[],"status":"passed","title":"creates options "},{"failureMessages":[],"status":"passed","title":"sets value to option "},{"failureMessages":[],"status":"passed","title":"sets label to option "},{"failureMessages":[],"status":"passed","title":"disables option when disable prop is passed to the option"},{"failureMessages":[],"status":"passed","title":"sets properties properly"},{"failureMessages":[],"status":"passed","title":"calls onChange"}],"endTime":1548937395691,"message":"","name":"C:\\Users\\dmusin\\WebstormProjects\\n2o-framework\\frontend\\n2o\\src\\components\\controls\\Select\\Select.test.js","startTime":1548937395458,"status":"passed","summary":""},{"assertionResults":[{"failureMessages":[],"status":"passed","title":"проверяет создание элемента"},{"failureMessages":[],"status":"passed","title":"проверяет количество элементов"},{"failureMessages":[],"status":"passed","title":"проверяет кнопку раскрытия и скрытия"},{"failureMessages":[],"status":"passed","title":"проверяет цвета"},{"failureMessages":[],"status":"passed","title":"проверяет отсутствие кнопки раскрытия при маленьком количестве элементов"}],"endTime":1548937395960,"message":"","name":"C:\\Users\\dmusin\\WebstormProjects\\n2o-framework\\frontend\\n2o\\src\\components\\widgets\\Table\\cells\\CollapsedCell\\CollapsedCell.test.js","startTime":1548937395734,"status":"passed","summary":""},{"assertionResults":[{"failureMessages":[],"status":"passed","title":"создание чекбокса"},{"failureMessages":[],"status":"passed","title":"классы чекбокса"}],"endTime":1548937395978,"message":"","name":"C:\\Users\\dmusin\\WebstormProjects\\n2o-framework\\frontend\\n2o\\src\\components\\controls\\Checkbox\\CheckboxN2O.test.js","startTime":1548937395769,"status":"passed","summary":""},{"assertionResults":[{"failureMessages":[],"status":"passed","title":"Проверка REGISTER"},{"failureMessages":[],"status":"passed","title":"Проверка DATA_REQUEST"},{"failureMessages":[],"status":"passed","title":"Проверка DATA_SUCCESS"},{"failureMessages":[],"status":"passed","title":"Проверка DATA_FAIL"},{"failureMessages":[],"status":"passed","title":"Проверка RESOLVE"},{"failureMessages":[],"status":"passed","title":"Проверка SHOW"},{"failureMessages":[],"status":"passed","title":"Проверка HIDE"},{"failureMessages":[],"status":"passed","title":"Проверка ENABLE"},{"failureMessages":[],"status":"passed","title":"Проверка DISABLE"},{"failureMessages":[],"status":"passed","title":"Проверка ENABLE"},{"failureMessages":[],"status":"passed","title":"Проверка LOADING"},{"failureMessages":[],"status":"passed","title":"Проверка UNLOADING"},{"failureMessages":[],"status":"passed","title":"Проверка SORT_BY"},{"failureMessages":[],"status":"passed","title":"Проверка CHANGE_SIZE"},{"failureMessages":[],"status":"passed","title":"Проверка CHANGE_PAGE"},{"failureMessages":[],"status":"passed","title":"Проверка CHANGE_COUNT"},{"failureMessages":[],"status":"passed","title":"Проверка CHANGE_FILTERS_VISIBILITY"},{"failureMessages":[],"status":"passed","title":"Проверка TOGGLE_FILTERS_VISIBILITY"},{"failureMessages":[],"status":"passed","title":"Проверка RESET_STATE"},{"failureMessages":[],"status":"passed","title":"Проверка SET_TABLE_SELECTED_ID"},{"failureMessages":[],"status":"passed","title":"Проверка SET_ACTIVE"},{"failureMessages":[],"status":"passed","title":"Проверка REMOVE"}],"endTime":1548937395983,"message":"","name":"C:\\Users\\dmusin\\WebstormProjects\\n2o-framework\\frontend\\n2o\\src\\reducers\\widgets.test.js","startTime":1548937395878,"status":"passed","summary":""},{"assertionResults":[{"failureMessages":[],"status":"passed","title":"hoc подпишется на изменение стора"}],"endTime":1548937395991,"message":"","name":"C:\\Users\\dmusin\\WebstormProjects\\n2o-framework\\frontend\\n2o\\src\\core\\dependencies\\withReRenderDependency.test.js","startTime":1548937395840,"status":"passed","summary":""},{"assertionResults":[{"failureMessages":[],"status":"passed","title":"modalsSelector должен вернуть modals"},{"failureMessages":[],"status":"passed","title":"makeModalsByName должен вернуть модальное окно по индексу"}],"endTime":1548937396260,"message":"","name":"C:\\Users\\dmusin\\WebstormProjects\\n2o-framework\\frontend\\n2o\\src\\selectors\\modals.test.js","startTime":1548937396139,"status":"passed","summary":""},{"assertionResults":[{"failureMessages":[],"status":"passed","title":"проверяет скрытие кнопки закрытия по closeButton"},{"failureMessages":[],"status":"passed","title":"проверяет выполнение onDismiss при закрытии"},{"failureMessages":[],"status":"passed","title":"проверяет тогл деталей сообщения"},{"failureMessages":[],"status":"passed","title":"проверяет показан ли Alert"},{"failureMessages":[],"status":"passed","title":"проверяет скрыт ли Alert"}],"endTime":1548937396284,"message":"","name":"C:\\Users\\dmusin\\WebstormProjects\\n2o-framework\\frontend\\n2o\\src\\components\\snippets\\Alerts\\Alert.test.js","startTime":1548937395296,"status":"passed","summary":""},{"assertionResults":[{"failureMessages":[],"status":"passed","title":"проверяет рендер по умолчанию"},{"failureMessages":[],"status":"passed","title":"проверяет работы вызова callback при смене сортировки"},{"failureMessages":[],"status":"passed","title":"проверяет различные направление сортировки"},{"failureMessages":[],"status":"passed","title":"проверяет работу title"}],"endTime":1548937396305,"message":"","name":"C:\\Users\\dmusin\\WebstormProjects\\n2o-framework\\frontend\\n2o\\src\\components\\snippets\\Sorter\\Sorter.test.js","startTime":1548937396163,"status":"passed","summary":""},{"assertionResults":[{"failureMessages":[],"status":"passed","title":"Тестирование перформа"}],"endTime":1548937396324,"message":"","name":"C:\\Users\\dmusin\\WebstormProjects\\n2o-framework\\frontend\\n2o\\src\\impl\\actions\\perform\\perform.test.js","startTime":1548937396164,"status":"passed","summary":""},{"assertionResults":[{"failureMessages":[],"status":"passed","title":"Генирирует правильное событие"},{"failureMessages":[],"status":"passed","title":"Возвращает правильный payload"},{"failureMessages":[],"status":"passed","title":"Возвращаем правильную meta"},{"failureMessages":[],"status":"passed","title":"Генирирует правильное событие"},{"failureMessages":[],"status":"passed","title":"Возвращает правильный payload"},{"failureMessages":[],"status":"passed","title":"Возвращаем правильную meta"},{"failureMessages":[],"status":"passed","title":"Генирирует правильное событие"},{"failureMessages":[],"status":"passed","title":"Возвращает правильный payload"},{"failureMessages":[],"status":"passed","title":"Возвращаем правильную meta"},{"failureMessages":[],"status":"passed","title":"Генирирует правильное событие"},{"failureMessages":[],"status":"passed","title":"Возвращает правильный payload"},{"failureMessages":[],"status":"passed","title":"Возвращаем правильную meta"},{"failureMessages":[],"status":"passed","title":"Генирирует правильное событие"},{"failureMessages":[],"status":"passed","title":"Возвращает правильный payload"},{"failureMessages":[],"status":"passed","title":"Возвращаем правильную meta"},{"failureMessages":[],"status":"passed","title":"Генирирует правильное событие"},{"failureMessages":[],"status":"passed","title":"Возвращает правильный payload"},{"failureMessages":[],"status":"passed","title":"Возвращаем правильную meta"},{"failureMessages":[],"status":"passed","title":"Генирирует правильное событие"},{"failureMessages":[],"status":"passed","title":"Возвращает правильный payload"},{"failureMessages":[],"status":"passed","title":"Возвращаем правильную meta"},{"failureMessages":[],"status":"passed","title":"Генирирует правильное событие"},{"failureMessages":[],"status":"passed","title":"Возвращает правильный payload"},{"failureMessages":[],"status":"passed","title":"Возвращаем правильную meta"},{"failureMessages":[],"status":"passed","title":"Генирирует правильное событие"},{"failureMessages":[],"status":"passed","title":"Возвращает правильный payload"},{"failureMessages":[],"status":"passed","title":"Возвращаем правильную meta"}],"endTime":1548937396328,"message":"","name":"C:\\Users\\dmusin\\WebstormProjects\\n2o-framework\\frontend\\n2o\\src\\actions\\auth.test.js","startTime":1548937396146,"status":"passed","summary":""},{"assertionResults":[{"failureMessages":[],"status":"passed","title":"CoverSpinner должен рендериться, если metadata пуста"},{"failureMessages":[],"status":"passed","title":"CoverSpinner не должен рендериться, если metadata не пуста"}],"endTime":1548937396384,"message":"","name":"C:\\Users\\dmusin\\WebstormProjects\\n2o-framework\\frontend\\n2o\\src\\components\\core\\ModalPage.test.js","startTime":1548937383209,"status":"passed","summary":""},{"assertionResults":[{"failureMessages":[],"status":"passed","title":"Проверка type enabled с истинным expression"},{"failureMessages":[],"status":"passed","title":"Проверка type enabled с ложным expression"},{"failureMessages":[],"status":"passed","title":"Проверка type visible с истинным expression"},{"failureMessages":[],"status":"passed","title":"Проверка type visible с ложным expression"},{"failureMessages":[],"status":"passed","title":"Проверка type setValue"},{"failureMessages":[],"status":"passed","title":"Проверка type reset с ложным expression"},{"failureMessages":[],"status":"passed","title":"Проверка type reset с истинным expression"}],"endTime":1548937396459,"message":"","name":"C:\\Users\\dmusin\\WebstormProjects\\n2o-framework\\frontend\\n2o\\src\\sagas\\dependency.test.js","startTime":1548937395844,"status":"passed","summary":""},{"assertionResults":[{"failureMessages":[],"status":"passed","title":"Проверка INSERT"},{"failureMessages":[],"status":"passed","title":"Проверка SHOW"},{"failureMessages":[],"status":"passed","title":"Проверка HIDE"},{"failureMessages":[],"status":"passed","title":"Проверка DESTROY"}],"endTime":1548937396527,"message":"","name":"C:\\Users\\dmusin\\WebstormProjects\\n2o-framework\\frontend\\n2o\\src\\reducers\\modals.test.js","startTime":1548937396416,"status":"passed","summary":""},{"assertionResults":[{"failureMessages":[],"status":"passed","title":"Должен отрисовать текст"},{"failureMessages":[],"status":"passed","title":"Не должен отрисоваться"},{"failureMessages":[],"status":"passed","title":"Должен отформатировать текст"}],"endTime":1548937396614,"message":"","name":"C:\\Users\\dmusin\\WebstormProjects\\n2o-framework\\frontend\\n2o\\src\\components\\widgets\\Form\\fields\\TextField\\TextField.test.js","startTime":1548937396430,"status":"passed","summary":""},{"assertionResults":[{"failureMessages":[],"status":"passed","title":"должен вернуть url"},{"failureMessages":[],"status":"passed","title":"должен вернуть url с pathMapping"},{"failureMessages":[],"status":"passed","title":"должен вернуть url с queryMapping"},{"failureMessages":[],"status":"passed","title":"должен вернуть url с pathMapping и queryMapping"}],"endTime":1548937396618,"message":"","name":"C:\\Users\\dmusin\\WebstormProjects\\n2o-framework\\frontend\\n2o\\src\\utils\\compileUrl.test.js","startTime":1548937396485,"status":"passed","summary":""},{"assertionResults":[{"failureMessages":[],"status":"passed","title":"тестирует isDateFromNextMonth"},{"failureMessages":[],"status":"passed","title":"тестирует isDateFromPrevMonth"},{"failureMessages":[],"status":"passed","title":"тестирует addTime"},{"failureMessages":[],"status":"passed","title":"тестирует withLocale"},{"failureMessages":[],"status":"passed","title":"тестирует parseDate"},{"failureMessages":[],"status":"passed","title":"тестирует mapToValue"},{"failureMessages":[],"status":"passed","title":"тестирует mapToDefaultTime"}],"endTime":1548937396686,"message":"","name":"C:\\Users\\dmusin\\WebstormProjects\\n2o-framework\\frontend\\n2o\\src\\components\\controls\\DatePicker\\utils.test.js","startTime":1548937396535,"status":"passed","summary":""},{"assertionResults":[{"failureMessages":[],"status":"passed","title":"widgetsSelector должен вернуть widgets"},{"failureMessages":[],"status":"passed","title":"widgetsSelector должен вернуть widget по id"},{"failureMessages":[],"status":"passed","title":"makeWidgetIsInitSelector должен вернуть isInit по id"},{"failureMessages":[],"status":"passed","title":"makeWidgetVisibleSelector должен вернуть visible по id"},{"failureMessages":[],"status":"passed","title":"makeWidgetEnabledSelector должен вернуть enabled по id"},{"failureMessages":[],"status":"passed","title":"makeWidgetLoadingSelector должен вернуть loading по id"},{"failureMessages":[],"status":"passed","title":"makeWidgetSizeSelector должен вернуть size по id"},{"failureMessages":[],"status":"passed","title":"makeWidgetCountSelector должен вернуть count по id"},{"failureMessages":[],"status":"passed","title":"makeWidgetSortingSelector должен вернуть count по id"},{"failureMessages":[],"status":"passed","title":"makeWidgetFilterVisibilitySelector должен вернуть isFilterVisible по id"},{"failureMessages":[],"status":"passed","title":"makeWidgetValidationSelector должен вернуть validation по id"},{"failureMessages":[],"status":"passed","title":"makeSelectedIdSelector должен вернуть selectedId по id"},{"failureMessages":[],"status":"passed","title":"makeIsActiveSelector должен вернуть isActive по id"},{"failureMessages":[],"status":"passed","title":"makeWidgetPageSelector должен вернуть page по id"},{"failureMessages":[],"status":"passed","title":"makeWidgetPageIdSelector должен вернуть pageId по id"},{"failureMessages":[],"status":"passed","title":"makeTypeSelector должен вернуть type по id"},{"failureMessages":[],"status":"passed","title":"makeWidgetDataProviderSelector должен вернуть type по id"},{"failureMessages":[],"status":"passed","title":"isAnyTableFocusedSelector должен вернуть true"}],"endTime":1548937396742,"message":"","name":"C:\\Users\\dmusin\\WebstormProjects\\n2o-framework\\frontend\\n2o\\src\\selectors\\widgets.test.js","startTime":1548937396603,"status":"passed","summary":""},{"assertionResults":[{"failureMessages":[],"status":"passed","title":"modelsSelector должен вернуть models"},{"failureMessages":[],"status":"passed","title":"resolveSelector должен вернуть resolve модель"},{"failureMessages":[],"status":"passed","title":"makeModelsByPrefixSelector должен вернуть модель по префиксу"},{"failureMessages":[],"status":"passed","title":"makeGetModelByPrefixSelector должен вернуть модель по префиксу и ключу"},{"failureMessages":[],"status":"passed","title":"makeGetResolveModelSelector должен вернуть модель resolve по ключу"},{"failureMessages":[],"status":"passed","title":"makeGetFilterModelSelector должен вернуть модель filter по ключу"},{"failureMessages":[],"status":"passed","title":"getModelSelector должен вернуть модель по ссылке"},{"failureMessages":[],"status":"passed","title":"getModelsByDependency должен вернуть модель по ссылке"}],"endTime":1548937396794,"message":"","name":"C:\\Users\\dmusin\\WebstormProjects\\n2o-framework\\frontend\\n2o\\src\\selectors\\models.test.js","startTime":1548937396691,"status":"passed","summary":""},{"assertionResults":[{"failureMessages":[],"status":"passed","title":"Генирирует правильное событие"},{"failureMessages":[],"status":"passed","title":"Проверяет правильность payload"},{"failureMessages":[],"status":"passed","title":"Проверяет правильность meta"},{"failureMessages":[],"status":"passed","title":"Генирирует правильное событие"},{"failureMessages":[],"status":"passed","title":"Проверяет правильность payload"},{"failureMessages":[],"status":"passed","title":"Проверяет правильность meta"},{"failureMessages":[],"status":"passed","title":"Генирирует правильное событие"},{"failureMessages":[],"status":"passed","title":"Проверяет правильность payload"},{"failureMessages":[],"status":"passed","title":"Проверяет правильность meta"},{"failureMessages":[],"status":"passed","title":"Генирирует правильное событие"},{"failureMessages":[],"status":"passed","title":"Проверяет правильность payload"},{"failureMessages":[],"status":"passed","title":"Проверяет правильность meta"},{"failureMessages":[],"status":"passed","title":"Генирирует правильное событие"},{"failureMessages":[],"status":"passed","title":"Проверяет правильность payload"},{"failureMessages":[],"status":"passed","title":"Проверяет правильность meta"},{"failureMessages":[],"status":"passed","title":"Генирирует правильное событие"},{"failureMessages":[],"status":"passed","title":"Проверяет правильность payload"},{"failureMessages":[],"status":"passed","title":"Проверяет правильность meta"},{"failureMessages":[],"status":"passed","title":"Генирирует правильное событие"},{"failureMessages":[],"status":"passed","title":"Проверяет правильность payload"},{"failureMessages":[],"status":"passed","title":"Проверяет правильность meta"},{"failureMessages":[],"status":"passed","title":"Генирирует правильное событие"},{"failureMessages":[],"status":"passed","title":"Проверяет правильность payload"},{"failureMessages":[],"status":"passed","title":"Проверяет правильность meta"},{"failureMessages":[],"status":"passed","title":"Генирирует правильное событие"},{"failureMessages":[],"status":"passed","title":"Проверяет правильность payload"},{"failureMessages":[],"status":"passed","title":"Проверяет правильность meta"},{"failureMessages":[],"status":"passed","title":"Генирирует правильное событие"},{"failureMessages":[],"status":"passed","title":"Проверяет правильность payload"},{"failureMessages":[],"status":"passed","title":"Проверяет правильность meta"},{"failureMessages":[],"status":"passed","title":"Генирирует правильное событие"},{"failureMessages":[],"status":"passed","title":"Проверяет правильность payload"},{"failureMessages":[],"status":"passed","title":"Проверяет правильность meta"},{"failureMessages":[],"status":"passed","title":"Генирирует правильное событие"},{"failureMessages":[],"status":"passed","title":"Проверяет правильность payload"},{"failureMessages":[],"status":"passed","title":"Проверяет правильность meta"},{"failureMessages":[],"status":"passed","title":"Генирирует правильное событие"},{"failureMessages":[],"status":"passed","title":"Проверяет правильность payload"},{"failureMessages":[],"status":"passed","title":"Проверяет правильность meta"}],"endTime":1548937396794,"message":"","name":"C:\\Users\\dmusin\\WebstormProjects\\n2o-framework\\frontend\\n2o\\src\\actions\\formPlugin.test.js","startTime":1548937396658,"status":"passed","summary":""},{"assertionResults":[{"failureMessages":[],"status":"passed","title":"Отрисовывается, если переданы id и help"},{"failureMessages":[],"status":"passed","title":"Показывает подсказку"}],"endTime":1548937396909,"message":"","name":"C:\\Users\\dmusin\\WebstormProjects\\n2o-framework\\frontend\\n2o\\src\\components\\snippets\\Popover\\Popover.test.js","startTime":1548937396791,"status":"passed","summary":""},{"assertionResults":[{"failureMessages":[],"status":"passed","title":"Проверка ADD"},{"failureMessages":[],"status":"passed","title":"Проверка ADD_MULTI"},{"failureMessages":[],"status":"passed","title":"Проверка REMOVE"},{"failureMessages":[],"status":"passed","title":"Проверка REMOVE_ALL"}],"endTime":1548937396918,"message":"","name":"C:\\Users\\dmusin\\WebstormProjects\\n2o-framework\\frontend\\n2o\\src\\reducers\\alerts.test.js","startTime":1548937396809,"status":"passed","summary":""},{"assertionResults":[{"failureMessages":[],"status":"passed","title":"проверяет создание элемента IconText"},{"failureMessages":[],"status":"passed","title":"проверяет класс иконки"},{"failureMessages":[],"status":"passed","title":"проверяет расположение текста"},{"failureMessages":[],"status":"passed","title":"проверяет типы ячейки"}],"endTime":1548937396938,"message":"","name":"C:\\Users\\dmusin\\WebstormProjects\\n2o-framework\\frontend\\n2o\\src\\components\\widgets\\Table\\cells\\IconCell\\IconCell.test.js","startTime":1548937396679,"status":"passed","summary":""},{"assertionResults":[{"failureMessages":[],"status":"passed","title":"Проверка SET"},{"failureMessages":[],"status":"passed","title":"Проверка REMOVE"},{"failureMessages":[],"status":"passed","title":"Проверка SYNC"},{"failureMessages":[],"status":"passed","title":"Проверка UPDATE"},{"failureMessages":[],"status":"passed","title":"Проверка UPDATE_MAP"},{"failureMessages":[],"status":"passed","title":"Проверка COPY"},{"failureMessages":[],"status":"passed","title":"Проверка REMOVE_ALL"}],"endTime":1548937397125,"message":"","name":"C:\\Users\\dmusin\\WebstormProjects\\n2o-framework\\frontend\\n2o\\src\\reducers\\models.test.js","startTime":1548937396998,"status":"passed","summary":""},{"assertionResults":[{"failureMessages":[],"status":"passed","title":"проверяет создание элемента Icon"},{"failureMessages":[],"status":"passed","title":"проверяет параметр className"},{"failureMessages":[],"status":"passed","title":"проверяет стили для элемента"},{"failureMessages":[],"status":"passed","title":"проверяет disabled для иконки"},{"failureMessages":[],"status":"passed","title":"проверяет класс иконки"},{"failureMessages":[],"status":"passed","title":"проверяет вращение иконки"},{"failureMessages":[],"status":"passed","title":"проверяет параметр bordered для иконки"},{"failureMessages":[],"status":"passed","title":"проверяет параметр circular для иконки"}],"endTime":1548937397128,"message":"","name":"C:\\Users\\dmusin\\WebstormProjects\\n2o-framework\\frontend\\n2o\\src\\components\\snippets\\Icon\\Icon.test.js","startTime":1548937396893,"status":"passed","summary":""},{"assertionResults":[{"failureMessages":[],"status":"passed","title":"pagesSelector должен вернуть pages"},{"failureMessages":[],"status":"passed","title":"makePageByIdSelector должен вернуть page по id"},{"failureMessages":[],"status":"passed","title":"makePageMetadataByIdSelector должен вернуть page по id"},{"failureMessages":[],"status":"passed","title":"makePageLoadingByIdSelector должен вернуть loading по id"},{"failureMessages":[],"status":"passed","title":"makePageRoutesByIdSelector должен вернуть routes по id"},{"failureMessages":[],"status":"passed","title":"makeWidgetMetadataSelector должен вернуть metadata виджета по id"},{"failureMessages":[],"status":"passed","title":"makePageActionsByIdSelector должен вернуть actions по id"},{"failureMessages":[],"status":"passed","title":"makePageToolbarByIdSelector должен вернуть toolbar по id"},{"failureMessages":[],"status":"passed","title":"makePageErrorByIdSelector должен вернуть error по id"},{"failureMessages":[],"status":"passed","title":"makePageTitleByIdSelector должен вернуть title по id"}],"endTime":1548937397179,"message":"","name":"C:\\Users\\dmusin\\WebstormProjects\\n2o-framework\\frontend\\n2o\\src\\selectors\\pages.test.js","startTime":1548937397115,"status":"passed","summary":""},{"assertionResults":[{"failureMessages":[],"status":"passed","title":"Генирирует правильное событие"},{"failureMessages":[],"status":"passed","title":"Проверяет правильность payload"},{"failureMessages":[],"status":"passed","title":"Генирирует правильное событие"},{"failureMessages":[],"status":"passed","title":"Проверяет правильность visible"},{"failureMessages":[],"status":"passed","title":"Генирирует правильное событие"},{"failureMessages":[],"status":"passed","title":"Проверяет правильность visible"},{"failureMessages":[],"status":"passed","title":"Генирирует правильное событие"},{"failureMessages":[],"status":"passed","title":"Проверяет правильность payload"},{"failureMessages":[],"status":"passed","title":"Генирирует правильное событие"},{"failureMessages":[],"status":"passed","title":"Проверяет правильность payload"},{"failureMessages":[],"status":"passed","title":"Генирирует правильное событие"},{"failureMessages":[],"status":"passed","title":"Проверяет правильность payload"}],"endTime":1548937397243,"message":"","name":"C:\\Users\\dmusin\\WebstormProjects\\n2o-framework\\frontend\\n2o\\src\\actions\\columns.test.js","startTime":1548937397136,"status":"passed","summary":""},{"assertionResults":[{"failureMessages":[],"status":"passed","title":"создание радио"},{"failureMessages":[],"status":"passed","title":"классы радио"}],"endTime":1548937397309,"message":"","name":"C:\\Users\\dmusin\\WebstormProjects\\n2o-framework\\frontend\\n2o\\src\\components\\controls\\Radio\\RadioN2O.test.js","startTime":1548937396942,"status":"passed","summary":""},{"assertionResults":[{"failureMessages":[],"status":"passed","title":"Проверка METADATA_REQUEST"},{"failureMessages":[],"status":"passed","title":"Проверка METADATA_SUCCESS"},{"failureMessages":[],"status":"passed","title":"Проверка METADATA_FAIL"},{"failureMessages":[],"status":"passed","title":"Проверка RESET"},{"failureMessages":[],"status":"passed","title":"Проверка SET_WIDGET_METADATA"}],"endTime":1548937397410,"message":"","name":"C:\\Users\\dmusin\\WebstormProjects\\n2o-framework\\frontend\\n2o\\src\\reducers\\pages.test.js","startTime":1548937396982,"status":"passed","summary":""},{"assertionResults":[{"failureMessages":[],"status":"passed","title":"Проверка REGISTER_COLUMN"},{"failureMessages":[],"status":"passed","title":"Проверка CHANGE_COLUMN_VISIBILITY"},{"failureMessages":[],"status":"passed","title":"Проверка CHANGE_COLUMN_DISABLED"},{"failureMessages":[],"status":"passed","title":"Проверка TOGGLE_COLUMN_VISIBILITY"},{"failureMessages":[],"status":"passed","title":"Проверка RESET_STATE"}],"endTime":1548937397455,"message":"","name":"C:\\Users\\dmusin\\WebstormProjects\\n2o-framework\\frontend\\n2o\\src\\reducers\\columns.test.js","startTime":1548937397281,"status":"passed","summary":""},{"assertionResults":[{"failureMessages":[],"status":"passed","title":"должен отрисоваться"}],"endTime":1548937397463,"message":"","name":"C:\\Users\\dmusin\\WebstormProjects\\n2o-framework\\frontend\\n2o\\src\\components\\controls\\InputHidden\\InputHidden.test.js","startTime":1548937397350,"status":"passed","summary":""},{"assertionResults":[{"failureMessages":[],"status":"passed","title":"Генирирует правильное событие"},{"failureMessages":[],"status":"passed","title":"Возвращает правильный payload"}],"endTime":1548937397601,"message":"","name":"C:\\Users\\dmusin\\WebstormProjects\\n2o-framework\\frontend\\n2o\\src\\actions\\dependency.test.js","startTime":1548937397447,"status":"passed","summary":""},{"assertionResults":[{"failureMessages":[],"status":"passed","title":"Генирирует правильное событие"},{"failureMessages":[],"status":"passed","title":"Возвращает правильный payload"},{"failureMessages":[],"status":"passed","title":"Генирирует правильное событие"},{"failureMessages":[],"status":"passed","title":"Возвращает правильный payload"},{"failureMessages":[],"status":"passed","title":"Генирирует правильное событие"},{"failureMessages":[],"status":"passed","title":"Возвращает правильный payload"},{"failureMessages":[],"status":"passed","title":"Генирирует правильное событие"},{"failureMessages":[],"status":"passed","title":"Возвращает правильный payload"},{"failureMessages":[],"status":"passed","title":"Генирирует правильное событие"},{"failureMessages":[],"status":"passed","title":"Возвращает правильный payload"},{"failureMessages":[],"status":"passed","title":"Генирирует правильное событие"},{"failureMessages":[],"status":"passed","title":"Возвращает правильный payload"},{"failureMessages":[],"status":"passed","title":"Генирирует правильное событие"},{"failureMessages":[],"status":"passed","title":"Возвращает правильный payload"},{"failureMessages":[],"status":"passed","title":"Генирирует правильное событие"},{"failureMessages":[],"status":"passed","title":"Возвращает правильный payload"},{"failureMessages":[],"status":"passed","title":"Генирирует правильное событие"},{"failureMessages":[],"status":"passed","title":"Возвращает правильный payload"},{"failureMessages":[],"status":"passed","title":"Генирирует правильное событие"},{"failureMessages":[],"status":"passed","title":"Возвращает правильный payload"},{"failureMessages":[],"status":"passed","title":"Генирирует правильное событие"},{"failureMessages":[],"status":"passed","title":"Возвращает правильный payload"},{"failureMessages":[],"status":"passed","title":"Генирирует правильное событие"},{"failureMessages":[],"status":"passed","title":"Возвращает правильный payload"},{"failureMessages":[],"status":"passed","title":"Генирирует правильное событие"},{"failureMessages":[],"status":"passed","title":"Возвращает правильный payload"},{"failureMessages":[],"status":"passed","title":"Генирирует правильное событие"},{"failureMessages":[],"status":"passed","title":"Возвращает правильный payload"},{"failureMessages":[],"status":"passed","title":"Генирирует правильное событие"},{"failureMessages":[],"status":"passed","title":"Возвращает правильный payload"},{"failureMessages":[],"status":"passed","title":"Генирирует правильное событие"},{"failureMessages":[],"status":"passed","title":"Возвращает правильный payload"},{"failureMessages":[],"status":"passed","title":"Генирирует правильное событие"},{"failureMessages":[],"status":"passed","title":"Возвращает правильный payload"},{"failureMessages":[],"status":"passed","title":"Генирирует правильное событие"},{"failureMessages":[],"status":"passed","title":"Возвращает правильный payload"},{"failureMessages":[],"status":"passed","title":"Генирирует правильное событие"},{"failureMessages":[],"status":"passed","title":"Возвращает правильный payload"},{"failureMessages":[],"status":"passed","title":"Генирирует правильное событие"},{"failureMessages":[],"status":"passed","title":"Возвращает правильный payload"},{"failureMessages":[],"status":"passed","title":"Генирирует правильное событие"},{"failureMessages":[],"status":"passed","title":"Возвращает правильный payload"},{"failureMessages":[],"status":"passed","title":"Генирирует правильное событие"},{"failureMessages":[],"status":"passed","title":"Возвращает правильный payload"},{"failureMessages":[],"status":"passed","title":"Генирирует правильное событие"},{"failureMessages":[],"status":"passed","title":"Возвращает правильный payload"},{"failureMessages":[],"status":"passed","title":"Генирирует правильное событие"},{"failureMessages":[],"status":"passed","title":"Возвращает правильный payload"},{"failureMessages":[],"status":"passed","title":"Генирирует правильное событие"},{"failureMessages":[],"status":"passed","title":"Возвращает правильный payload"},{"failureMessages":[],"status":"passed","title":"Генирирует правильное событие"},{"failureMessages":[],"status":"passed","title":"Возвращает правильный payload"}],"endTime":1548937397662,"message":"","name":"C:\\Users\\dmusin\\WebstormProjects\\n2o-framework\\frontend\\n2o\\src\\actions\\widgets.test.js","startTime":1548937397121,"status":"passed","summary":""},{"assertionResults":[{"failureMessages":[],"status":"passed","title":"formSelector должен вернуть form"},{"failureMessages":[],"status":"passed","title":"makeFormByName должен вернуть форму по имени"},{"failureMessages":[],"status":"passed","title":"makeFieldByName должен вернуть поле по имени формы и поля"},{"failureMessages":[],"status":"passed","title":"isVisibleSelector должен вернуть visible поля"},{"failureMessages":[],"status":"passed","title":"isDisabledSelector должен вернуть disabled поля"},{"failureMessages":[],"status":"passed","title":"isInitSelector должен вернуть isInit поля"},{"failureMessages":[],"status":"passed","title":"messageSelector должен вернуть message поля"},{"failureMessages":[],"status":"passed","title":"dependencySelector должен вернуть dependency поля"},{"failureMessages":[],"status":"passed","title":"filterSelector должен вернуть filter поля"}],"endTime":1548937397692,"message":"","name":"C:\\Users\\dmusin\\WebstormProjects\\n2o-framework\\frontend\\n2o\\src\\selectors\\formPlugin.test.js","startTime":1548937397517,"status":"passed","summary":""},{"assertionResults":[{"failureMessages":[],"status":"passed","title":"пустой конфиг"},{"failureMessages":[],"status":"passed","title":"только link"},{"failureMessages":[],"status":"passed","title":"только link - кривой путь"},{"failureMessages":[],"status":"passed","title":"только value - константа"},{"failureMessages":[],"status":"passed","title":"только value - js expression"},{"failureMessages":[],"status":"passed","title":"value и link"},{"failureMessages":[],"status":"passed","title":"value (константа) и link"},{"failureMessages":[],"status":"passed","title":"value и link (кривой)"},{"failureMessages":[],"status":"passed","title":"value (this) и link (кривой)"}],"endTime":1548937397721,"message":"","name":"C:\\Users\\dmusin\\WebstormProjects\\n2o-framework\\frontend\\n2o\\src\\utils\\linkResolver.test.js","startTime":1548937397599,"status":"passed","summary":""},{"assertionResults":[{"failureMessages":[],"status":"passed","title":"getContainerColumns должен вернуть columns по ключу"},{"failureMessages":[],"status":"passed","title":"isVisibleSelector должен вернуть isVisible по key и id"},{"failureMessages":[],"status":"passed","title":"isDisabledSelector должен вернуть isDisabled по key и id"},{"failureMessages":[],"status":"passed","title":"isInitSelector должен вернуть isInit по key и id"}],"endTime":1548937397834,"message":"","name":"C:\\Users\\dmusin\\WebstormProjects\\n2o-framework\\frontend\\n2o\\src\\selectors\\columns.test.js","startTime":1548937397766,"status":"passed","summary":""},{"assertionResults":[{"failureMessages":[],"status":"passed","title":"getTimeout должен вернуть тайм-аут"},{"failureMessages":[],"status":"passed","title":"Проверка генератора removeAlertSideEffect"}],"endTime":1548937397837,"message":"","name":"C:\\Users\\dmusin\\WebstormProjects\\n2o-framework\\frontend\\n2o\\src\\sagas\\alerts.test.js","startTime":1548937397599,"status":"passed","summary":""},{"assertionResults":[{"failureMessages":[],"status":"passed","title":"Должен вернуть initialState"},{"failureMessages":[],"status":"passed","title":"Должен вернуть данные пользователя и залогинить его"},{"failureMessages":[],"status":"passed","title":"Должен вернуть initialState при logout"}],"endTime":1548937398019,"message":"","name":"C:\\Users\\dmusin\\WebstormProjects\\n2o-framework\\frontend\\n2o\\src\\reducers\\auth.test.js","startTime":1548937397865,"status":"passed","summary":""},{"assertionResults":[{"failureMessages":[],"status":"passed","title":"Генирирует правильное событие"},{"failureMessages":[],"status":"passed","title":"Возвращает правильный payload"},{"failureMessages":[],"status":"passed","title":"Генирирует правильное событие"},{"failureMessages":[],"status":"passed","title":"Возвращает правильный payload"},{"failureMessages":[],"status":"passed","title":"Генирирует правильное событие"},{"failureMessages":[],"status":"passed","title":"Возвращает правильный payload"},{"failureMessages":[],"status":"passed","title":"Генирирует правильное событие"},{"failureMessages":[],"status":"passed","title":"Возвращает правильный payload"},{"failureMessages":[],"status":"passed","title":"Генирирует правильное событие"},{"failureMessages":[],"status":"passed","title":"Возвращает правильный payload"}],"endTime":1548937398095,"message":"","name":"C:\\Users\\dmusin\\WebstormProjects\\n2o-framework\\frontend\\n2o\\src\\actions\\global.test.js","startTime":1548937398001,"status":"passed","summary":""},{"assertionResults":[{"failureMessages":[],"status":"passed","title":"Генирирует правильное событие"},{"failureMessages":[],"status":"passed","title":"Возвращает правильный payload"},{"failureMessages":[],"status":"passed","title":"Генирирует правильное событие"},{"failureMessages":[],"status":"passed","title":"Возвращает правильный payload"},{"failureMessages":[],"status":"passed","title":"Генирирует правильное событие"},{"failureMessages":[],"status":"passed","title":"Возвращает правильный payload"},{"failureMessages":[],"status":"passed","title":"Генирирует правильное событие"},{"failureMessages":[],"status":"passed","title":"Возвращает правильный payload"}],"endTime":1548937398157,"message":"","name":"C:\\Users\\dmusin\\WebstormProjects\\n2o-framework\\frontend\\n2o\\src\\actions\\fetch.test.js","startTime":1548937398018,"status":"passed","summary":""},{"assertionResults":[{"failureMessages":[],"status":"passed","title":"Должен вернуть EN_en locale"},{"failureMessages":[],"status":"passed","title":"Должен сменить статус запроса на \"загрузку\""},{"failureMessages":[],"status":"passed","title":"Должен сменить статус загрузки на \"успешно\""},{"failureMessages":[],"status":"passed","title":"Должен сменить статус на \"ошибка\" и вернуть ошибку"},{"failureMessages":[],"status":"passed","title":"Должен сменить rootPageId"}],"endTime":1548937398198,"message":"","name":"C:\\Users\\dmusin\\WebstormProjects\\n2o-framework\\frontend\\n2o\\src\\reducers\\global.test.js","startTime":1548937398089,"status":"passed","summary":""},{"assertionResults":[{"failureMessages":[],"status":"passed","title":"Проверка DISABLE_FIELD"},{"failureMessages":[],"status":"passed","title":"Проверка ENABLE_FIELD"},{"failureMessages":[],"status":"passed","title":"Проверка SHOW_FIELD"},{"failureMessages":[],"status":"passed","title":"Проверка HIDE_FIELD"},{"failureMessages":[],"status":"passed","title":"Проверка ADD_FIELD_MESSAGE"},{"failureMessages":[],"status":"passed","title":"Проверка REMOVE_FIELD_MESSAGE"},{"failureMessages":[],"status":"passed","title":"Проверка REGISTER_FIELD_EXTRA"},{"failureMessages":[],"status":"passed","title":"Проверка REGISTER_DEPENDENCY"},{"failureMessages":[],"status":"passed","title":"Проверка SET_FIELD_FILTER"}],"endTime":1548937398222,"message":"","name":"C:\\Users\\dmusin\\WebstormProjects\\n2o-framework\\frontend\\n2o\\src\\reducers\\formPlugin.test.js","startTime":1548937398002,"status":"passed","summary":""},{"assertionResults":[{"failureMessages":[],"status":"passed","title":"Генирирует правильное событие"},{"failureMessages":[],"status":"passed","title":"Возвращает правильный payload"},{"failureMessages":[],"status":"passed","title":"Генирирует правильное событие"},{"failureMessages":[],"status":"passed","title":"Возвращает правильный payload"},{"failureMessages":[],"status":"passed","title":"Генирирует правильное событие"},{"failureMessages":[],"status":"passed","title":"Возвращает правильный payload"},{"failureMessages":[],"status":"passed","title":"Генирирует правильное событие"},{"failureMessages":[],"status":"passed","title":"Возвращает правильный payload"},{"failureMessages":[],"status":"passed","title":"Генирирует правильное событие"},{"failureMessages":[],"status":"passed","title":"Возвращает правильный payload"},{"failureMessages":[],"status":"passed","title":"Генирирует правильное событие"},{"failureMessages":[],"status":"passed","title":"Возвращает правильный payload"},{"failureMessages":[],"status":"passed","title":"Генирирует правильное событие"},{"failureMessages":[],"status":"passed","title":"Возвращает правильный payload"}],"endTime":1548937398346,"message":"","name":"C:\\Users\\dmusin\\WebstormProjects\\n2o-framework\\frontend\\n2o\\src\\actions\\models.test.js","startTime":1548937398194,"status":"passed","summary":""},{"assertionResults":[{"failureMessages":[],"status":"passed","title":"Генирирует правильное событие"},{"failureMessages":[],"status":"passed","title":"Возвращает правильный payload"},{"failureMessages":[],"status":"passed","title":"Генирирует правильное событие"},{"failureMessages":[],"status":"passed","title":"Возвращает правильный payload"},{"failureMessages":[],"status":"passed","title":"Генирирует правильное событие"},{"failureMessages":[],"status":"passed","title":"Возвращает правильный payload"},{"failureMessages":[],"status":"passed","title":"Генирирует правильное событие"},{"failureMessages":[],"status":"passed","title":"Возвращает правильный payload"},{"failureMessages":[],"status":"passed","title":"Генирирует правильное событие"},{"failureMessages":[],"status":"passed","title":"Возвращает правильный payload"}],"endTime":1548937398373,"message":"","name":"C:\\Users\\dmusin\\WebstormProjects\\n2o-framework\\frontend\\n2o\\src\\actions\\pages.test.js","startTime":1548937398212,"status":"passed","summary":""},{"assertionResults":[{"failureMessages":[],"status":"passed","title":"проверяет статичный резолв"},{"failureMessages":[],"status":"passed","title":"проверяет проверяет ссылку в модели"},{"failureMessages":[],"status":"passed","title":"проверяет js выражение"},{"failureMessages":[],"status":"passed","title":"проверяет комбинацию js и статики"},{"failureMessages":[],"status":"passed","title":"проверяет комбинацию js, статики и выражения"},{"failureMessages":[],"status":"passed","title":"проверяет глубокую итерацию"},{"failureMessages":[],"status":"passed","title":"проверяет работоспособность внешних функций"}],"endTime":1548937398390,"message":"","name":"C:\\Users\\dmusin\\WebstormProjects\\n2o-framework\\frontend\\n2o\\src\\utils\\propsResolver.test.js","startTime":1548937398146,"status":"passed","summary":""},{"assertionResults":[{"failureMessages":[],"status":"passed","title":"Генирирует правильное событие"},{"failureMessages":[],"status":"passed","title":"Проверяет правильность возвращаемых данных"},{"failureMessages":[],"status":"passed","title":"Генирирует правильное событие"},{"failureMessages":[],"status":"passed","title":"Проверяет правильность возвращаемых данных"},{"failureMessages":[],"status":"passed","title":"Генирирует правильное событие"},{"failureMessages":[],"status":"passed","title":"Проверяет правильность возвращаемых данных"},{"failureMessages":[],"status":"passed","title":"Генирирует правильное событие"},{"failureMessages":[],"status":"passed","title":"Проверяет правильность возвращаемых данных"}],"endTime":1548937398427,"message":"","name":"C:\\Users\\dmusin\\WebstormProjects\\n2o-framework\\frontend\\n2o\\src\\actions\\alerts.test.js","startTime":1548937398334,"status":"passed","summary":""},{"assertionResults":[{"failureMessages":[],"status":"passed","title":"должен вернуть state"},{"failureMessages":[],"status":"passed","title":"должен вернуть пустой объект"},{"failureMessages":[],"status":"passed","title":"должен вернуть алерт по ключу"}],"endTime":1548937398447,"message":"","name":"C:\\Users\\dmusin\\WebstormProjects\\n2o-framework\\frontend\\n2o\\src\\selectors\\alerts.test.js","startTime":1548937398337,"status":"passed","summary":""},{"assertionResults":[{"failureMessages":[],"status":"passed","title":"Генирирует правильное событие"},{"failureMessages":[],"status":"passed","title":"Возвращает правильный payload"},{"failureMessages":[],"status":"passed","title":"Генирирует правильное событие"},{"failureMessages":[],"status":"passed","title":"Возвращает правильный payload"},{"failureMessages":[],"status":"passed","title":"Генирирует правильное событие"},{"failureMessages":[],"status":"passed","title":"Возвращает правильный payload"},{"failureMessages":[],"status":"passed","title":"Генирирует правильное событие"}],"endTime":1548937398450,"message":"","name":"C:\\Users\\dmusin\\WebstormProjects\\n2o-framework\\frontend\\n2o\\src\\actions\\modals.test.js","startTime":1548937398334,"status":"passed","summary":""},{"assertionResults":[{"failureMessages":[],"status":"passed","title":"Генирирует правильные события"},{"failureMessages":[],"status":"passed","title":"Возвращает правильный payload"},{"failureMessages":[],"status":"passed","title":"Возвращает правильную meta"}],"endTime":1548937398562,"message":"","name":"C:\\Users\\dmusin\\WebstormProjects\\n2o-framework\\frontend\\n2o\\src\\actions\\createActionHelper.test.js","startTime":1548937398479,"status":"passed","summary":""},{"assertionResults":[{"failureMessages":[],"status":"passed","title":"authSelector должен вернуть пользователя"},{"failureMessages":[],"status":"passed","title":"isloggedInSelector должен вернуть isLoggedIn"},{"failureMessages":[],"status":"passed","title":"userSelector должен вернуть user без isLoggedIn"}],"endTime":1548937398619,"message":"","name":"C:\\Users\\dmusin\\WebstormProjects\\n2o-framework\\frontend\\n2o\\src\\selectors\\auth.test.js","startTime":1548937398556,"status":"passed","summary":""},{"assertionResults":[{"failureMessages":[],"status":"passed","title":"Генирирует правильное событие"},{"failureMessages":[],"status":"passed","title":"Возвращает правильный payload"},{"failureMessages":[],"status":"passed","title":"Генирирует правильное событие"},{"failureMessages":[],"status":"passed","title":"Возвращает правильный payload"},{"failureMessages":[],"status":"passed","title":"Генирирует правильное событие"},{"failureMessages":[],"status":"passed","title":"Возвращает правильный payload"},{"failureMessages":[],"status":"passed","title":"Генирирует правильное событие"},{"failureMessages":[],"status":"passed","title":"Возвращает правильный payload"},{"failureMessages":[],"status":"passed","title":"Генирирует правильное событие"},{"failureMessages":[],"status":"passed","title":"Возвращает правильный payload"},{"failureMessages":[],"status":"passed","title":"Генирирует правильное событие"},{"failureMessages":[],"status":"passed","title":"Возвращает правильный payload"},{"failureMessages":[],"status":"passed","title":"Генирирует правильное событие"},{"failureMessages":[],"status":"passed","title":"Возвращает правильный payload"},{"failureMessages":[],"status":"passed","title":"Генирирует правильное событие"},{"failureMessages":[],"status":"passed","title":"Возвращает правильный payload"},{"failureMessages":[],"status":"passed","title":"Генирирует правильное событие"},{"failureMessages":[],"status":"passed","title":"Возвращает правильный payload"},{"failureMessages":[],"status":"passed","title":"Генирирует правильное событие"},{"failureMessages":[],"status":"passed","title":"Возвращает правильный payload"},{"failureMessages":[],"status":"passed","title":"Генирирует правильное событие"},{"failureMessages":[],"status":"passed","title":"Возвращает правильный payload"},{"failureMessages":[],"status":"passed","title":"Генирирует правильное событие"},{"failureMessages":[],"status":"passed","title":"Возвращает правильный payload"},{"failureMessages":[],"status":"passed","title":"Генирирует правильное событие"},{"failureMessages":[],"status":"passed","title":"Возвращает правильный payload"},{"failureMessages":[],"status":"passed","title":"Генирирует правильное событие"},{"failureMessages":[],"status":"passed","title":"Возвращает правильный payload"},{"failureMessages":[],"status":"passed","title":"Генирирует правильное событие"},{"failureMessages":[],"status":"passed","title":"Возвращает правильный payload"},{"failureMessages":[],"status":"passed","title":"Генирирует правильное событие"},{"failureMessages":[],"status":"passed","title":"Возвращает правильный payload"},{"failureMessages":[],"status":"passed","title":"Генирирует правильное событие"},{"failureMessages":[],"status":"passed","title":"Возвращает правильный payload"},{"failureMessages":[],"status":"passed","title":"Генирирует правильное событие"},{"failureMessages":[],"status":"passed","title":"Возвращает правильный payload"}],"endTime":1548937398670,"message":"","name":"C:\\Users\\dmusin\\WebstormProjects\\n2o-framework\\frontend\\n2o\\src\\actions\\toolbar.test.js","startTime":1548937398579,"status":"passed","summary":""},{"assertionResults":[{"failureMessages":[],"status":"passed","title":"Генирирует правильное событие"},{"failureMessages":[],"status":"passed","title":"Проверяет правильность возвращаемых данных"},{"failureMessages":[],"status":"passed","title":"Проверяет правильность меты"}],"endTime":1548937398724,"message":"","name":"C:\\Users\\dmusin\\WebstormProjects\\n2o-framework\\frontend\\n2o\\src\\actions\\actionImpl.test.js","startTime":1548937398667,"status":"passed","summary":""}],"wasInterrupted":false}