{"numFailedTestSuites":3,"numFailedTests":28,"numPassedTestSuites":216,"numPassedTests":1663,"numPendingTestSuites":1,"numPendingTests":16,"numRuntimeErrorTestSuites":0,"numTodoTests":0,"numTotalTestSuites":220,"numTotalTests":1707,"openHandles":[],"snapshot":{"added":0,"didUpdate":false,"failure":true,"filesAdded":0,"filesRemoved":0,"filesRemovedList":[],"filesUnmatched":3,"filesUpdated":0,"matched":378,"total":406,"unchecked":858,"uncheckedKeysByFile":[{"filePath":"C:\\src\\n2o-framework\\frontend\\n2o-framework\\.storybook\\storyshots.test.js","keys":["Storyshots UI Компоненты/Collapse Компонент type=default: C:\\projects\\n2o-framework-current-version\\n2o-framework\\frontend\\n2o-framework\\src\\components\\snippets\\Collapse\\__snapshots__\\Collapse.story.storyshot 1","Storyshots UI Компоненты/Collapse Компонент type=default: C:\\sources\\INOVUS\\n2o-framework\\frontend\\n2o-framework\\src\\components\\snippets\\Collapse\\__snapshots__\\Collapse.story.storyshot 1","Storyshots UI Компоненты/Collapse Компонент type=divider: C:\\projects\\n2o-framework-current-version\\n2o-framework\\frontend\\n2o-framework\\src\\components\\snippets\\Collapse\\__snapshots__\\Collapse.story.storyshot 1","Storyshots UI Компоненты/Collapse Компонент type=divider: C:\\sources\\INOVUS\\n2o-framework\\frontend\\n2o-framework\\src\\components\\snippets\\Collapse\\__snapshots__\\Collapse.story.storyshot 1","Storyshots UI Компоненты/Collapse Компонент type=line: C:\\projects\\n2o-framework-current-version\\n2o-framework\\frontend\\n2o-framework\\src\\components\\snippets\\Collapse\\__snapshots__\\Collapse.story.storyshot 1","Storyshots UI Компоненты/Collapse Компонент type=line: C:\\sources\\INOVUS\\n2o-framework\\frontend\\n2o-framework\\src\\components\\snippets\\Collapse\\__snapshots__\\Collapse.story.storyshot 1","Storyshots UI Компоненты/Collapse Компонент с InputSelect внутри: C:\\projects\\n2o-framework-current-version\\n2o-framework\\frontend\\n2o-framework\\src\\components\\snippets\\Collapse\\__snapshots__\\Collapse.story.storyshot 1","Storyshots UI Компоненты/Collapse Компонент с InputSelect внутри: C:\\sources\\INOVUS\\n2o-framework\\frontend\\n2o-framework\\src\\components\\snippets\\Collapse\\__snapshots__\\Collapse.story.storyshot 1","Storyshots UI Компоненты/Collapse Компонент с длинным заголовком: C:\\projects\\n2o-framework-current-version\\n2o-framework\\frontend\\n2o-framework\\src\\components\\snippets\\Collapse\\__snapshots__\\Collapse.story.storyshot 1","Storyshots UI Компоненты/Collapse Компонент с длинным заголовком: C:\\sources\\INOVUS\\n2o-framework\\frontend\\n2o-framework\\src\\components\\snippets\\Collapse\\__snapshots__\\Collapse.story.storyshot 1","Storyshots UI Компоненты/Collapse Создание через Factory: C:\\projects\\n2o-framework-current-version\\n2o-framework\\frontend\\n2o-framework\\src\\components\\snippets\\Collapse\\__snapshots__\\Collapse.story.storyshot 1","Storyshots UI Компоненты/Collapse Создание через Factory: C:\\sources\\INOVUS\\n2o-framework\\frontend\\n2o-framework\\src\\components\\snippets\\Collapse\\__snapshots__\\Collapse.story.storyshot 1","Storyshots UI Компоненты/Divider Вертикальный, высота 250px: C:\\projects\\n2o-framework-current-version\\n2o-framework\\frontend\\n2o-framework\\src\\components\\snippets\\Divider\\__snapshots__\\Divider.story.storyshot 1","Storyshots UI Компоненты/Divider Вертикальный, высота 250px: C:\\sources\\INOVUS\\n2o-framework\\frontend\\n2o-framework\\src\\components\\snippets\\Divider\\__snapshots__\\Divider.story.storyshot 1","Storyshots UI Компоненты/Divider Вертикальный, пунктирная линия, высота 250px: C:\\projects\\n2o-framework-current-version\\n2o-framework\\frontend\\n2o-framework\\src\\components\\snippets\\Divider\\__snapshots__\\Divider.story.storyshot 1","Storyshots UI Компоненты/Divider Вертикальный, пунктирная линия, высота 250px: C:\\sources\\INOVUS\\n2o-framework\\frontend\\n2o-framework\\src\\components\\snippets\\Divider\\__snapshots__\\Divider.story.storyshot 1","Storyshots UI Компоненты/Divider Горизонтальный: C:\\projects\\n2o-framework-current-version\\n2o-framework\\frontend\\n2o-framework\\src\\components\\snippets\\Divider\\__snapshots__\\Divider.story.storyshot 1","Storyshots UI Компоненты/Divider Горизонтальный: C:\\sources\\INOVUS\\n2o-framework\\frontend\\n2o-framework\\src\\components\\snippets\\Divider\\__snapshots__\\Divider.story.storyshot 1","Storyshots UI Компоненты/Divider Компонент: C:\\projects\\n2o-framework-current-version\\n2o-framework\\frontend\\n2o-framework\\src\\components\\snippets\\Divider\\__snapshots__\\Divider.story.storyshot 1","Storyshots UI Компоненты/Divider Компонент: C:\\sources\\INOVUS\\n2o-framework\\frontend\\n2o-framework\\src\\components\\snippets\\Divider\\__snapshots__\\Divider.story.storyshot 1","Storyshots UI Компоненты/Divider Пунктирна линия, с заголовком (по умолчанию лево): C:\\projects\\n2o-framework-current-version\\n2o-framework\\frontend\\n2o-framework\\src\\components\\snippets\\Divider\\__snapshots__\\Divider.story.storyshot 1","Storyshots UI Компоненты/Divider Пунктирна линия, с заголовком (по умолчанию лево): C:\\sources\\INOVUS\\n2o-framework\\frontend\\n2o-framework\\src\\components\\snippets\\Divider\\__snapshots__\\Divider.story.storyshot 1","Storyshots UI Компоненты/Divider Пунктирная линия: C:\\projects\\n2o-framework-current-version\\n2o-framework\\frontend\\n2o-framework\\src\\components\\snippets\\Divider\\__snapshots__\\Divider.story.storyshot 1","Storyshots UI Компоненты/Divider Пунктирная линия: C:\\sources\\INOVUS\\n2o-framework\\frontend\\n2o-framework\\src\\components\\snippets\\Divider\\__snapshots__\\Divider.story.storyshot 1","Storyshots UI Компоненты/Divider Различная ширина (style): C:\\projects\\n2o-framework-current-version\\n2o-framework\\frontend\\n2o-framework\\src\\components\\snippets\\Divider\\__snapshots__\\Divider.story.storyshot 1","Storyshots UI Компоненты/Divider Различная ширина (style): C:\\sources\\INOVUS\\n2o-framework\\frontend\\n2o-framework\\src\\components\\snippets\\Divider\\__snapshots__\\Divider.story.storyshot 1","Storyshots UI Компоненты/Divider С заголовком (по умолчанию лево): C:\\projects\\n2o-framework-current-version\\n2o-framework\\frontend\\n2o-framework\\src\\components\\snippets\\Divider\\__snapshots__\\Divider.story.storyshot 1","Storyshots UI Компоненты/Divider С заголовком (по умолчанию лево): C:\\sources\\INOVUS\\n2o-framework\\frontend\\n2o-framework\\src\\components\\snippets\\Divider\\__snapshots__\\Divider.story.storyshot 1","Storyshots UI Компоненты/Divider С заголовком (право): C:\\projects\\n2o-framework-current-version\\n2o-framework\\frontend\\n2o-framework\\src\\components\\snippets\\Divider\\__snapshots__\\Divider.story.storyshot 1","Storyshots UI Компоненты/Divider С заголовком (право): C:\\sources\\INOVUS\\n2o-framework\\frontend\\n2o-framework\\src\\components\\snippets\\Divider\\__snapshots__\\Divider.story.storyshot 1","Storyshots UI Компоненты/Divider С заголовком (центр): C:\\projects\\n2o-framework-current-version\\n2o-framework\\frontend\\n2o-framework\\src\\components\\snippets\\Divider\\__snapshots__\\Divider.story.storyshot 1","Storyshots UI Компоненты/Divider С заголовком (центр): C:\\sources\\INOVUS\\n2o-framework\\frontend\\n2o-framework\\src\\components\\snippets\\Divider\\__snapshots__\\Divider.story.storyshot 1","Storyshots UI Компоненты/Divider Стилизация цвета заголовка: C:\\projects\\n2o-framework-current-version\\n2o-framework\\frontend\\n2o-framework\\src\\components\\snippets\\Divider\\__snapshots__\\Divider.story.storyshot 1","Storyshots UI Компоненты/Divider Стилизация цвета заголовка: C:\\sources\\INOVUS\\n2o-framework\\frontend\\n2o-framework\\src\\components\\snippets\\Divider\\__snapshots__\\Divider.story.storyshot 1","Storyshots UI Компоненты/Drawer Компонент: C:\\projects\\n2o-framework-current-version\\n2o-framework\\frontend\\n2o-framework\\src\\components\\snippets\\Drawer\\__snapshots__\\Drawer.story.storyshot 1","Storyshots UI Компоненты/Drawer Компонент: C:\\sources\\INOVUS\\n2o-framework\\frontend\\n2o-framework\\src\\components\\snippets\\Drawer\\__snapshots__\\Drawer.story.storyshot 1","Storyshots UI Компоненты/Placeholder/type=form Компонент: C:\\projects\\n2o-framework-current-version\\n2o-framework\\frontend\\n2o-framework\\src\\components\\snippets\\Placeholder\\components\\Form\\__snapshots__\\Form.story.storyshot 1","Storyshots UI Компоненты/Placeholder/type=form Компонент: C:\\sources\\INOVUS\\n2o-framework\\frontend\\n2o-framework\\src\\components\\snippets\\Placeholder\\components\\Form\\__snapshots__\\Form.story.storyshot 1","Storyshots UI Компоненты/Placeholder/type=list Аватар: C:\\projects\\n2o-framework-current-version\\n2o-framework\\frontend\\n2o-framework\\src\\components\\snippets\\Placeholder\\components\\List\\__snapshots__\\List.story.storyshot 1","Storyshots UI Компоненты/Placeholder/type=list Аватар: C:\\sources\\INOVUS\\n2o-framework\\frontend\\n2o-framework\\src\\components\\snippets\\Placeholder\\components\\List\\__snapshots__\\List.story.storyshot 1","Storyshots UI Компоненты/Placeholder/type=list Компонент: C:\\projects\\n2o-framework-current-version\\n2o-framework\\frontend\\n2o-framework\\src\\components\\snippets\\Placeholder\\components\\List\\__snapshots__\\List.story.storyshot 1","Storyshots UI Компоненты/Placeholder/type=list Компонент: C:\\sources\\INOVUS\\n2o-framework\\frontend\\n2o-framework\\src\\components\\snippets\\Placeholder\\components\\List\\__snapshots__\\List.story.storyshot 1","Storyshots UI Компоненты/Placeholder/type=table Компонент: C:\\projects\\n2o-framework-current-version\\n2o-framework\\frontend\\n2o-framework\\src\\components\\snippets\\Placeholder\\components\\Table\\__snapshots__\\Table.story.storyshot 1","Storyshots UI Компоненты/Placeholder/type=table Компонент: C:\\sources\\INOVUS\\n2o-framework\\frontend\\n2o-framework\\src\\components\\snippets\\Placeholder\\components\\Table\\__snapshots__\\Table.story.storyshot 1","Storyshots UI Компоненты/Placeholder/type=tree chevron: C:\\projects\\n2o-framework-current-version\\n2o-framework\\frontend\\n2o-framework\\src\\components\\snippets\\Placeholder\\components\\Tree\\__snapshots__\\Tree.story.storyshot 1","Storyshots UI Компоненты/Placeholder/type=tree chevron: C:\\sources\\INOVUS\\n2o-framework\\frontend\\n2o-framework\\src\\components\\snippets\\Placeholder\\components\\Tree\\__snapshots__\\Tree.story.storyshot 1","Storyshots UI Компоненты/Placeholder/type=tree Компонент: C:\\projects\\n2o-framework-current-version\\n2o-framework\\frontend\\n2o-framework\\src\\components\\snippets\\Placeholder\\components\\Tree\\__snapshots__\\Tree.story.storyshot 1","Storyshots UI Компоненты/Placeholder/type=tree Компонент: C:\\sources\\INOVUS\\n2o-framework\\frontend\\n2o-framework\\src\\components\\snippets\\Placeholder\\components\\Tree\\__snapshots__\\Tree.story.storyshot 1","Storyshots UI Компоненты/PopoverConfirm Placement: C:\\projects\\n2o-framework-current-version\\n2o-framework\\frontend\\n2o-framework\\src\\components\\snippets\\PopoverConfirm\\__snapshots__\\PopoverConfirm.story.storyshot 1","Storyshots UI Компоненты/PopoverConfirm Placement: C:\\sources\\INOVUS\\n2o-framework\\frontend\\n2o-framework\\src\\components\\snippets\\PopoverConfirm\\__snapshots__\\PopoverConfirm.story.storyshot 1","Storyshots UI Компоненты/PopoverConfirm Компонент: C:\\projects\\n2o-framework-current-version\\n2o-framework\\frontend\\n2o-framework\\src\\components\\snippets\\PopoverConfirm\\__snapshots__\\PopoverConfirm.story.storyshot 1","Storyshots UI Компоненты/PopoverConfirm Компонент: C:\\sources\\INOVUS\\n2o-framework\\frontend\\n2o-framework\\src\\components\\snippets\\PopoverConfirm\\__snapshots__\\PopoverConfirm.story.storyshot 1","Storyshots UI Компоненты/PopoverConfirm Создание через Factory: C:\\projects\\n2o-framework-current-version\\n2o-framework\\frontend\\n2o-framework\\src\\components\\snippets\\PopoverConfirm\\__snapshots__\\PopoverConfirm.story.storyshot 1","Storyshots UI Компоненты/PopoverConfirm Создание через Factory: C:\\sources\\INOVUS\\n2o-framework\\frontend\\n2o-framework\\src\\components\\snippets\\PopoverConfirm\\__snapshots__\\PopoverConfirm.story.storyshot 1","Storyshots UI Компоненты/SearchBar Автоматический поиск: C:\\projects\\n2o-framework-current-version\\n2o-framework\\frontend\\n2o-framework\\src\\components\\snippets\\SearchBar\\__snapshots__\\SearchBar.story.storyshot 1","Storyshots UI Компоненты/SearchBar Автоматический поиск: C:\\sources\\INOVUS\\n2o-framework\\frontend\\n2o-framework\\src\\components\\snippets\\SearchBar\\__snapshots__\\SearchBar.story.storyshot 1","Storyshots UI Компоненты/SearchBar Компонент: C:\\projects\\n2o-framework-current-version\\n2o-framework\\frontend\\n2o-framework\\src\\components\\snippets\\SearchBar\\__snapshots__\\SearchBar.story.storyshot 1","Storyshots UI Компоненты/SearchBar Компонент: C:\\sources\\INOVUS\\n2o-framework\\frontend\\n2o-framework\\src\\components\\snippets\\SearchBar\\__snapshots__\\SearchBar.story.storyshot 1","Storyshots UI Компоненты/SearchBar Поиск по нажатию ENTER: C:\\projects\\n2o-framework-current-version\\n2o-framework\\frontend\\n2o-framework\\src\\components\\snippets\\SearchBar\\__snapshots__\\SearchBar.story.storyshot 1","Storyshots UI Компоненты/SearchBar Поиск по нажатию ENTER: C:\\sources\\INOVUS\\n2o-framework\\frontend\\n2o-framework\\src\\components\\snippets\\SearchBar\\__snapshots__\\SearchBar.story.storyshot 1","Storyshots UI Компоненты/SearchBar Поиск с кнопкой: C:\\projects\\n2o-framework-current-version\\n2o-framework\\frontend\\n2o-framework\\src\\components\\snippets\\SearchBar\\__snapshots__\\SearchBar.story.storyshot 1","Storyshots UI Компоненты/SearchBar Поиск с кнопкой: C:\\sources\\INOVUS\\n2o-framework\\frontend\\n2o-framework\\src\\components\\snippets\\SearchBar\\__snapshots__\\SearchBar.story.storyshot 1","Storyshots UI Компоненты/SearchBar с PopUp: C:\\projects\\n2o-framework-current-version\\n2o-framework\\frontend\\n2o-framework\\src\\components\\snippets\\SearchBar\\__snapshots__\\SearchBar.story.storyshot 1","Storyshots UI Компоненты/SearchBar с PopUp: C:\\sources\\INOVUS\\n2o-framework\\frontend\\n2o-framework\\src\\components\\snippets\\SearchBar\\__snapshots__\\SearchBar.story.storyshot 1","Storyshots UI Компоненты/Status Компонент: C:\\projects\\n2o-framework-current-version\\n2o-framework\\frontend\\n2o-framework\\src\\components\\snippets\\Status\\__snapshots__\\Status.story.storyshot 1","Storyshots UI Компоненты/Status Компонент: C:\\sources\\INOVUS\\n2o-framework\\frontend\\n2o-framework\\src\\components\\snippets\\Status\\__snapshots__\\Status.story.storyshot 1","Storyshots UI Компоненты/Status Позиционирование иконки: C:\\projects\\n2o-framework-current-version\\n2o-framework\\frontend\\n2o-framework\\src\\components\\snippets\\Status\\__snapshots__\\Status.story.storyshot 1","Storyshots UI Компоненты/Status Позиционирование иконки: C:\\sources\\INOVUS\\n2o-framework\\frontend\\n2o-framework\\src\\components\\snippets\\Status\\__snapshots__\\Status.story.storyshot 1","Storyshots UI Компоненты/StatusText Компонент: C:\\projects\\n2o-framework-current-version\\n2o-framework\\frontend\\n2o-framework\\src\\components\\snippets\\StatusText\\__snapshots__\\StatusText.story.storyshot 1","Storyshots UI Компоненты/StatusText Компонент: C:\\sources\\INOVUS\\n2o-framework\\frontend\\n2o-framework\\src\\components\\snippets\\StatusText\\__snapshots__\\StatusText.story.storyshot 1","Storyshots UI Компоненты/StatusText Позиционирование: C:\\projects\\n2o-framework-current-version\\n2o-framework\\frontend\\n2o-framework\\src\\components\\snippets\\StatusText\\__snapshots__\\StatusText.story.storyshot 1","Storyshots UI Компоненты/StatusText Позиционирование: C:\\sources\\INOVUS\\n2o-framework\\frontend\\n2o-framework\\src\\components\\snippets\\StatusText\\__snapshots__\\StatusText.story.storyshot 1","Storyshots UI Компоненты/TitleFieldset Без заголовков: C:\\projects\\n2o-framework-current-version\\n2o-framework\\frontend\\n2o-framework\\src\\components\\widgets\\Form\\fieldsets\\TitleFieldset\\__snapshots__\\TitleFieldset.story.storyshot 1","Storyshots UI Компоненты/TitleFieldset Без заголовков: C:\\sources\\INOVUS\\n2o-framework\\frontend\\n2o-framework\\src\\components\\widgets\\Form\\fieldsets\\TitleFieldset\\__snapshots__\\TitleFieldset.story.storyshot 1","Storyshots UI Компоненты/TitleFieldset Заголовок и подзаголовок: C:\\projects\\n2o-framework-current-version\\n2o-framework\\frontend\\n2o-framework\\src\\components\\widgets\\Form\\fieldsets\\TitleFieldset\\__snapshots__\\TitleFieldset.story.storyshot 1","Storyshots UI Компоненты/TitleFieldset Заголовок и подзаголовок: C:\\sources\\INOVUS\\n2o-framework\\frontend\\n2o-framework\\src\\components\\widgets\\Form\\fieldsets\\TitleFieldset\\__snapshots__\\TitleFieldset.story.storyshot 1","Storyshots UI Компоненты/TitleFieldset Заголовок: C:\\projects\\n2o-framework-current-version\\n2o-framework\\frontend\\n2o-framework\\src\\components\\widgets\\Form\\fieldsets\\TitleFieldset\\__snapshots__\\TitleFieldset.story.storyshot 1","Storyshots UI Компоненты/TitleFieldset Заголовок: C:\\sources\\INOVUS\\n2o-framework\\frontend\\n2o-framework\\src\\components\\widgets\\Form\\fieldsets\\TitleFieldset\\__snapshots__\\TitleFieldset.story.storyshot 1","Storyshots UI Компоненты/TitleFieldset Компонент: C:\\projects\\n2o-framework-current-version\\n2o-framework\\frontend\\n2o-framework\\src\\components\\widgets\\Form\\fieldsets\\TitleFieldset\\__snapshots__\\TitleFieldset.story.storyshot 1","Storyshots UI Компоненты/TitleFieldset Компонент: C:\\sources\\INOVUS\\n2o-framework\\frontend\\n2o-framework\\src\\components\\widgets\\Form\\fieldsets\\TitleFieldset\\__snapshots__\\TitleFieldset.story.storyshot 1","Storyshots UI Компоненты/TitleFieldset Метаданные: C:\\projects\\n2o-framework-current-version\\n2o-framework\\frontend\\n2o-framework\\src\\components\\widgets\\Form\\fieldsets\\TitleFieldset\\__snapshots__\\TitleFieldset.story.storyshot 1","Storyshots UI Компоненты/TitleFieldset Метаданные: C:\\sources\\INOVUS\\n2o-framework\\frontend\\n2o-framework\\src\\components\\widgets\\Form\\fieldsets\\TitleFieldset\\__snapshots__\\TitleFieldset.story.storyshot 1","Storyshots UI Компоненты/Визуальная заглушка Компонент: C:\\projects\\n2o-framework-current-version\\n2o-framework\\frontend\\n2o-framework\\src\\components\\snippets\\Wireframe\\__snapshots__\\Wireframe.story.storyshot 1","Storyshots UI Компоненты/Визуальная заглушка Компонент: C:\\sources\\INOVUS\\n2o-framework\\frontend\\n2o-framework\\src\\components\\snippets\\Wireframe\\__snapshots__\\Wireframe.story.storyshot 1","Storyshots UI Компоненты/Визуальная заглушка Создание через Factory: C:\\projects\\n2o-framework-current-version\\n2o-framework\\frontend\\n2o-framework\\src\\components\\snippets\\Wireframe\\__snapshots__\\Wireframe.story.storyshot 1","Storyshots UI Компоненты/Визуальная заглушка Создание через Factory: C:\\sources\\INOVUS\\n2o-framework\\frontend\\n2o-framework\\src\\components\\snippets\\Wireframe\\__snapshots__\\Wireframe.story.storyshot 1","Storyshots UI Компоненты/Диалог Кнопка закрытия: C:\\sources\\INOVUS\\n2o-framework\\frontend\\n2o-framework\\src\\components\\actions\\ModalDialog\\__snapshots__\\ModalDialogClose.story.storyshot 1","Storyshots UI Компоненты/Диалог Кнопка закрытия: C:\\src\\n2o-framework\\frontend\\n2o-framework\\src\\components\\actions\\ModalDialog\\__snapshots__\\ModalDialogClose.story.storyshot 1","Storyshots UI Компоненты/Диалог Компонент: C:\\sources\\INOVUS\\n2o-framework\\frontend\\n2o-framework\\src\\components\\actions\\ModalDialog\\__snapshots__\\ModalDialog.story.storyshot 1","Storyshots UI Компоненты/Диалог Компонент: C:\\src\\n2o-framework\\frontend\\n2o-framework\\src\\components\\actions\\ModalDialog\\__snapshots__\\ModalDialog.story.storyshot 1","Storyshots UI Компоненты/Диалог Метаданные: C:\\sources\\INOVUS\\n2o-framework\\frontend\\n2o-framework\\src\\components\\actions\\ModalDialog\\__snapshots__\\ModalDialog.story.storyshot 1","Storyshots UI Компоненты/Диалог Метаданные: C:\\src\\n2o-framework\\frontend\\n2o-framework\\src\\components\\actions\\ModalDialog\\__snapshots__\\ModalDialog.story.storyshot 1","Storyshots UI Компоненты/Диалог Размеры: C:\\sources\\INOVUS\\n2o-framework\\frontend\\n2o-framework\\src\\components\\actions\\ModalDialog\\__snapshots__\\ModalDialogSizes.story.storyshot 1","Storyshots UI Компоненты/Диалог Размеры: C:\\src\\n2o-framework\\frontend\\n2o-framework\\src\\components\\actions\\ModalDialog\\__snapshots__\\ModalDialogSizes.story.storyshot 1","Storyshots UI Компоненты/Диалог Текст: C:\\sources\\INOVUS\\n2o-framework\\frontend\\n2o-framework\\src\\components\\actions\\ModalDialog\\__snapshots__\\ModalDialogText.story.storyshot 1","Storyshots UI Компоненты/Диалог Текст: C:\\src\\n2o-framework\\frontend\\n2o-framework\\src\\components\\actions\\ModalDialog\\__snapshots__\\ModalDialogText.story.storyshot 1","Storyshots UI Компоненты/Изображение Shapes: C:\\projects\\n2o-framework-current-version\\n2o-framework\\frontend\\n2o-framework\\src\\components\\snippets\\Image\\__snapshots__\\Image.story.storyshot 1","Storyshots UI Компоненты/Изображение Shapes: C:\\sources\\INOVUS\\n2o-framework\\frontend\\n2o-framework\\src\\components\\snippets\\Image\\__snapshots__\\Image.story.storyshot 1","Storyshots UI Компоненты/Изображение Кастомная ширина: C:\\projects\\n2o-framework-current-version\\n2o-framework\\frontend\\n2o-framework\\src\\components\\snippets\\Image\\__snapshots__\\Image.story.storyshot 1","Storyshots UI Компоненты/Изображение Кастомная ширина: C:\\sources\\INOVUS\\n2o-framework\\frontend\\n2o-framework\\src\\components\\snippets\\Image\\__snapshots__\\Image.story.storyshot 1","Storyshots UI Компоненты/Изображение Компонент: C:\\projects\\n2o-framework-current-version\\n2o-framework\\frontend\\n2o-framework\\src\\components\\snippets\\Image\\__snapshots__\\Image.story.storyshot 1","Storyshots UI Компоненты/Изображение Компонент: C:\\sources\\INOVUS\\n2o-framework\\frontend\\n2o-framework\\src\\components\\snippets\\Image\\__snapshots__\\Image.story.storyshot 1","Storyshots UI Компоненты/Изображение Позиционирование текста: C:\\projects\\n2o-framework-current-version\\n2o-framework\\frontend\\n2o-framework\\src\\components\\snippets\\Image\\__snapshots__\\Image.story.storyshot 1","Storyshots UI Компоненты/Изображение Позиционирование текста: C:\\sources\\INOVUS\\n2o-framework\\frontend\\n2o-framework\\src\\components\\snippets\\Image\\__snapshots__\\Image.story.storyshot 1","Storyshots UI Компоненты/Иконка Использование иконок: C:\\projects\\n2o-framework-current-version\\n2o-framework\\frontend\\n2o-framework\\src\\components\\snippets\\Icon\\__snapshots__\\IconList.story.storyshot 1","Storyshots UI Компоненты/Иконка Использование иконок: C:\\sources\\INOVUS\\n2o-framework\\frontend\\n2o-framework\\src\\components\\snippets\\Icon\\__snapshots__\\IconList.story.storyshot 1","Storyshots UI Компоненты/Иконка Компонент: C:\\projects\\n2o-framework-current-version\\n2o-framework\\frontend\\n2o-framework\\src\\components\\snippets\\Icon\\__snapshots__\\Icon.story.storyshot 1","Storyshots UI Компоненты/Иконка Компонент: C:\\sources\\INOVUS\\n2o-framework\\frontend\\n2o-framework\\src\\components\\snippets\\Icon\\__snapshots__\\Icon.story.storyshot 1","Storyshots UI Компоненты/Иконка Создание через Factory: C:\\projects\\n2o-framework-current-version\\n2o-framework\\frontend\\n2o-framework\\src\\components\\snippets\\Icon\\__snapshots__\\Icon.story.storyshot 1","Storyshots UI Компоненты/Иконка Создание через Factory: C:\\sources\\INOVUS\\n2o-framework\\frontend\\n2o-framework\\src\\components\\snippets\\Icon\\__snapshots__\\Icon.story.storyshot 1","Storyshots UI Компоненты/Иконка для инпутов Компонент: C:\\projects\\n2o-framework-current-version\\n2o-framework\\frontend\\n2o-framework\\src\\components\\snippets\\InputIcon\\__snapshots__\\InputIcon.story.storyshot 1","Storyshots UI Компоненты/Иконка для инпутов Компонент: C:\\sources\\INOVUS\\n2o-framework\\frontend\\n2o-framework\\src\\components\\snippets\\InputIcon\\__snapshots__\\InputIcon.story.storyshot 1","Storyshots UI Компоненты/Меню сверху Компонент: C:\\projects\\n2o-framework-current-version\\n2o-framework\\frontend\\n2o-framework\\src\\plugins\\Header\\SimpleHeader\\__snapshots__\\SimpleHeaderSearch.story.storyshot 1","Storyshots UI Компоненты/Меню сверху Компонент: C:\\sources\\INOVUS\\n2o-framework\\frontend\\n2o-framework\\src\\plugins\\Header\\SimpleHeader\\__snapshots__\\SimpleHeaderSearch.story.storyshot 1","Storyshots UI Компоненты/Меню слева Компонент: C:\\projects\\n2o-framework-current-version\\n2o-framework\\frontend\\n2o-framework\\src\\plugins\\SideBar\\__snapshots__\\SideBar.story.storyshot 1","Storyshots UI Компоненты/Меню слева Компонент: C:\\sources\\INOVUS\\n2o-framework\\frontend\\n2o-framework\\src\\plugins\\SideBar\\__snapshots__\\SideBar.story.storyshot 1","Storyshots UI Компоненты/Меню слева Ограничение доступа: C:\\projects\\n2o-framework-current-version\\n2o-framework\\frontend\\n2o-framework\\src\\plugins\\SideBar\\__snapshots__\\SideBar.story.storyshot 1","Storyshots UI Компоненты/Меню слева Ограничение доступа: C:\\sources\\INOVUS\\n2o-framework\\frontend\\n2o-framework\\src\\plugins\\SideBar\\__snapshots__\\SideBar.story.storyshot 1","Storyshots UI Компоненты/Меню слева Сжатие: C:\\projects\\n2o-framework-current-version\\n2o-framework\\frontend\\n2o-framework\\src\\plugins\\SideBar\\__snapshots__\\SideBarCollapse.story.storyshot 1","Storyshots UI Компоненты/Меню слева Сжатие: C:\\sources\\INOVUS\\n2o-framework\\frontend\\n2o-framework\\src\\plugins\\SideBar\\__snapshots__\\SideBarCollapse.story.storyshot 1","Storyshots UI Компоненты/Пагинация Вариации: C:\\projects\\n2o-framework-current-version\\n2o-framework\\frontend\\n2o-framework\\src\\components\\snippets\\Pagination\\__snapshots__\\Pagination.story.storyshot 1","Storyshots UI Компоненты/Пагинация Вариации: C:\\sources\\INOVUS\\n2o-framework\\frontend\\n2o-framework\\src\\components\\snippets\\Pagination\\__snapshots__\\Pagination.story.storyshot 1","Storyshots UI Компоненты/Пагинация Интерактивное использование: C:\\projects\\n2o-framework-current-version\\n2o-framework\\frontend\\n2o-framework\\src\\components\\snippets\\Pagination\\__snapshots__\\Pagination.story.storyshot 1","Storyshots UI Компоненты/Пагинация Интерактивное использование: C:\\sources\\INOVUS\\n2o-framework\\frontend\\n2o-framework\\src\\components\\snippets\\Pagination\\__snapshots__\\Pagination.story.storyshot 1","Storyshots UI Компоненты/Пагинация Компонент: C:\\projects\\n2o-framework-current-version\\n2o-framework\\frontend\\n2o-framework\\src\\components\\snippets\\Pagination\\__snapshots__\\Pagination.story.storyshot 1","Storyshots UI Компоненты/Пагинация Компонент: C:\\sources\\INOVUS\\n2o-framework\\frontend\\n2o-framework\\src\\components\\snippets\\Pagination\\__snapshots__\\Pagination.story.storyshot 1","Storyshots UI Компоненты/Сообщения Alert loader: C:\\projects\\n2o-framework-current-version\\n2o-framework\\frontend\\n2o-framework\\src\\components\\snippets\\Alerts\\__snapshots__\\Alert.story.storyshot 1","Storyshots UI Компоненты/Сообщения Alert loader: C:\\sources\\INOVUS\\n2o-framework\\frontend\\n2o-framework\\src\\components\\snippets\\Alerts\\__snapshots__\\Alert.story.storyshot 1","Storyshots UI Компоненты/Сообщения Global alert: C:\\projects\\n2o-framework-current-version\\n2o-framework\\frontend\\n2o-framework\\src\\components\\snippets\\Alerts\\__snapshots__\\Alert.story.storyshot 1","Storyshots UI Компоненты/Сообщения Global alert: C:\\sources\\INOVUS\\n2o-framework\\frontend\\n2o-framework\\src\\components\\snippets\\Alerts\\__snapshots__\\Alert.story.storyshot 1","Storyshots UI Компоненты/Сообщения Абсолютное и относительное позиционирование в виджете: C:\\projects\\n2o-framework-current-version\\n2o-framework\\frontend\\n2o-framework\\src\\components\\snippets\\Alerts\\__snapshots__\\Alert.story.storyshot 1","Storyshots UI Компоненты/Сообщения Абсолютное и относительное позиционирование в виджете: C:\\sources\\INOVUS\\n2o-framework\\frontend\\n2o-framework\\src\\components\\snippets\\Alerts\\__snapshots__\\Alert.story.storyshot 1","Storyshots UI Компоненты/Сообщения Без деталей: C:\\projects\\n2o-framework-current-version\\n2o-framework\\frontend\\n2o-framework\\src\\components\\snippets\\Alerts\\__snapshots__\\Alert.story.storyshot 1","Storyshots UI Компоненты/Сообщения Без деталей: C:\\sources\\INOVUS\\n2o-framework\\frontend\\n2o-framework\\src\\components\\snippets\\Alerts\\__snapshots__\\Alert.story.storyshot 1","Storyshots UI Компоненты/Сообщения Без заголовка: C:\\projects\\n2o-framework-current-version\\n2o-framework\\frontend\\n2o-framework\\src\\components\\snippets\\Alerts\\__snapshots__\\Alert.story.storyshot 1","Storyshots UI Компоненты/Сообщения Без заголовка: C:\\sources\\INOVUS\\n2o-framework\\frontend\\n2o-framework\\src\\components\\snippets\\Alerts\\__snapshots__\\Alert.story.storyshot 1","Storyshots UI Компоненты/Сообщения Без кнопки скрытия: C:\\projects\\n2o-framework-current-version\\n2o-framework\\frontend\\n2o-framework\\src\\components\\snippets\\Alerts\\__snapshots__\\Alert.story.storyshot 1","Storyshots UI Компоненты/Сообщения Без кнопки скрытия: C:\\sources\\INOVUS\\n2o-framework\\frontend\\n2o-framework\\src\\components\\snippets\\Alerts\\__snapshots__\\Alert.story.storyshot 1","Storyshots UI Компоненты/Сообщения Компонент: C:\\projects\\n2o-framework-current-version\\n2o-framework\\frontend\\n2o-framework\\src\\components\\snippets\\Alerts\\__snapshots__\\Alert.story.storyshot 1","Storyshots UI Компоненты/Сообщения Компонент: C:\\sources\\INOVUS\\n2o-framework\\frontend\\n2o-framework\\src\\components\\snippets\\Alerts\\__snapshots__\\Alert.story.storyshot 1","Storyshots UI Компоненты/Сообщения Обновленный Alert: C:\\projects\\n2o-framework-current-version\\n2o-framework\\frontend\\n2o-framework\\src\\components\\snippets\\Alerts\\__snapshots__\\Alert.story.storyshot 1","Storyshots UI Компоненты/Сообщения Обновленный Alert: C:\\sources\\INOVUS\\n2o-framework\\frontend\\n2o-framework\\src\\components\\snippets\\Alerts\\__snapshots__\\Alert.story.storyshot 1","Storyshots UI Компоненты/Сообщения С переносами текста: C:\\projects\\n2o-framework-current-version\\n2o-framework\\frontend\\n2o-framework\\src\\components\\snippets\\Alerts\\__snapshots__\\Alert.story.storyshot 1","Storyshots UI Компоненты/Сообщения С переносами текста: C:\\sources\\INOVUS\\n2o-framework\\frontend\\n2o-framework\\src\\components\\snippets\\Alerts\\__snapshots__\\Alert.story.storyshot 1","Storyshots UI Компоненты/Сообщения Создание через Factory: C:\\projects\\n2o-framework-current-version\\n2o-framework\\frontend\\n2o-framework\\src\\components\\snippets\\Alerts\\__snapshots__\\Alert.story.storyshot 1","Storyshots UI Компоненты/Сообщения Создание через Factory: C:\\sources\\INOVUS\\n2o-framework\\frontend\\n2o-framework\\src\\components\\snippets\\Alerts\\__snapshots__\\Alert.story.storyshot 1","Storyshots UI Компоненты/Сообщения Цвета: C:\\projects\\n2o-framework-current-version\\n2o-framework\\frontend\\n2o-framework\\src\\components\\snippets\\Alerts\\__snapshots__\\Alert.story.storyshot 1","Storyshots UI Компоненты/Сообщения Цвета: C:\\sources\\INOVUS\\n2o-framework\\frontend\\n2o-framework\\src\\components\\snippets\\Alerts\\__snapshots__\\Alert.story.storyshot 1","Storyshots UI Компоненты/Спиннеры Базовый функционал: C:\\projects\\n2o-framework-current-version\\n2o-framework\\frontend\\n2o-framework\\src\\components\\snippets\\Spinner\\__snapshots__\\Spinner.story.storyshot 1","Storyshots UI Компоненты/Спиннеры Базовый функционал: C:\\sources\\INOVUS\\n2o-framework\\frontend\\n2o-framework\\src\\components\\snippets\\Spinner\\__snapshots__\\Spinner.story.storyshot 1","Storyshots UI Компоненты/Спиннеры Компонент: C:\\projects\\n2o-framework-current-version\\n2o-framework\\frontend\\n2o-framework\\src\\components\\snippets\\Spinner\\__snapshots__\\Spinner.story.storyshot 1","Storyshots UI Компоненты/Спиннеры Компонент: C:\\sources\\INOVUS\\n2o-framework\\frontend\\n2o-framework\\src\\components\\snippets\\Spinner\\__snapshots__\\Spinner.story.storyshot 1","Storyshots UI Компоненты/Текст Компонент: C:\\projects\\n2o-framework-current-version\\n2o-framework\\frontend\\n2o-framework\\src\\components\\snippets\\Text\\__snapshots__\\Text.story.storyshot 1","Storyshots UI Компоненты/Текст Компонент: C:\\sources\\INOVUS\\n2o-framework\\frontend\\n2o-framework\\src\\components\\snippets\\Text\\__snapshots__\\Text.story.storyshot 1","Storyshots UI Компоненты/Текст Создание через Factory: C:\\projects\\n2o-framework-current-version\\n2o-framework\\frontend\\n2o-framework\\src\\components\\snippets\\Text\\__snapshots__\\Text.story.storyshot 1","Storyshots UI Компоненты/Текст Создание через Factory: C:\\sources\\INOVUS\\n2o-framework\\frontend\\n2o-framework\\src\\components\\snippets\\Text\\__snapshots__\\Text.story.storyshot 1","Storyshots UI Компоненты/Типография/Paragraph Компонент: C:\\projects\\n2o-framework-current-version\\n2o-framework\\frontend\\n2o-framework\\src\\components\\snippets\\Typography\\Paragraph\\__snapshots__\\Paragraph.story.storyshot 1","Storyshots UI Компоненты/Типография/Paragraph Компонент: C:\\sources\\INOVUS\\n2o-framework\\frontend\\n2o-framework\\src\\components\\snippets\\Typography\\Paragraph\\__snapshots__\\Paragraph.story.storyshot 1","Storyshots UI Компоненты/Типография/Paragraph Разное отображение: C:\\projects\\n2o-framework-current-version\\n2o-framework\\frontend\\n2o-framework\\src\\components\\snippets\\Typography\\Paragraph\\__snapshots__\\Paragraph.story.storyshot 1","Storyshots UI Компоненты/Типография/Paragraph Разное отображение: C:\\sources\\INOVUS\\n2o-framework\\frontend\\n2o-framework\\src\\components\\snippets\\Typography\\Paragraph\\__snapshots__\\Paragraph.story.storyshot 1","Storyshots UI Компоненты/Типография/Text Компонент: C:\\projects\\n2o-framework-current-version\\n2o-framework\\frontend\\n2o-framework\\src\\components\\snippets\\Typography\\Text\\__snapshots__\\Text.story.storyshot 1","Storyshots UI Компоненты/Типография/Text Компонент: C:\\sources\\INOVUS\\n2o-framework\\frontend\\n2o-framework\\src\\components\\snippets\\Typography\\Text\\__snapshots__\\Text.story.storyshot 1","Storyshots UI Компоненты/Типография/Text Разное отображение: C:\\projects\\n2o-framework-current-version\\n2o-framework\\frontend\\n2o-framework\\src\\components\\snippets\\Typography\\Text\\__snapshots__\\Text.story.storyshot 1","Storyshots UI Компоненты/Типография/Text Разное отображение: C:\\sources\\INOVUS\\n2o-framework\\frontend\\n2o-framework\\src\\components\\snippets\\Typography\\Text\\__snapshots__\\Text.story.storyshot 1","Storyshots UI Компоненты/Типография/Text Текст с переносами \\n: C:\\projects\\n2o-framework-current-version\\n2o-framework\\frontend\\n2o-framework\\src\\components\\snippets\\Typography\\Text\\__snapshots__\\Text.story.storyshot 1","Storyshots UI Компоненты/Типография/Text Текст с переносами \\n: C:\\sources\\INOVUS\\n2o-framework\\frontend\\n2o-framework\\src\\components\\snippets\\Typography\\Text\\__snapshots__\\Text.story.storyshot 1","Storyshots UI Компоненты/Типография/Title Компонент: C:\\projects\\n2o-framework-current-version\\n2o-framework\\frontend\\n2o-framework\\src\\components\\snippets\\Typography\\Title\\__snapshots__\\Title.story.storyshot 1","Storyshots UI Компоненты/Типография/Title Компонент: C:\\sources\\INOVUS\\n2o-framework\\frontend\\n2o-framework\\src\\components\\snippets\\Typography\\Title\\__snapshots__\\Title.story.storyshot 1","Storyshots UI Компоненты/Типография/Title Разное отображение: C:\\projects\\n2o-framework-current-version\\n2o-framework\\frontend\\n2o-framework\\src\\components\\snippets\\Typography\\Title\\__snapshots__\\Title.story.storyshot 1","Storyshots UI Компоненты/Типография/Title Разное отображение: C:\\sources\\INOVUS\\n2o-framework\\frontend\\n2o-framework\\src\\components\\snippets\\Typography\\Title\\__snapshots__\\Title.story.storyshot 1","Storyshots UI Компоненты/Фильтр Компонент: C:\\projects\\n2o-framework-current-version\\n2o-framework\\frontend\\n2o-framework\\src\\components\\snippets\\Filter\\__snapshots__\\Filter.story.storyshot 1","Storyshots UI Компоненты/Фильтр Компонент: C:\\sources\\INOVUS\\n2o-framework\\frontend\\n2o-framework\\src\\components\\snippets\\Filter\\__snapshots__\\Filter.story.storyshot 1","Storyshots UI Компоненты/Фильтр Текст кнопок: C:\\projects\\n2o-framework-current-version\\n2o-framework\\frontend\\n2o-framework\\src\\components\\snippets\\Filter\\__snapshots__\\Filter.story.storyshot 1","Storyshots UI Компоненты/Фильтр Текст кнопок: C:\\sources\\INOVUS\\n2o-framework\\frontend\\n2o-framework\\src\\components\\snippets\\Filter\\__snapshots__\\Filter.story.storyshot 1","Storyshots Виджеты/Advanced Table Colspan rowspan: C:\\projects\\n2o-framework-current-version\\n2o-framework\\frontend\\n2o-framework\\src\\components\\widgets\\AdvancedTable\\__snapshots__\\AdvancedTableWidget.story.storyshot 1","Storyshots Виджеты/Advanced Table Colspan rowspan: C:\\sources\\INOVUS\\n2o-framework\\frontend\\n2o-framework\\src\\components\\widgets\\AdvancedTable\\__snapshots__\\AdvancedTableWidget.story.storyshot 1","Storyshots Виджеты/Advanced Table Placeholder: C:\\projects\\n2o-framework-current-version\\n2o-framework\\frontend\\n2o-framework\\src\\components\\widgets\\AdvancedTable\\__snapshots__\\AdvancedTableWidget.story.storyshot 1","Storyshots Виджеты/Advanced Table Placeholder: C:\\sources\\INOVUS\\n2o-framework\\frontend\\n2o-framework\\src\\components\\widgets\\AdvancedTable\\__snapshots__\\AdvancedTableWidget.story.storyshot 1","Storyshots Виджеты/Advanced Table Resizable колонки: C:\\projects\\n2o-framework-current-version\\n2o-framework\\frontend\\n2o-framework\\src\\components\\widgets\\AdvancedTable\\__snapshots__\\AdvancedTableWidget.story.storyshot 1","Storyshots Виджеты/Advanced Table Resizable колонки: C:\\sources\\INOVUS\\n2o-framework\\frontend\\n2o-framework\\src\\components\\widgets\\AdvancedTable\\__snapshots__\\AdvancedTableWidget.story.storyshot 1","Storyshots Виджеты/Advanced Table expand список: C:\\projects\\n2o-framework-current-version\\n2o-framework\\frontend\\n2o-framework\\src\\components\\widgets\\AdvancedTable\\__snapshots__\\AdvancedTableWidget.story.storyshot 1","Storyshots Виджеты/Advanced Table expand список: C:\\sources\\INOVUS\\n2o-framework\\frontend\\n2o-framework\\src\\components\\widgets\\AdvancedTable\\__snapshots__\\AdvancedTableWidget.story.storyshot 1","Storyshots Виджеты/Advanced Table Вид дерево: C:\\projects\\n2o-framework-current-version\\n2o-framework\\frontend\\n2o-framework\\src\\components\\widgets\\AdvancedTable\\__snapshots__\\AdvancedTableWidget.story.storyshot 1","Storyshots Виджеты/Advanced Table Вид дерево: C:\\sources\\INOVUS\\n2o-framework\\frontend\\n2o-framework\\src\\components\\widgets\\AdvancedTable\\__snapshots__\\AdvancedTableWidget.story.storyshot 1","Storyshots Виджеты/Advanced Table Выбор строк радио по клику на строку: C:\\projects\\n2o-framework-current-version\\n2o-framework\\frontend\\n2o-framework\\src\\components\\widgets\\AdvancedTable\\__snapshots__\\AdvancedTableWidget.story.storyshot 1","Storyshots Виджеты/Advanced Table Выбор строк радио по клику на строку: C:\\sources\\INOVUS\\n2o-framework\\frontend\\n2o-framework\\src\\components\\widgets\\AdvancedTable\\__snapshots__\\AdvancedTableWidget.story.storyshot 1","Storyshots Виджеты/Advanced Table Выбор строк радио: C:\\projects\\n2o-framework-current-version\\n2o-framework\\frontend\\n2o-framework\\src\\components\\widgets\\AdvancedTable\\__snapshots__\\AdvancedTableWidget.story.storyshot 1","Storyshots Виджеты/Advanced Table Выбор строк радио: C:\\sources\\INOVUS\\n2o-framework\\frontend\\n2o-framework\\src\\components\\widgets\\AdvancedTable\\__snapshots__\\AdvancedTableWidget.story.storyshot 1","Storyshots Виджеты/Advanced Table Выбор строк чекбоксом по клику на строку: C:\\projects\\n2o-framework-current-version\\n2o-framework\\frontend\\n2o-framework\\src\\components\\widgets\\AdvancedTable\\__snapshots__\\AdvancedTableWidget.story.storyshot 1","Storyshots Виджеты/Advanced Table Выбор строк чекбоксом по клику на строку: C:\\sources\\INOVUS\\n2o-framework\\frontend\\n2o-framework\\src\\components\\widgets\\AdvancedTable\\__snapshots__\\AdvancedTableWidget.story.storyshot 1","Storyshots Виджеты/Advanced Table Выбор строк чекбоксом: C:\\projects\\n2o-framework-current-version\\n2o-framework\\frontend\\n2o-framework\\src\\components\\widgets\\AdvancedTable\\__snapshots__\\AdvancedTableWidget.story.storyshot 1","Storyshots Виджеты/Advanced Table Выбор строк чекбоксом: C:\\sources\\INOVUS\\n2o-framework\\frontend\\n2o-framework\\src\\components\\widgets\\AdvancedTable\\__snapshots__\\AdvancedTableWidget.story.storyshot 1","Storyshots Виджеты/Advanced Table Колонки с длиной в пикселях: C:\\projects\\n2o-framework-current-version\\n2o-framework\\frontend\\n2o-framework\\src\\components\\widgets\\AdvancedTable\\__snapshots__\\AdvancedTableWidget.story.storyshot 1","Storyshots Виджеты/Advanced Table Колонки с длиной в пикселях: C:\\sources\\INOVUS\\n2o-framework\\frontend\\n2o-framework\\src\\components\\widgets\\AdvancedTable\\__snapshots__\\AdvancedTableWidget.story.storyshot 1","Storyshots Виджеты/Advanced Table Колонки с длиной в процентах: C:\\projects\\n2o-framework-current-version\\n2o-framework\\frontend\\n2o-framework\\src\\components\\widgets\\AdvancedTable\\__snapshots__\\AdvancedTableWidget.story.storyshot 1","Storyshots Виджеты/Advanced Table Колонки с длиной в процентах: C:\\sources\\INOVUS\\n2o-framework\\frontend\\n2o-framework\\src\\components\\widgets\\AdvancedTable\\__snapshots__\\AdvancedTableWidget.story.storyshot 1","Storyshots Виджеты/Advanced Table Компонент с кастомным Expanded компонентом: C:\\projects\\n2o-framework-current-version\\n2o-framework\\frontend\\n2o-framework\\src\\components\\widgets\\AdvancedTable\\__snapshots__\\AdvancedTableWidget.story.storyshot 1","Storyshots Виджеты/Advanced Table Компонент с кастомным Expanded компонентом: C:\\sources\\INOVUS\\n2o-framework\\frontend\\n2o-framework\\src\\components\\widgets\\AdvancedTable\\__snapshots__\\AdvancedTableWidget.story.storyshot 1","Storyshots Виджеты/Advanced Table Компонент со всеми фичами: C:\\projects\\n2o-framework-current-version\\n2o-framework\\frontend\\n2o-framework\\src\\components\\widgets\\AdvancedTable\\__snapshots__\\AdvancedTableWidget.story.storyshot 1","Storyshots Виджеты/Advanced Table Компонент со всеми фичами: C:\\sources\\INOVUS\\n2o-framework\\frontend\\n2o-framework\\src\\components\\widgets\\AdvancedTable\\__snapshots__\\AdvancedTableWidget.story.storyshot 1","Storyshots Виджеты/Advanced Table Контент в подстроке: C:\\projects\\n2o-framework-current-version\\n2o-framework\\frontend\\n2o-framework\\src\\components\\widgets\\AdvancedTable\\__snapshots__\\AdvancedTableWidget.story.storyshot 1","Storyshots Виджеты/Advanced Table Контент в подстроке: C:\\sources\\INOVUS\\n2o-framework\\frontend\\n2o-framework\\src\\components\\widgets\\AdvancedTable\\__snapshots__\\AdvancedTableWidget.story.storyshot 1","Storyshots Виджеты/Advanced Table Метаданные: C:\\projects\\n2o-framework-current-version\\n2o-framework\\frontend\\n2o-framework\\src\\components\\widgets\\AdvancedTable\\__snapshots__\\AdvancedTableWidget.story.storyshot 1","Storyshots Виджеты/Advanced Table Метаданные: C:\\sources\\INOVUS\\n2o-framework\\frontend\\n2o-framework\\src\\components\\widgets\\AdvancedTable\\__snapshots__\\AdvancedTableWidget.story.storyshot 1","Storyshots Виджеты/Advanced Table Многоуровневый заголовок: C:\\projects\\n2o-framework-current-version\\n2o-framework\\frontend\\n2o-framework\\src\\components\\widgets\\AdvancedTable\\__snapshots__\\AdvancedTableWidget.story.storyshot 1","Storyshots Виджеты/Advanced Table Многоуровневый заголовок: C:\\sources\\INOVUS\\n2o-framework\\frontend\\n2o-framework\\src\\components\\widgets\\AdvancedTable\\__snapshots__\\AdvancedTableWidget.story.storyshot 1","Storyshots Виджеты/Advanced Table Подтаблица: C:\\projects\\n2o-framework-current-version\\n2o-framework\\frontend\\n2o-framework\\src\\components\\widgets\\AdvancedTable\\__snapshots__\\AdvancedTableWidget.story.storyshot 1","Storyshots Виджеты/Advanced Table Подтаблица: C:\\sources\\INOVUS\\n2o-framework\\frontend\\n2o-framework\\src\\components\\widgets\\AdvancedTable\\__snapshots__\\AdvancedTableWidget.story.storyshot 1","Storyshots Виджеты/Advanced Table Редактируемая ячейка с тултипом: C:\\projects\\n2o-framework-current-version\\n2o-framework\\frontend\\n2o-framework\\src\\components\\widgets\\AdvancedTable\\__snapshots__\\AdvancedTableWidget.story.storyshot 1","Storyshots Виджеты/Advanced Table Редактируемая ячейка с тултипом: C:\\sources\\INOVUS\\n2o-framework\\frontend\\n2o-framework\\src\\components\\widgets\\AdvancedTable\\__snapshots__\\AdvancedTableWidget.story.storyshot 1","Storyshots Виджеты/Advanced Table Редактируемая ячейка: C:\\projects\\n2o-framework-current-version\\n2o-framework\\frontend\\n2o-framework\\src\\components\\widgets\\AdvancedTable\\__snapshots__\\AdvancedTableWidget.story.storyshot 1","Storyshots Виджеты/Advanced Table Редактируемая ячейка: C:\\sources\\INOVUS\\n2o-framework\\frontend\\n2o-framework\\src\\components\\widgets\\AdvancedTable\\__snapshots__\\AdvancedTableWidget.story.storyshot 1","Storyshots Виджеты/Advanced Table Фиксированные колонки: C:\\projects\\n2o-framework-current-version\\n2o-framework\\frontend\\n2o-framework\\src\\components\\widgets\\AdvancedTable\\__snapshots__\\AdvancedTableWidget.story.storyshot 1","Storyshots Виджеты/Advanced Table Фиксированные колонки: C:\\sources\\INOVUS\\n2o-framework\\frontend\\n2o-framework\\src\\components\\widgets\\AdvancedTable\\__snapshots__\\AdvancedTableWidget.story.storyshot 1","Storyshots Виджеты/Advanced Table Фиксированный заголовок: C:\\projects\\n2o-framework-current-version\\n2o-framework\\frontend\\n2o-framework\\src\\components\\widgets\\AdvancedTable\\__snapshots__\\AdvancedTableWidget.story.storyshot 1","Storyshots Виджеты/Advanced Table Фиксированный заголовок: C:\\sources\\INOVUS\\n2o-framework\\frontend\\n2o-framework\\src\\components\\widgets\\AdvancedTable\\__snapshots__\\AdvancedTableWidget.story.storyshot 1","Storyshots Виджеты/Advanced Table Фильтр в заголовках: C:\\projects\\n2o-framework-current-version\\n2o-framework\\frontend\\n2o-framework\\src\\components\\widgets\\AdvancedTable\\__snapshots__\\AdvancedTableWidget.story.storyshot 1","Storyshots Виджеты/Advanced Table Фильтр в заголовках: C:\\sources\\INOVUS\\n2o-framework\\frontend\\n2o-framework\\src\\components\\widgets\\AdvancedTable\\__snapshots__\\AdvancedTableWidget.story.storyshot 1","Storyshots Виджеты/Advanced Table Экшен AdvancedTable: C:\\projects\\n2o-framework-current-version\\n2o-framework\\frontend\\n2o-framework\\src\\components\\widgets\\AdvancedTable\\__snapshots__\\AdvancedTableWidget.story.storyshot 1","Storyshots Виджеты/Advanced Table Экшен AdvancedTable: C:\\sources\\INOVUS\\n2o-framework\\frontend\\n2o-framework\\src\\components\\widgets\\AdvancedTable\\__snapshots__\\AdvancedTableWidget.story.storyshot 1","Storyshots Виджеты/HtmlWidget Метаданные: C:\\projects\\n2o-framework-current-version\\n2o-framework\\frontend\\n2o-framework\\src\\components\\widgets\\Html\\__snapshots__\\HtmlWidget.story.storyshot 1","Storyshots Виджеты/HtmlWidget Метаданные: C:\\sources\\INOVUS\\n2o-framework\\frontend\\n2o-framework\\src\\components\\widgets\\Html\\__snapshots__\\HtmlWidget.story.storyshot 1","Storyshots Виджеты/Виджет Cards Компонент: C:\\projects\\n2o-framework-current-version\\n2o-framework\\frontend\\n2o-framework\\src\\components\\widgets\\Cards\\__snapshots__\\CardsWidget.story.storyshot 1","Storyshots Виджеты/Виджет Cards Компонент: C:\\sources\\INOVUS\\n2o-framework\\frontend\\n2o-framework\\src\\components\\widgets\\Cards\\__snapshots__\\CardsWidget.story.storyshot 1","Storyshots Виджеты/Виджет Календарь Компонент: C:\\projects\\n2o-framework-current-version\\n2o-framework\\frontend\\n2o-framework\\src\\components\\widgets\\Calendar\\__snapshots__\\CalendarWidget.story.storyshot 1","Storyshots Виджеты/Виджет Календарь Компонент: C:\\sources\\INOVUS\\n2o-framework\\frontend\\n2o-framework\\src\\components\\widgets\\Calendar\\__snapshots__\\CalendarWidget.story.storyshot 1","Storyshots Виджеты/Виджет Календарь Планирование ресурсов: C:\\projects\\n2o-framework-current-version\\n2o-framework\\frontend\\n2o-framework\\src\\components\\widgets\\Calendar\\__snapshots__\\CalendarWidget.story.storyshot 1","Storyshots Виджеты/Виджет Календарь Планирование ресурсов: C:\\sources\\INOVUS\\n2o-framework\\frontend\\n2o-framework\\src\\components\\widgets\\Calendar\\__snapshots__\\CalendarWidget.story.storyshot 1","Storyshots Виджеты/Виджет Календарь События: C:\\projects\\n2o-framework-current-version\\n2o-framework\\frontend\\n2o-framework\\src\\components\\widgets\\Calendar\\__snapshots__\\CalendarWidget.story.storyshot 1","Storyshots Виджеты/Виджет Календарь События: C:\\sources\\INOVUS\\n2o-framework\\frontend\\n2o-framework\\src\\components\\widgets\\Calendar\\__snapshots__\\CalendarWidget.story.storyshot 1","Storyshots Виджеты/Виджет Карточки Компонент: C:\\projects\\n2o-framework-current-version\\n2o-framework\\frontend\\n2o-framework\\src\\components\\widgets\\Tiles\\__snapshots__\\TilesWidget.story.storyshot 1","Storyshots Виджеты/Виджет Карточки Компонент: C:\\sources\\INOVUS\\n2o-framework\\frontend\\n2o-framework\\src\\components\\widgets\\Tiles\\__snapshots__\\TilesWidget.story.storyshot 1","Storyshots Виджеты/Графики AreaChart: C:\\projects\\n2o-framework-current-version\\n2o-framework\\frontend\\n2o-framework\\src\\components\\widgets\\Chart\\__snapshots__\\Chart.story.storyshot 1","Storyshots Виджеты/Графики AreaChart: C:\\sources\\INOVUS\\n2o-framework\\frontend\\n2o-framework\\src\\components\\widgets\\Chart\\__snapshots__\\Chart.story.storyshot 1","Storyshots Виджеты/Графики BarChart: C:\\projects\\n2o-framework-current-version\\n2o-framework\\frontend\\n2o-framework\\src\\components\\widgets\\Chart\\__snapshots__\\Chart.story.storyshot 1","Storyshots Виджеты/Графики BarChart: C:\\sources\\INOVUS\\n2o-framework\\frontend\\n2o-framework\\src\\components\\widgets\\Chart\\__snapshots__\\Chart.story.storyshot 1","Storyshots Виджеты/Графики LineChart: C:\\projects\\n2o-framework-current-version\\n2o-framework\\frontend\\n2o-framework\\src\\components\\widgets\\Chart\\__snapshots__\\Chart.story.storyshot 1","Storyshots Виджеты/Графики LineChart: C:\\sources\\INOVUS\\n2o-framework\\frontend\\n2o-framework\\src\\components\\widgets\\Chart\\__snapshots__\\Chart.story.storyshot 1","Storyshots Виджеты/Графики PieChart: C:\\projects\\n2o-framework-current-version\\n2o-framework\\frontend\\n2o-framework\\src\\components\\widgets\\Chart\\__snapshots__\\Chart.story.storyshot 1","Storyshots Виджеты/Графики PieChart: C:\\sources\\INOVUS\\n2o-framework\\frontend\\n2o-framework\\src\\components\\widgets\\Chart\\__snapshots__\\Chart.story.storyshot 1","Storyshots Виджеты/Дерево Multi режим (ctrl+click): C:\\projects\\n2o-framework-current-version\\n2o-framework\\frontend\\n2o-framework\\src\\components\\widgets\\Tree\\__snapshots__\\TreeWidget.story.storyshot 1","Storyshots Виджеты/Дерево Multi режим (ctrl+click): C:\\sources\\INOVUS\\n2o-framework\\frontend\\n2o-framework\\src\\components\\widgets\\Tree\\__snapshots__\\TreeWidget.story.storyshot 1","Storyshots Виджеты/Дерево Placeholder: C:\\projects\\n2o-framework-current-version\\n2o-framework\\frontend\\n2o-framework\\src\\components\\widgets\\Tree\\__snapshots__\\TreeWidget.story.storyshot 1","Storyshots Виджеты/Дерево Placeholder: C:\\sources\\INOVUS\\n2o-framework\\frontend\\n2o-framework\\src\\components\\widgets\\Tree\\__snapshots__\\TreeWidget.story.storyshot 1","Storyshots Виджеты/Дерево showLine: C:\\projects\\n2o-framework-current-version\\n2o-framework\\frontend\\n2o-framework\\src\\components\\widgets\\Tree\\__snapshots__\\TreeWidget.story.storyshot 1","Storyshots Виджеты/Дерево showLine: C:\\sources\\INOVUS\\n2o-framework\\frontend\\n2o-framework\\src\\components\\widgets\\Tree\\__snapshots__\\TreeWidget.story.storyshot 1","Storyshots Виджеты/Дерево Баджи: C:\\projects\\n2o-framework-current-version\\n2o-framework\\frontend\\n2o-framework\\src\\components\\widgets\\Tree\\__snapshots__\\TreeWidget.story.storyshot 1","Storyshots Виджеты/Дерево Баджи: C:\\sources\\INOVUS\\n2o-framework\\frontend\\n2o-framework\\src\\components\\widgets\\Tree\\__snapshots__\\TreeWidget.story.storyshot 1","Storyshots Виджеты/Дерево Иконки: C:\\projects\\n2o-framework-current-version\\n2o-framework\\frontend\\n2o-framework\\src\\components\\widgets\\Tree\\__snapshots__\\TreeWidget.story.storyshot 1","Storyshots Виджеты/Дерево Иконки: C:\\sources\\INOVUS\\n2o-framework\\frontend\\n2o-framework\\src\\components\\widgets\\Tree\\__snapshots__\\TreeWidget.story.storyshot 1","Storyshots Виджеты/Дерево Компонент: C:\\projects\\n2o-framework-current-version\\n2o-framework\\frontend\\n2o-framework\\src\\components\\widgets\\Tree\\component\\__snapshots__\\Tree.story.storyshot 1","Storyshots Виджеты/Дерево Компонент: C:\\sources\\INOVUS\\n2o-framework\\frontend\\n2o-framework\\src\\components\\widgets\\Tree\\component\\__snapshots__\\Tree.story.storyshot 1","Storyshots Виджеты/Дерево Метаданные: C:\\projects\\n2o-framework-current-version\\n2o-framework\\frontend\\n2o-framework\\src\\components\\widgets\\Tree\\__snapshots__\\TreeWidget.story.storyshot 1","Storyshots Виджеты/Дерево Метаданные: C:\\sources\\INOVUS\\n2o-framework\\frontend\\n2o-framework\\src\\components\\widgets\\Tree\\__snapshots__\\TreeWidget.story.storyshot 1","Storyshots Виджеты/Дерево Работа с клавиатурой: C:\\projects\\n2o-framework-current-version\\n2o-framework\\frontend\\n2o-framework\\src\\components\\widgets\\Tree\\component\\__snapshots__\\Tree.story.storyshot 1","Storyshots Виджеты/Дерево Работа с клавиатурой: C:\\sources\\INOVUS\\n2o-framework\\frontend\\n2o-framework\\src\\components\\widgets\\Tree\\component\\__snapshots__\\Tree.story.storyshot 1","Storyshots Виджеты/Дерево Фильтрация: C:\\projects\\n2o-framework-current-version\\n2o-framework\\frontend\\n2o-framework\\src\\components\\widgets\\Tree\\component\\__snapshots__\\Tree.story.storyshot 1","Storyshots Виджеты/Дерево Фильтрация: C:\\sources\\INOVUS\\n2o-framework\\frontend\\n2o-framework\\src\\components\\widgets\\Tree\\component\\__snapshots__\\Tree.story.storyshot 1","Storyshots Виджеты/Дерево Экшен на клик: C:\\projects\\n2o-framework-current-version\\n2o-framework\\frontend\\n2o-framework\\src\\components\\widgets\\Tree\\__snapshots__\\TreeWidget.story.storyshot 1","Storyshots Виджеты/Дерево Экшен на клик: C:\\sources\\INOVUS\\n2o-framework\\frontend\\n2o-framework\\src\\components\\widgets\\Tree\\__snapshots__\\TreeWidget.story.storyshot 1","Storyshots Виджеты/Дерево блокировка ноды и чекбокса: C:\\projects\\n2o-framework-current-version\\n2o-framework\\frontend\\n2o-framework\\src\\components\\widgets\\Tree\\__snapshots__\\TreeWidget.story.storyshot 1","Storyshots Виджеты/Дерево блокировка ноды и чекбокса: C:\\sources\\INOVUS\\n2o-framework\\frontend\\n2o-framework\\src\\components\\widgets\\Tree\\__snapshots__\\TreeWidget.story.storyshot 1","Storyshots Виджеты/Лист Placeholder: C:\\projects\\n2o-framework-current-version\\n2o-framework\\frontend\\n2o-framework\\src\\components\\widgets\\List\\__snapshots__\\ListWidget.story.storyshot 1","Storyshots Виджеты/Лист Placeholder: C:\\sources\\INOVUS\\n2o-framework\\frontend\\n2o-framework\\src\\components\\widgets\\List\\__snapshots__\\ListWidget.story.storyshot 1","Storyshots Виджеты/Лист Загрузка по скроллу: C:\\projects\\n2o-framework-current-version\\n2o-framework\\frontend\\n2o-framework\\src\\components\\widgets\\List\\__snapshots__\\ListWidget.story.storyshot 1","Storyshots Виджеты/Лист Загрузка по скроллу: C:\\sources\\INOVUS\\n2o-framework\\frontend\\n2o-framework\\src\\components\\widgets\\List\\__snapshots__\\ListWidget.story.storyshot 1","Storyshots Виджеты/Лист Кастомный клик по строке: C:\\projects\\n2o-framework-current-version\\n2o-framework\\frontend\\n2o-framework\\src\\components\\widgets\\List\\__snapshots__\\ListWidget.story.storyshot 1","Storyshots Виджеты/Лист Кастомный клик по строке: C:\\sources\\INOVUS\\n2o-framework\\frontend\\n2o-framework\\src\\components\\widgets\\List\\__snapshots__\\ListWidget.story.storyshot 1","Storyshots Виджеты/Лист Кнопка \"Еще\": C:\\projects\\n2o-framework-current-version\\n2o-framework\\frontend\\n2o-framework\\src\\components\\widgets\\List\\__snapshots__\\ListWidget.story.storyshot 1","Storyshots Виджеты/Лист Кнопка \"Еще\": C:\\sources\\INOVUS\\n2o-framework\\frontend\\n2o-framework\\src\\components\\widgets\\List\\__snapshots__\\ListWidget.story.storyshot 1","Storyshots Виджеты/Лист Компонент без разделителя строк: C:\\projects\\n2o-framework-current-version\\n2o-framework\\frontend\\n2o-framework\\src\\components\\widgets\\List\\__snapshots__\\ListWidget.story.storyshot 1","Storyshots Виджеты/Лист Компонент без разделителя строк: C:\\sources\\INOVUS\\n2o-framework\\frontend\\n2o-framework\\src\\components\\widgets\\List\\__snapshots__\\ListWidget.story.storyshot 1","Storyshots Виджеты/Лист Компонент с 1000 записей: C:\\projects\\n2o-framework-current-version\\n2o-framework\\frontend\\n2o-framework\\src\\components\\widgets\\List\\__snapshots__\\ListWidget.story.storyshot 1","Storyshots Виджеты/Лист Компонент с 1000 записей: C:\\sources\\INOVUS\\n2o-framework\\frontend\\n2o-framework\\src\\components\\widgets\\List\\__snapshots__\\ListWidget.story.storyshot 1","Storyshots Виджеты/Лист Компонент с paging: C:\\projects\\n2o-framework-current-version\\n2o-framework\\frontend\\n2o-framework\\src\\components\\widgets\\List\\__snapshots__\\ListWidget.story.storyshot 1","Storyshots Виджеты/Лист Компонент с paging: C:\\sources\\INOVUS\\n2o-framework\\frontend\\n2o-framework\\src\\components\\widgets\\List\\__snapshots__\\ListWidget.story.storyshot 1","Storyshots Виджеты/Лист Компонент со стандартной реализацией: C:\\projects\\n2o-framework-current-version\\n2o-framework\\frontend\\n2o-framework\\src\\components\\widgets\\List\\__snapshots__\\ListWidget.story.storyshot 1","Storyshots Виджеты/Лист Компонент со стандартной реализацией: C:\\sources\\INOVUS\\n2o-framework\\frontend\\n2o-framework\\src\\components\\widgets\\List\\__snapshots__\\ListWidget.story.storyshot 1","Storyshots Виджеты/Лист Метаданные с cells: C:\\projects\\n2o-framework-current-version\\n2o-framework\\frontend\\n2o-framework\\src\\components\\widgets\\List\\__snapshots__\\ListWidget.story.storyshot 1","Storyshots Виджеты/Лист Метаданные с cells: C:\\sources\\INOVUS\\n2o-framework\\frontend\\n2o-framework\\src\\components\\widgets\\List\\__snapshots__\\ListWidget.story.storyshot 1","Storyshots Виджеты/Таблица Активные записи: C:\\projects\\n2o-framework-current-version\\n2o-framework\\frontend\\n2o-framework\\src\\components\\widgets\\Table\\__snapshots__\\TableActive.story.storyshot 1","Storyshots Виджеты/Таблица Активные записи: C:\\sources\\INOVUS\\n2o-framework\\frontend\\n2o-framework\\src\\components\\widgets\\Table\\__snapshots__\\TableActive.story.storyshot 1","Storyshots Виджеты/Таблица Выборочное сбрасывание фильтра: C:\\projects\\n2o-framework-current-version\\n2o-framework\\frontend\\n2o-framework\\src\\components\\widgets\\__snapshots__\\WidgetFilters.story.storyshot 1","Storyshots Виджеты/Таблица Выборочное сбрасывание фильтра: C:\\sources\\INOVUS\\n2o-framework\\frontend\\n2o-framework\\src\\components\\widgets\\__snapshots__\\WidgetFilters.story.storyshot 1","Storyshots Виджеты/Таблица Компонент: C:\\projects\\n2o-framework-current-version\\n2o-framework\\frontend\\n2o-framework\\src\\components\\widgets\\Table\\__snapshots__\\Table.story.storyshot 1","Storyshots Виджеты/Таблица Компонент: C:\\sources\\INOVUS\\n2o-framework\\frontend\\n2o-framework\\src\\components\\widgets\\Table\\__snapshots__\\Table.story.storyshot 1","Storyshots Виджеты/Таблица Метаданные: C:\\projects\\n2o-framework-current-version\\n2o-framework\\frontend\\n2o-framework\\src\\components\\widgets\\Table\\__snapshots__\\TableWidget.story.storyshot 1","Storyshots Виджеты/Таблица Метаданные: C:\\sources\\INOVUS\\n2o-framework\\frontend\\n2o-framework\\src\\components\\widgets\\Table\\__snapshots__\\TableWidget.story.storyshot 1","Storyshots Виджеты/Таблица Ограничение доступа: C:\\projects\\n2o-framework-current-version\\n2o-framework\\frontend\\n2o-framework\\src\\components\\widgets\\Table\\__snapshots__\\TableWidget.story.storyshot 1","Storyshots Виджеты/Таблица Ограничение доступа: C:\\sources\\INOVUS\\n2o-framework\\frontend\\n2o-framework\\src\\components\\widgets\\Table\\__snapshots__\\TableWidget.story.storyshot 1","Storyshots Виджеты/Таблица Поиск при изменений поля: C:\\projects\\n2o-framework-current-version\\n2o-framework\\frontend\\n2o-framework\\src\\components\\widgets\\__snapshots__\\WidgetFilters.story.storyshot 1","Storyshots Виджеты/Таблица Поиск при изменений поля: C:\\sources\\INOVUS\\n2o-framework\\frontend\\n2o-framework\\src\\components\\widgets\\__snapshots__\\WidgetFilters.story.storyshot 1","Storyshots Виджеты/Таблица Создание записи: C:\\projects\\n2o-framework-current-version\\n2o-framework\\frontend\\n2o-framework\\src\\components\\widgets\\Table\\__snapshots__\\TableWidget.story.storyshot 1","Storyshots Виджеты/Таблица Создание записи: C:\\sources\\INOVUS\\n2o-framework\\frontend\\n2o-framework\\src\\components\\widgets\\Table\\__snapshots__\\TableWidget.story.storyshot 1","Storyshots Виджеты/Таблица Сообщения: C:\\projects\\n2o-framework-current-version\\n2o-framework\\frontend\\n2o-framework\\src\\components\\widgets\\Table\\__snapshots__\\TableWidget.story.storyshot 1","Storyshots Виджеты/Таблица Сообщения: C:\\sources\\INOVUS\\n2o-framework\\frontend\\n2o-framework\\src\\components\\widgets\\Table\\__snapshots__\\TableWidget.story.storyshot 1","Storyshots Виджеты/Таблица Цвет строк: C:\\projects\\n2o-framework-current-version\\n2o-framework\\frontend\\n2o-framework\\src\\components\\widgets\\Table\\__snapshots__\\TableColors.story.storyshot 1","Storyshots Виджеты/Таблица Цвет строк: C:\\sources\\INOVUS\\n2o-framework\\frontend\\n2o-framework\\src\\components\\widgets\\Table\\__snapshots__\\TableColors.story.storyshot 1","Storyshots Виджеты/Таблица Экшены таблицы: C:\\projects\\n2o-framework-current-version\\n2o-framework\\frontend\\n2o-framework\\src\\components\\widgets\\Table\\__snapshots__\\TableWidget.story.storyshot 1","Storyshots Виджеты/Таблица Экшены таблицы: C:\\sources\\INOVUS\\n2o-framework\\frontend\\n2o-framework\\src\\components\\widgets\\Table\\__snapshots__\\TableWidget.story.storyshot 1","Storyshots Виджеты/Форма Placeholder: C:\\projects\\n2o-framework-current-version\\n2o-framework\\frontend\\n2o-framework\\src\\components\\widgets\\Form\\__snapshots__\\FormWidget.story.storyshot 1","Storyshots Виджеты/Форма Placeholder: C:\\sources\\INOVUS\\n2o-framework\\frontend\\n2o-framework\\src\\components\\widgets\\Form\\__snapshots__\\FormWidget.story.storyshot 1","Storyshots Виджеты/Форма Биндинги: C:\\projects\\n2o-framework-current-version\\n2o-framework\\frontend\\n2o-framework\\src\\components\\widgets\\Form\\__snapshots__\\FormWidgetBinding.story.storyshot 1","Storyshots Виджеты/Форма Биндинги: C:\\sources\\INOVUS\\n2o-framework\\frontend\\n2o-framework\\src\\components\\widgets\\Form\\__snapshots__\\FormWidgetBinding.story.storyshot 1","Storyshots Виджеты/Форма Валидации: C:\\projects\\n2o-framework-current-version\\n2o-framework\\frontend\\n2o-framework\\src\\components\\widgets\\Form\\__snapshots__\\FormWidget.story.storyshot 1","Storyshots Виджеты/Форма Валидации: C:\\sources\\INOVUS\\n2o-framework\\frontend\\n2o-framework\\src\\components\\widgets\\Form\\__snapshots__\\FormWidget.story.storyshot 1","Storyshots Виджеты/Форма Видимость и блокировка филдсета: C:\\projects\\n2o-framework-current-version\\n2o-framework\\frontend\\n2o-framework\\src\\components\\widgets\\Form\\__snapshots__\\FormWidget.story.storyshot 1","Storyshots Виджеты/Форма Видимость и блокировка филдсета: C:\\sources\\INOVUS\\n2o-framework\\frontend\\n2o-framework\\src\\components\\widgets\\Form\\__snapshots__\\FormWidget.story.storyshot 1","Storyshots Виджеты/Форма Метаданные: C:\\projects\\n2o-framework-current-version\\n2o-framework\\frontend\\n2o-framework\\src\\components\\widgets\\Form\\__snapshots__\\FormWidget.story.storyshot 1","Storyshots Виджеты/Форма Метаданные: C:\\sources\\INOVUS\\n2o-framework\\frontend\\n2o-framework\\src\\components\\widgets\\Form\\__snapshots__\\FormWidget.story.storyshot 1","Storyshots Виджеты/Форма Ограничение доступа: C:\\projects\\n2o-framework-current-version\\n2o-framework\\frontend\\n2o-framework\\src\\components\\widgets\\Form\\__snapshots__\\FormWidget.story.storyshot 1","Storyshots Виджеты/Форма Ограничение доступа: C:\\sources\\INOVUS\\n2o-framework\\frontend\\n2o-framework\\src\\components\\widgets\\Form\\__snapshots__\\FormWidget.story.storyshot 1","Storyshots Виджеты/Форма Отображение в полях сообщений от сервера: C:\\projects\\n2o-framework-current-version\\n2o-framework\\frontend\\n2o-framework\\src\\components\\widgets\\Form\\__snapshots__\\FormWidget.story.storyshot 1","Storyshots Виджеты/Форма Отображение в полях сообщений от сервера: C:\\sources\\INOVUS\\n2o-framework\\frontend\\n2o-framework\\src\\components\\widgets\\Form\\__snapshots__\\FormWidget.story.storyshot 1","Storyshots Виджеты/Форма Расположение лейбла: C:\\projects\\n2o-framework-current-version\\n2o-framework\\frontend\\n2o-framework\\src\\components\\widgets\\Form\\__snapshots__\\FormWidget.story.storyshot 1","Storyshots Виджеты/Форма Расположение лейбла: C:\\sources\\INOVUS\\n2o-framework\\frontend\\n2o-framework\\src\\components\\widgets\\Form\\__snapshots__\\FormWidget.story.storyshot 1","Storyshots Виджеты/Форма Расположение полей: C:\\projects\\n2o-framework-current-version\\n2o-framework\\frontend\\n2o-framework\\src\\components\\widgets\\Form\\__snapshots__\\FormWidgetLocation.story.storyshot 1","Storyshots Виджеты/Форма Расположение полей: C:\\sources\\INOVUS\\n2o-framework\\frontend\\n2o-framework\\src\\components\\widgets\\Form\\__snapshots__\\FormWidgetLocation.story.storyshot 1","Storyshots Виджеты/Форма Сворачиваемая форма: C:\\projects\\n2o-framework-current-version\\n2o-framework\\frontend\\n2o-framework\\src\\components\\widgets\\Form\\__snapshots__\\FormWidget.story.storyshot 1","Storyshots Виджеты/Форма Сворачиваемая форма: C:\\sources\\INOVUS\\n2o-framework\\frontend\\n2o-framework\\src\\components\\widgets\\Form\\__snapshots__\\FormWidget.story.storyshot 1","Storyshots Виджеты/Форма Тест на нагруженную форму: C:\\projects\\n2o-framework-current-version\\n2o-framework\\frontend\\n2o-framework\\src\\components\\widgets\\Form\\__snapshots__\\FormWidget.story.storyshot 1","Storyshots Виджеты/Форма Тест на нагруженную форму: C:\\sources\\INOVUS\\n2o-framework\\frontend\\n2o-framework\\src\\components\\widgets\\Form\\__snapshots__\\FormWidget.story.storyshot 1","Storyshots Виджеты/Форма Фильтрация списковых полей: C:\\projects\\n2o-framework-current-version\\n2o-framework\\frontend\\n2o-framework\\src\\components\\widgets\\Form\\__snapshots__\\FormWidgetListFiletring.story.storyshot 1","Storyshots Виджеты/Форма Фильтрация списковых полей: C:\\sources\\INOVUS\\n2o-framework\\frontend\\n2o-framework\\src\\components\\widgets\\Form\\__snapshots__\\FormWidgetListFiletring.story.storyshot 1","Storyshots Виджеты/Форма Форма с Prompt: C:\\projects\\n2o-framework-current-version\\n2o-framework\\frontend\\n2o-framework\\src\\components\\widgets\\Form\\__snapshots__\\FormWidget.story.storyshot 1","Storyshots Виджеты/Форма Форма с Prompt: C:\\sources\\INOVUS\\n2o-framework\\frontend\\n2o-framework\\src\\components\\widgets\\Form\\__snapshots__\\FormWidget.story.storyshot 1","Storyshots Виджеты/Форма Форма с toolbar: C:\\projects\\n2o-framework-current-version\\n2o-framework\\frontend\\n2o-framework\\src\\components\\widgets\\Form\\__snapshots__\\FormWidgetWithToolbar.story.storyshot 1","Storyshots Виджеты/Форма Форма с toolbar: C:\\sources\\INOVUS\\n2o-framework\\frontend\\n2o-framework\\src\\components\\widgets\\Form\\__snapshots__\\FormWidgetWithToolbar.story.storyshot 1","Storyshots Виджеты/Форма Экшены полей: C:\\projects\\n2o-framework-current-version\\n2o-framework\\frontend\\n2o-framework\\src\\components\\widgets\\Form\\__snapshots__\\FormWidget.story.storyshot 1","Storyshots Виджеты/Форма Экшены полей: C:\\sources\\INOVUS\\n2o-framework\\frontend\\n2o-framework\\src\\components\\widgets\\Form\\__snapshots__\\FormWidget.story.storyshot 1","Storyshots Действия/POST запрос Компонент: C:\\sources\\INOVUS\\n2o-framework\\frontend\\n2o-framework\\src\\components\\actions\\__snapshots__\\Invoke.story.storyshot 1","Storyshots Действия/POST запрос Компонент: C:\\src\\n2o-framework\\frontend\\n2o-framework\\src\\components\\actions\\__snapshots__\\Invoke.story.storyshot 1","Storyshots Действия/POST запрос Метаданные: C:\\sources\\INOVUS\\n2o-framework\\frontend\\n2o-framework\\src\\components\\actions\\__snapshots__\\Invoke.story.storyshot 1","Storyshots Действия/POST запрос Метаданные: C:\\src\\n2o-framework\\frontend\\n2o-framework\\src\\components\\actions\\__snapshots__\\Invoke.story.storyshot 1","Storyshots Действия/PopoverConfirm Компонент: C:\\sources\\INOVUS\\n2o-framework\\frontend\\n2o-framework\\src\\components\\actions\\PopoverConfirm\\__snapshots__\\PopoverConfirm.story.storyshot 1","Storyshots Действия/PopoverConfirm Компонент: C:\\src\\n2o-framework\\frontend\\n2o-framework\\src\\components\\actions\\PopoverConfirm\\__snapshots__\\PopoverConfirm.story.storyshot 1","Storyshots Действия/Модальное окно Prompt в модальном окне: C:\\projects\\n2o-framework-current-version\\n2o-framework\\frontend\\n2o-framework\\src\\components\\core\\__snapshots__\\ModalPage.story.storyshot 1","Storyshots Действия/Модальное окно Prompt в модальном окне: C:\\sources\\INOVUS\\n2o-framework\\frontend\\n2o-framework\\src\\components\\core\\__snapshots__\\ModalPage.story.storyshot 1","Storyshots Действия/Модальное окно Кастомный css класс: C:\\projects\\n2o-framework-current-version\\n2o-framework\\frontend\\n2o-framework\\src\\components\\core\\__snapshots__\\ModalPage.story.storyshot 1","Storyshots Действия/Модальное окно Кастомный css класс: C:\\sources\\INOVUS\\n2o-framework\\frontend\\n2o-framework\\src\\components\\core\\__snapshots__\\ModalPage.story.storyshot 1","Storyshots Действия/Модальное окно Компонент: C:\\projects\\n2o-framework-current-version\\n2o-framework\\frontend\\n2o-framework\\src\\components\\core\\__snapshots__\\ModalPage.story.storyshot 1","Storyshots Действия/Модальное окно Компонент: C:\\sources\\INOVUS\\n2o-framework\\frontend\\n2o-framework\\src\\components\\core\\__snapshots__\\ModalPage.story.storyshot 1","Storyshots Действия/Модальное окно Открытие модального окна: C:\\projects\\n2o-framework-current-version\\n2o-framework\\frontend\\n2o-framework\\src\\components\\core\\__snapshots__\\ModalPage.story.storyshot 1","Storyshots Действия/Модальное окно Открытие модального окна: C:\\sources\\INOVUS\\n2o-framework\\frontend\\n2o-framework\\src\\components\\core\\__snapshots__\\ModalPage.story.storyshot 1","Storyshots Действия/Модальное окно Отображение хедара on/off: C:\\projects\\n2o-framework-current-version\\n2o-framework\\frontend\\n2o-framework\\src\\components\\core\\__snapshots__\\ModalPage.story.storyshot 1","Storyshots Действия/Модальное окно Отображение хедара on/off: C:\\sources\\INOVUS\\n2o-framework\\frontend\\n2o-framework\\src\\components\\core\\__snapshots__\\ModalPage.story.storyshot 1","Storyshots Действия/Модальное окно Прелоадер модального окна: C:\\projects\\n2o-framework-current-version\\n2o-framework\\frontend\\n2o-framework\\src\\components\\core\\__snapshots__\\ModalPage.story.storyshot 1","Storyshots Действия/Модальное окно Прелоадер модального окна: C:\\sources\\INOVUS\\n2o-framework\\frontend\\n2o-framework\\src\\components\\core\\__snapshots__\\ModalPage.story.storyshot 1","Storyshots Действия/Модальное окно Смена фона окна: C:\\projects\\n2o-framework-current-version\\n2o-framework\\frontend\\n2o-framework\\src\\components\\core\\__snapshots__\\ModalPage.story.storyshot 1","Storyshots Действия/Модальное окно Смена фона окна: C:\\sources\\INOVUS\\n2o-framework\\frontend\\n2o-framework\\src\\components\\core\\__snapshots__\\ModalPage.story.storyshot 1","Storyshots Действия/ОpenPage Переход по кнопке: C:\\projects\\n2o-framework-current-version\\n2o-framework\\frontend\\n2o-framework\\src\\components\\core\\__snapshots__\\OpenPage.story.storyshot 1","Storyshots Действия/ОpenPage Переход по кнопке: C:\\sources\\INOVUS\\n2o-framework\\frontend\\n2o-framework\\src\\components\\core\\__snapshots__\\OpenPage.story.storyshot 1","Storyshots Действия/Ссылка Link Компонент: C:\\sources\\INOVUS\\n2o-framework\\frontend\\n2o-framework\\src\\components\\actions\\__snapshots__\\Link.story.storyshot 1","Storyshots Действия/Ссылка Link Компонент: C:\\src\\n2o-framework\\frontend\\n2o-framework\\src\\components\\actions\\__snapshots__\\Link.story.storyshot 1","Storyshots Действия/Ссылка Link Метаданные: C:\\sources\\INOVUS\\n2o-framework\\frontend\\n2o-framework\\src\\components\\actions\\__snapshots__\\Link.story.storyshot 1","Storyshots Действия/Ссылка Link Метаданные: C:\\src\\n2o-framework\\frontend\\n2o-framework\\src\\components\\actions\\__snapshots__\\Link.story.storyshot 1","Storyshots Кнопки Выпадающий список: C:\\sources\\INOVUS\\n2o-framework\\frontend\\n2o-framework\\src\\components\\buttons\\Dropdown\\__snapshots__\\Dropdown.story.storyshot 1","Storyshots Кнопки Выпадающий список: C:\\src\\n2o-framework\\frontend\\n2o-framework\\src\\components\\buttons\\Dropdown\\__snapshots__\\Dropdown.story.storyshot 1","Storyshots Кнопки Выполнение redux action: C:\\sources\\INOVUS\\n2o-framework\\frontend\\n2o-framework\\src\\components\\buttons\\StandardButton\\__snapshots__\\StandardButton.story.storyshot 1","Storyshots Кнопки Выполнение redux action: C:\\src\\n2o-framework\\frontend\\n2o-framework\\src\\components\\buttons\\StandardButton\\__snapshots__\\StandardButton.story.storyshot 1","Storyshots Кнопки Ссылка: C:\\sources\\INOVUS\\n2o-framework\\frontend\\n2o-framework\\src\\components\\buttons\\StandardButton\\__snapshots__\\StandardButton.story.storyshot 1","Storyshots Кнопки Ссылка: C:\\src\\n2o-framework\\frontend\\n2o-framework\\src\\components\\buttons\\StandardButton\\__snapshots__\\StandardButton.story.storyshot 1","Storyshots Кнопки/SimpleButton SimpleButton in StandardButton: C:\\sources\\INOVUS\\n2o-framework\\frontend\\n2o-framework\\src\\components\\buttons\\Simple\\__snapshots__\\Simple.story.storyshot 1","Storyshots Кнопки/SimpleButton SimpleButton in StandardButton: C:\\src\\n2o-framework\\frontend\\n2o-framework\\src\\components\\buttons\\Simple\\__snapshots__\\Simple.story.storyshot 1","Storyshots Кнопки/SimpleButton SimpleButton: C:\\sources\\INOVUS\\n2o-framework\\frontend\\n2o-framework\\src\\components\\buttons\\Simple\\__snapshots__\\Simple.story.storyshot 1","Storyshots Кнопки/SimpleButton SimpleButton: C:\\src\\n2o-framework\\frontend\\n2o-framework\\src\\components\\buttons\\Simple\\__snapshots__\\Simple.story.storyshot 1","Storyshots Кнопки/SimpleButton В Toolbar: C:\\sources\\INOVUS\\n2o-framework\\frontend\\n2o-framework\\src\\components\\buttons\\Simple\\__snapshots__\\Simple.story.storyshot 1","Storyshots Кнопки/SimpleButton В Toolbar: C:\\src\\n2o-framework\\frontend\\n2o-framework\\src\\components\\buttons\\Simple\\__snapshots__\\Simple.story.storyshot 1","Storyshots Кнопки/Тулбар Page Buttons с предустановленным visible/disabled: C:\\sources\\INOVUS\\n2o-framework\\frontend\\n2o-framework\\src\\components\\buttons\\__snapshots__\\Toolbar.story.storyshot 1","Storyshots Кнопки/Тулбар Page Buttons с предустановленным visible/disabled: C:\\src\\n2o-framework\\frontend\\n2o-framework\\src\\components\\buttons\\__snapshots__\\Toolbar.story.storyshot 1","Storyshots Кнопки/Тулбар disabled кнопка с тултипом: C:\\sources\\INOVUS\\n2o-framework\\frontend\\n2o-framework\\src\\components\\buttons\\__snapshots__\\Toolbar.story.storyshot 1","Storyshots Кнопки/Тулбар disabled кнопка с тултипом: C:\\src\\n2o-framework\\frontend\\n2o-framework\\src\\components\\buttons\\__snapshots__\\Toolbar.story.storyshot 1","Storyshots Кнопки/Тулбар Варианты кнопок: C:\\sources\\INOVUS\\n2o-framework\\frontend\\n2o-framework\\src\\components\\buttons\\__snapshots__\\Toolbar.story.storyshot 1","Storyshots Кнопки/Тулбар Варианты кнопок: C:\\src\\n2o-framework\\frontend\\n2o-framework\\src\\components\\buttons\\__snapshots__\\Toolbar.story.storyshot 1","Storyshots Кнопки/Тулбар Кнопка с print action: C:\\sources\\INOVUS\\n2o-framework\\frontend\\n2o-framework\\src\\components\\buttons\\__snapshots__\\Toolbar.story.storyshot 1","Storyshots Кнопки/Тулбар Кнопка с print action: C:\\src\\n2o-framework\\frontend\\n2o-framework\\src\\components\\buttons\\__snapshots__\\Toolbar.story.storyshot 1","Storyshots Кнопки/Тулбар Метаданные для виджета: C:\\sources\\INOVUS\\n2o-framework\\frontend\\n2o-framework\\src\\components\\buttons\\__snapshots__\\Toolbar.story.storyshot 1","Storyshots Кнопки/Тулбар Метаданные для виджета: C:\\src\\n2o-framework\\frontend\\n2o-framework\\src\\components\\buttons\\__snapshots__\\Toolbar.story.storyshot 1","Storyshots Кнопки/Тулбар Ограничение доступа на выпадающие списки: C:\\sources\\INOVUS\\n2o-framework\\frontend\\n2o-framework\\src\\components\\buttons\\__snapshots__\\Toolbar.story.storyshot 1","Storyshots Кнопки/Тулбар Ограничение доступа на выпадающие списки: C:\\src\\n2o-framework\\frontend\\n2o-framework\\src\\components\\buttons\\__snapshots__\\Toolbar.story.storyshot 1","Storyshots Кнопки/Тулбар Ограничение доступа на кнопки: C:\\sources\\INOVUS\\n2o-framework\\frontend\\n2o-framework\\src\\components\\buttons\\__snapshots__\\Toolbar.story.storyshot 1","Storyshots Кнопки/Тулбар Ограничение доступа на кнопки: C:\\src\\n2o-framework\\frontend\\n2o-framework\\src\\components\\buttons\\__snapshots__\\Toolbar.story.storyshot 1","Storyshots Контролы/AutoComplete Компонент: C:\\projects\\n2o-framework-current-version\\n2o-framework\\frontend\\n2o-framework\\src\\components\\controls\\AutoComplete\\__snapshots__\\AutoComplete.story.storyshot 1","Storyshots Контролы/AutoComplete Компонент: C:\\sources\\INOVUS\\n2o-framework\\frontend\\n2o-framework\\src\\components\\controls\\AutoComplete\\__snapshots__\\AutoComplete.story.storyshot 1","Storyshots Контролы/AutoComplete Метаданные: C:\\projects\\n2o-framework-current-version\\n2o-framework\\frontend\\n2o-framework\\src\\components\\controls\\AutoComplete\\__snapshots__\\AutoComplete.story.storyshot 1","Storyshots Контролы/AutoComplete Метаданные: C:\\sources\\INOVUS\\n2o-framework\\frontend\\n2o-framework\\src\\components\\controls\\AutoComplete\\__snapshots__\\AutoComplete.story.storyshot 1","Storyshots Контролы/AutoComplete Мод tags - предустановленные значения: C:\\projects\\n2o-framework-current-version\\n2o-framework\\frontend\\n2o-framework\\src\\components\\controls\\AutoComplete\\__snapshots__\\AutoComplete.story.storyshot 1","Storyshots Контролы/AutoComplete Мод tags - предустановленные значения: C:\\sources\\INOVUS\\n2o-framework\\frontend\\n2o-framework\\src\\components\\controls\\AutoComplete\\__snapshots__\\AutoComplete.story.storyshot 1","Storyshots Контролы/AutoComplete Мод tags: C:\\projects\\n2o-framework-current-version\\n2o-fr
[...]
t name: `Storyshots UI Компоненты/SearchBar Автоматический поиск: C:\\\\src\\\\n2o-framework\\\\frontend\\\\n2o-framework\\\\src\\\\components\\\\snippets\\\\SearchBar\\\\__snapshots__\\\\SearchBar.story.storyshot 1`\n\n    - Snapshot\n    + Received\n\n    @@ -24,11 +24,11 @@\n                          <div>\n                            <h3>\n                              Поиск запуститься через 400ms после ввода\n                            </h3>\n                            <div>\n    -                         Значение:·\n    +                         Значение:\n                            </div>\n                            <OnClickOutside(defaultProps(withState(withState(withHandlers(lifecycle(SearchBar)))))) onSearch={[Function: onSearch]} eventTypes={{...}} excludeScrollbar={false} outsideClickIgnoreClass=\"ignore-react-onclickoutside\" preventDefault={false} stopPropagation={false} />\n                          </div>\n                        </State>\n                      </Story>\n\n      11 | \n      12 |     if (snapshotFileName) {\n    > 13 |       expect(shallowTree.debug()).toMatchSnapshot(snapshotFileName);\n         |                                   ^\n      14 |     }\n      15 |   },\n      16 | });\n\n      at test (.storybook/storyshots.test.js:13:35)\n      at Object.<anonymous> (../node_modules/@storybook/addon-storyshots/dist/api/snapshotsTestsTemplate.js:35:33)\n\n  ● Storyshots › UI Компоненты/SearchBar › Поиск по нажатию ENTER\n\n    expect(received).toMatchSnapshot(hint)\n\n    Snapshot name: `Storyshots UI Компоненты/SearchBar Поиск по нажатию ENTER: C:\\\\src\\\\n2o-framework\\\\frontend\\\\n2o-framework\\\\src\\\\components\\\\snippets\\\\SearchBar\\\\__snapshots__\\\\SearchBar.story.storyshot 1`\n\n    - Snapshot\n    + Received\n\n    @@ -24,11 +24,11 @@\n                          <div>\n                            <h3>\n                              Поиск запуститься при нажатии ENTER\n                            </h3>\n                            <div>\n    -                         Значение:·\n    +                         Значение:\n                            </div>\n                            <OnClickOutside(defaultProps(withState(withState(withHandlers(lifecycle(SearchBar)))))) trigger=\"ENTER\" onSearch={[Function: onSearch]} eventTypes={{...}} excludeScrollbar={false} outsideClickIgnoreClass=\"ignore-react-onclickoutside\" preventDefault={false} stopPropagation={false} />\n                          </div>\n                        </State>\n                      </Story>\n\n      11 | \n      12 |     if (snapshotFileName) {\n    > 13 |       expect(shallowTree.debug()).toMatchSnapshot(snapshotFileName);\n         |                                   ^\n      14 |     }\n      15 |   },\n      16 | });\n\n      at test (.storybook/storyshots.test.js:13:35)\n      at Object.<anonymous> (../node_modules/@storybook/addon-storyshots/dist/api/snapshotsTestsTemplate.js:35:33)\n\n  ● Storyshots › UI Компоненты/SearchBar › Поиск с кнопкой\n\n    expect(received).toMatchSnapshot(hint)\n\n    Snapshot name: `Storyshots UI Компоненты/SearchBar Поиск с кнопкой: C:\\\\src\\\\n2o-framework\\\\frontend\\\\n2o-framework\\\\src\\\\components\\\\snippets\\\\SearchBar\\\\__snapshots__\\\\SearchBar.story.storyshot 1`\n\n    - Snapshot\n    + Received\n\n    @@ -21,11 +21,11 @@\n                    <div>\n                      <Story info=\"\\n      ~~~js\\n      import SearchBar from \\'n2o/lib/components/snippets/SearchBar/SearchBar\\';\\n      \\n      <SearchBar\\n        trigger=\"BUTTON\"\\n        button={{ label: \\'Искать\\', color: \\'primary\\' }}}\\n        onSearch={onSearch}\\n      />\\n      ~~~\\n      \" context={{...}} showInline={true} showHeader={true} showSource={false} styles={[Function (anonymous)]} propTables={{...}} propTablesExclude={{...}} PropTable={[Function: TableComponent]} components={{...}} maxPropObjectKeys={3} maxPropArrayLength={3} maxPropsIntoLine={3} maxPropStringLength={50} excludedPropTypes={{...}}>\n                        <State store={{...}} parseState={[Function (anonymous)]}>\n                          <div>\n                            <div>\n    -                         Значение:·\n    +                         Значение:\n                            </div>\n                            <OnClickOutside(defaultProps(withState(withState(withHandlers(lifecycle(SearchBar)))))) trigger=\"BUTTON\" button={{...}} onSearch={[Function: onSearch]} eventTypes={{...}} excludeScrollbar={false} outsideClickIgnoreClass=\"ignore-react-onclickoutside\" preventDefault={false} stopPropagation={false} />\n                          </div>\n                        </State>\n                      </Story>\n\n      11 | \n      12 |     if (snapshotFileName) {\n    > 13 |       expect(shallowTree.debug()).toMatchSnapshot(snapshotFileName);\n         |                                   ^\n      14 |     }\n      15 |   },\n      16 | });\n\n      at test (.storybook/storyshots.test.js:13:35)\n      at Object.<anonymous> (../node_modules/@storybook/addon-storyshots/dist/api/snapshotsTestsTemplate.js:35:33)\n\n  ● Storyshots › UI Компоненты/SearchBar › с PopUp\n\n    expect(received).toMatchSnapshot(hint)\n\n    Snapshot name: `Storyshots UI Компоненты/SearchBar с PopUp: C:\\\\src\\\\n2o-framework\\\\frontend\\\\n2o-framework\\\\src\\\\components\\\\snippets\\\\SearchBar\\\\__snapshots__\\\\SearchBar.story.storyshot 1`\n\n    - Snapshot\n    + Received\n\n    @@ -21,11 +21,11 @@\n                    <div>\n                      <Story info=\"\\n      ~~~js\\n      import SearchBar from \\'n2o/lib/components/snippets/SearchBar/SearchBar\\';\\n      \\n      <SearchBar\\n        trigger=\"BUTTON\"\\n        button={{ label: \\'Искать\\', color: \\'primary\\' }}}\\n        onSearch={onSearch}\\n      />\\n      ~~~\\n      \" context={{...}} showInline={true} showHeader={true} showSource={false} styles={[Function (anonymous)]} propTables={{...}} propTablesExclude={{...}} PropTable={[Function: TableComponent]} components={{...}} maxPropObjectKeys={3} maxPropArrayLength={3} maxPropsIntoLine={3} maxPropStringLength={50} excludedPropTypes={{...}}>\n                        <State store={{...}} parseState={[Function (anonymous)]}>\n                          <div>\n                            <div>\n    -                         Значение:·\n    +                         Значение:\n                            </div>\n                            <div style={{...}}>\n                              <BrowserRouter>\n                                <OnClickOutside(defaultProps(withState(withState(withHandlers(lifecycle(SearchBar)))))) onSearch={[Function: onSearch]} menu={{...}} eventTypes={{...}} excludeScrollbar={false} outsideClickIgnoreClass=\"ignore-react-onclickoutside\" preventDefault={false} stopPropagation={false} />\n                              </BrowserRouter>\n\n      11 | \n      12 |     if (snapshotFileName) {\n    > 13 |       expect(shallowTree.debug()).toMatchSnapshot(snapshotFileName);\n         |                                   ^\n      14 |     }\n      15 |   },\n      16 | });\n\n      at test (.storybook/storyshots.test.js:13:35)\n      at Object.<anonymous> (../node_modules/@storybook/addon-storyshots/dist/api/snapshotsTestsTemplate.js:35:33)\n\n  ● Storyshots › UI Компоненты/Спиннеры › Компонент\n\n    expect(received).toMatchSnapshot(hint)\n\n    Snapshot name: `Storyshots UI Компоненты/Спиннеры Компонент: C:\\\\src\\\\n2o-framework\\\\frontend\\\\n2o-framework\\\\src\\\\components\\\\snippets\\\\Spinner\\\\__snapshots__\\\\Spinner.story.storyshot 1`\n\n    - Snapshot\n    + Received\n\n    @@ -18,11 +18,11 @@\n              <withContext(SecurityProvider) authProvider={[Function: _default]} redirectPath=\"/login\">\n                <FactoryProvider config={{...}} securityBlackList={{...}}>\n                  <Connect(ConnectedRouter) history={{...}}>\n                    <div>\n                      <Story info=\"\" context={{...}} showInline={true} showHeader={true} showSource={false} styles={[Function (anonymous)]} propTables={{...}} propTablesExclude={{...}} PropTable={[Function: TableComponent]} components={{...}} maxPropObjectKeys={3} maxPropArrayLength={3} maxPropsIntoLine={3} maxPropStringLength={50} excludedPropTypes={{...}}>\n    -                   <BaseSpinner loading={true} type=\"cover\" text=\"text\" delay={5000} transparent={false} color=\"primary\" minSpinnerTimeToShow={250}>\n    +                   <Spinner loading={true} type=\"cover\" text=\"text\" delay={5000} transparent={false} color=\"primary\" minSpinnerTimeToShow={250}>\n                          <div>\n                            <div style={{...}}>\n                              <pure(Input) />\n                            </div>\n                            <div style={{...}}>\n    @@ -58,11 +58,11 @@\n                                  </Component>\n                                </Component>\n                              </withI18nextTranslation(Table)>\n                            </div>\n                          </div>\n    -                   </BaseSpinner>\n    +                   </Spinner>\n                      </Story>\n                      <Connect(OverlayPages) />\n                    </div>\n                  </Connect(ConnectedRouter)>\n                </FactoryProvider>\n\n      11 | \n      12 |     if (snapshotFileName) {\n    > 13 |       expect(shallowTree.debug()).toMatchSnapshot(snapshotFileName);\n         |                                   ^\n      14 |     }\n      15 |   },\n      16 | });\n\n      at test (.storybook/storyshots.test.js:13:35)\n      at Object.<anonymous> (../node_modules/@storybook/addon-storyshots/dist/api/snapshotsTestsTemplate.js:35:33)\n\n  ● Storyshots › Виджеты/Форма › Ограничение доступа\n\n    expect(received).toMatchSnapshot(hint)\n\n    Snapshot name: `Storyshots Виджеты/Форма Ограничение доступа: C:\\\\src\\\\n2o-framework\\\\frontend\\\\n2o-framework\\\\src\\\\components\\\\widgets\\\\Form\\\\__snapshots__\\\\FormWidget.story.storyshot 1`\n\n    - Snapshot\n    + Received\n\n    @@ -20,11 +20,12 @@\n                  <Connect(ConnectedRouter) history={{...}}>\n                    <div>\n                      <Story info=\"\" context={{...}} showInline={true} showHeader={true} showSource={false} styles={[Function (anonymous)]} propTables={{...}} propTablesExclude={{...}} PropTable={[Function: TableComponent]} components={{...}} maxPropObjectKeys={3} maxPropArrayLength={3} maxPropsIntoLine={3} maxPropStringLength={50} excludedPropTypes={{...}}>\n                        <div>\n                          <small>\n    -                       Введите·\n    +                       Введите\n    + ·······················\n                            <mark>\n                              admin\n                            </mark>\n                            , чтобы увидеть скрытый виджет региона\n                          </small>\n\n      11 | \n      12 |     if (snapshotFileName) {\n    > 13 |       expect(shallowTree.debug()).toMatchSnapshot(snapshotFileName);\n         |                                   ^\n      14 |     }\n      15 |   },\n      16 | });\n\n      at test (.storybook/storyshots.test.js:13:35)\n      at Object.<anonymous> (../node_modules/@storybook/addon-storyshots/dist/api/snapshotsTestsTemplate.js:35:33)\n\n  ● Storyshots › Ячейки/ButtonsCell › Метаданные\n\n    expect(received).toMatchSnapshot(hint)\n\n    Snapshot name: `Storyshots Ячейки/ButtonsCell Метаданные: C:\\\\src\\\\n2o-framework\\\\frontend\\\\n2o-framework\\\\src\\\\components\\\\widgets\\\\Table\\\\cells\\\\ButtonsCell\\\\__snapshots__\\\\ButtonsCell.story.storyshot 1`\n\n    - Snapshot\n    + Received\n\n    @@ -20,11 +20,12 @@\n                  <Connect(ConnectedRouter) history={{...}}>\n                    <div>\n                      <Story info=\"\" context={{...}} showInline={true} showHeader={true} showSource={false} styles={[Function (anonymous)]} propTables={{...}} propTablesExclude={{...}} PropTable={[Function: TableComponent]} components={{...}} maxPropObjectKeys={3} maxPropArrayLength={3} maxPropsIntoLine={3} maxPropStringLength={50} excludedPropTypes={{...}}>\n                        <div>\n                          <small>\n    -                       Введите·\n    +                       Введите\n    + ·······················\n                            <mark>\n                              admin\n                            </mark>\n                            , чтобы увидеть скрытый кнопку в ячейке\n                          </small>\n\n      11 | \n      12 |     if (snapshotFileName) {\n    > 13 |       expect(shallowTree.debug()).toMatchSnapshot(snapshotFileName);\n         |                                   ^\n      14 |     }\n      15 |   },\n      16 | });\n\n      at test (.storybook/storyshots.test.js:13:35)\n      at Object.<anonymous> (../node_modules/@storybook/addon-storyshots/dist/api/snapshotsTestsTemplate.js:35:33)\n\n  ● Storyshots › Виджеты/Таблица › Ограничение доступа\n\n    expect(received).toMatchSnapshot(hint)\n\n    Snapshot name: `Storyshots Виджеты/Таблица Ограничение доступа: C:\\\\src\\\\n2o-framework\\\\frontend\\\\n2o-framework\\\\src\\\\components\\\\widgets\\\\Table\\\\__snapshots__\\\\TableWidget.story.storyshot 1`\n\n    - Snapshot\n    + Received\n\n    @@ -20,11 +20,12 @@\n                  <Connect(ConnectedRouter) history={{...}}>\n                    <div>\n                      <Story info=\"\" context={{...}} showInline={true} showHeader={true} showSource={false} styles={[Function (anonymous)]} propTables={{...}} propTablesExclude={{...}} PropTable={[Function: TableComponent]} components={{...}} maxPropObjectKeys={3} maxPropArrayLength={3} maxPropsIntoLine={3} maxPropStringLength={50} excludedPropTypes={{...}}>\n                        <div>\n                          <small>\n    -                       Введите·\n    +                       Введите\n    + ·······················\n                            <mark>\n                              admin\n                            </mark>\n                            , чтобы увидеть скрытую колонку\n                          </small>\n\n      11 | \n      12 |     if (snapshotFileName) {\n    > 13 |       expect(shallowTree.debug()).toMatchSnapshot(snapshotFileName);\n         |                                   ^\n      14 |     }\n      15 |   },\n      16 | });\n\n      at test (.storybook/storyshots.test.js:13:35)\n      at Object.<anonymous> (../node_modules/@storybook/addon-storyshots/dist/api/snapshotsTestsTemplate.js:35:33)\n\n  ● Storyshots › Ограничение доступа › Аутентификация и авторизация\n\n    expect(received).toMatchSnapshot(hint)\n\n    Snapshot name: `Storyshots Ограничение доступа Аутентификация и авторизация: C:\\\\src\\\\n2o-framework\\\\frontend\\\\n2o-framework\\\\src\\\\core\\\\auth\\\\__snapshots__\\\\Auth.story.storyshot 1`\n\n    - Snapshot\n    + Received\n\n    @@ -18,11 +18,12 @@\n                    <div>\n                      <Story info=\"\" context={{...}} showInline={true} showHeader={true} showSource={false} styles={[Function (anonymous)]} propTables={{...}} propTablesExclude={{...}} PropTable={[Function: TableComponent]} components={{...}} maxPropObjectKeys={3} maxPropArrayLength={3} maxPropsIntoLine={3} maxPropStringLength={50} excludedPropTypes={{...}}>\n                        <div>\n                          <withI18nextTranslation(Connect(AuthButton)) />\n                          <small>\n    -                       Введите·\n    +                       Введите\n    + ·······················\n                            <mark>\n                              admin\n                            </mark>\n                            , чтобы увидеть старницу\n      ·······················\n\n      11 | \n      12 |     if (snapshotFileName) {\n    > 13 |       expect(shallowTree.debug()).toMatchSnapshot(snapshotFileName);\n         |                                   ^\n      14 |     }\n      15 |   },\n      16 | });\n\n      at test (.storybook/storyshots.test.js:13:35)\n      at Object.<anonymous> (../node_modules/@storybook/addon-storyshots/dist/api/snapshotsTestsTemplate.js:35:33)\n\n  ● Storyshots › Ограничение доступа › Использование в N2O\n\n    expect(received).toMatchSnapshot(hint)\n\n    Snapshot name: `Storyshots Ограничение доступа Использование в N2O: C:\\\\src\\\\n2o-framework\\\\frontend\\\\n2o-framework\\\\src\\\\core\\\\auth\\\\__snapshots__\\\\Auth.story.storyshot 1`\n\n    - Snapshot\n    + Received\n\n    @@ -18,11 +18,12 @@\n                    <div>\n                      <Story info=\"\" context={{...}} showInline={true} showHeader={true} showSource={false} styles={[Function (anonymous)]} propTables={{...}} propTablesExclude={{...}} PropTable={[Function: TableComponent]} components={{...}} maxPropObjectKeys={3} maxPropArrayLength={3} maxPropsIntoLine={3} maxPropStringLength={50} excludedPropTypes={{...}}>\n                        <div>\n                          <withI18nextTranslation(Connect(AuthButton)) />\n                          <small>\n    -                       Введите·\n    +                       Введите\n    + ·······················\n                            <mark>\n                              admin\n                            </mark>\n                            , чтобы увидеть скрытый виджет\n                          </small>\n\n      11 | \n      12 |     if (snapshotFileName) {\n    > 13 |       expect(shallowTree.debug()).toMatchSnapshot(snapshotFileName);\n         |                                   ^\n      14 |     }\n      15 |   },\n      16 | });\n\n      at test (.storybook/storyshots.test.js:13:35)\n      at Object.<anonymous> (../node_modules/@storybook/addon-storyshots/dist/api/snapshotsTestsTemplate.js:35:33)\n\n  ● Storyshots › UI Компоненты/Меню слева › Ограничение доступа\n\n    expect(received).toMatchSnapshot(hint)\n\n    Snapshot name: `Storyshots UI Компоненты/Меню слева Ограничение доступа: C:\\\\src\\\\n2o-framework\\\\frontend\\\\n2o-framework\\\\src\\\\plugins\\\\SideBar\\\\__snapshots__\\\\SideBar.story.storyshot 1`\n\n    - Snapshot\n    + Received\n\n    @@ -22,11 +22,12 @@\n                      <Story info=\"\" context={{...}} showInline={true} showHeader={true} showSource={false} styles={[Function (anonymous)]} propTables={{...}} propTablesExclude={{...}} PropTable={[Function: TableComponent]} components={{...}} maxPropObjectKeys={3} maxPropArrayLength={3} maxPropsIntoLine={3} maxPropStringLength={50} excludedPropTypes={{...}}>\n                        <_default>\n                          <getContext(Connect(Security)) brand=\"N2O Framework\" brandImage=\"https://dab1nmslvvntp.cloudfront.net/wp-content/uploads/2018/04/1525068825bootstrap-logo-png-logo-228.png\" className=\"\" visible={true} userBox={{...}} extra={{...}} items={{...}} />\n                          <div style={{...}}>\n                            <small>\n    -                         Введите·\n    +                         Введите\n    + ·························\n                              <mark>\n                                admin\n                              </mark>\n                              , чтобы увидеть скрытый элемент меню\n                            </small>\n\n      11 | \n      12 |     if (snapshotFileName) {\n    > 13 |       expect(shallowTree.debug()).toMatchSnapshot(snapshotFileName);\n         |                                   ^\n      14 |     }\n      15 |   },\n      16 | });\n\n      at test (.storybook/storyshots.test.js:13:35)\n      at Object.<anonymous> (../node_modules/@storybook/addon-storyshots/dist/api/snapshotsTestsTemplate.js:35:33)\n","name":"C:\\src\\n2o-framework\\frontend\\n2o-framework\\.storybook\\storyshots.test.js","startTime":1620834371622,"status":"failed","summary":""}],"wasInterrupted":false}